[ 2015-09-25T21:17:18+08:00 ] 127.0.0.1 /resource/index.php/Admin/Index/message.html
INFO: [ app_init ] --START--
INFO: Run Behavior\BuildLiteBehavior [ RunTime:0.000036s ]
INFO: [ app_init ] --END-- [ RunTime:0.000759s ]
INFO: [ app_begin ] --START--
INFO: Run Behavior\ReadHtmlCacheBehavior [ RunTime:0.000946s ]
INFO: [ app_begin ] --END-- [ RunTime:0.001091s ]
SQL: select aac from resource_manager a left join resource_role b on a.rid = b.id where a.id='1' [ RunTime:0.0007s ]
INFO: [ view_parse ] --START--
INFO: [ template_filter ] --START--
INFO: Run Behavior\ContentReplaceBehavior [ RunTime:0.000107s ]
INFO: [ template_filter ] --END-- [ RunTime:0.000312s ]
INFO: Run Behavior\ParseTemplateBehavior [ RunTime:0.018338s ]
INFO: [ view_parse ] --END-- [ RunTime:0.018474s ]
INFO: [ view_filter ] --START--
INFO: Run Behavior\WriteHtmlCacheBehavior [ RunTime:0.000838s ]
INFO: [ view_filter ] --END-- [ RunTime:0.000953s ]
INFO: [ app_end ] --START--
INFO: Run Behavior\ShowPageTraceBehavior [ RunTime:0.001441s ]
INFO: [ app_end ] --END-- [ RunTime:0.001610s ]

[ 2015-09-25T21:17:18+08:00 ] 127.0.0.1 /resource/index.php/Admin/Index/breadcrumb.html?controller=ImageRecycle&action=index
INFO: [ app_init ] --START--
INFO: Run Behavior\BuildLiteBehavior [ RunTime:0.000045s ]
INFO: [ app_init ] --END-- [ RunTime:0.001022s ]
INFO: [ app_begin ] --START--
INFO: Run Behavior\ReadHtmlCacheBehavior [ RunTime:0.004548s ]
INFO: [ app_begin ] --END-- [ RunTime:0.004725s ]
SQL: select aac from resource_manager a left join resource_role b on a.rid = b.id where a.id='1' [ RunTime:0.0006s ]
ERR: 非法操作:breadcrumb

