[ 2015-08-18T10:52:51+08:00 ] 127.0.0.1 /resource/Admin
INFO: [ app_init ] --START--
INFO: Run Behavior\BuildLiteBehavior [ RunTime:0.001000s ]
INFO: [ app_init ] --END-- [ RunTime:0.001000s ]
INFO: [ app_begin ] --START--
INFO: Run Behavior\ReadHtmlCacheBehavior [ RunTime:0.001000s ]
INFO: [ app_begin ] --END-- [ RunTime:0.002000s ]
INFO: [ view_parse ] --START--
INFO: [ template_filter ] --START--
INFO: Run Behavior\ContentReplaceBehavior [ RunTime:0.001000s ]
INFO: [ template_filter ] --END-- [ RunTime:0.001000s ]
NOTIC: [8] Undefined variable: title D:\files\wamp\www\resource\Application\Runtime\Cache\Admin\b595b808c2ebeeeb0478ffc30bb4e87a.php 第 5 行.
INFO: [ view_parse ] --START--
INFO: [ template_filter ] --START--
INFO: Run Behavior\ContentReplaceBehavior [ RunTime:0.000000s ]
INFO: [ template_filter ] --END-- [ RunTime:-0.007001s ]
INFO: Run Behavior\ParseTemplateBehavior [ RunTime:0.005001s ]
INFO: [ view_parse ] --END-- [ RunTime:0.005001s ]
INFO: [ view_filter ] --START--
INFO: Run Behavior\WriteHtmlCacheBehavior [ RunTime:0.001000s ]
INFO: [ view_filter ] --END-- [ RunTime:0.002000s ]
SQL: SHOW COLUMNS FROM `resource_auth` [ RunTime:0.0260s ]
SQL: SELECT * FROM `resource_auth` WHERE `level` = 0  [ RunTime:0.0000s ]
SQL: SELECT * FROM `resource_auth` WHERE `level` = 1  [ RunTime:0.0000s ]
INFO: [ view_parse ] --START--
INFO: [ template_filter ] --START--
INFO: Run Behavior\ContentReplaceBehavior [ RunTime:0.000000s ]
INFO: [ template_filter ] --END-- [ RunTime:-0.058003s ]
NOTIC: [8] Use of undefined constant pid - assumed 'pid' D:\files\wamp\www\resource\Application\Runtime\Cache\Admin\5f62cf3ecb66a47dcb1a9b7512abfb3d.php 第 10 行.
NOTIC: [8] Use of undefined constant id - assumed 'id' D:\files\wamp\www\resource\Application\Runtime\Cache\Admin\5f62cf3ecb66a47dcb1a9b7512abfb3d.php 第 10 行.
NOTIC: [8] Use of undefined constant pid - assumed 'pid' D:\files\wamp\www\resource\Application\Runtime\Cache\Admin\5f62cf3ecb66a47dcb1a9b7512abfb3d.php 第 10 行.
NOTIC: [8] Use of undefined constant id - assumed 'id' D:\files\wamp\www\resource\Application\Runtime\Cache\Admin\5f62cf3ecb66a47dcb1a9b7512abfb3d.php 第 10 行.
NOTIC: [8] Use of undefined constant pid - assumed 'pid' D:\files\wamp\www\resource\Application\Runtime\Cache\Admin\5f62cf3ecb66a47dcb1a9b7512abfb3d.php 第 10 行.
NOTIC: [8] Use of undefined constant id - assumed 'id' D:\files\wamp\www\resource\Application\Runtime\Cache\Admin\5f62cf3ecb66a47dcb1a9b7512abfb3d.php 第 10 行.
NOTIC: [8] Use of undefined constant pid - assumed 'pid' D:\files\wamp\www\resource\Application\Runtime\Cache\Admin\5f62cf3ecb66a47dcb1a9b7512abfb3d.php 第 10 行.
NOTIC: [8] Use of undefined constant id - assumed 'id' D:\files\wamp\www\resource\Application\Runtime\Cache\Admin\5f62cf3ecb66a47dcb1a9b7512abfb3d.php 第 10 行.
NOTIC: [8] Use of undefined constant pid - assumed 'pid' D:\files\wamp\www\resource\Application\Runtime\Cache\Admin\5f62cf3ecb66a47dcb1a9b7512abfb3d.php 第 10 行.
NOTIC: [8] Use of undefined constant id - assumed 'id' D:\files\wamp\www\resource\Application\Runtime\Cache\Admin\5f62cf3ecb66a47dcb1a9b7512abfb3d.php 第 10 行.
NOTIC: [8] Use of undefined constant pid - assumed 'pid' D:\files\wamp\www\resource\Application\Runtime\Cache\Admin\5f62cf3ecb66a47dcb1a9b7512abfb3d.php 第 10 行.
NOTIC: [8] Use of undefined constant id - assumed 'id' D:\files\wamp\www\resource\Application\Runtime\Cache\Admin\5f62cf3ecb66a47dcb1a9b7512abfb3d.php 第 10 行.
NOTIC: [8] Use of undefined constant pid - assumed 'pid' D:\files\wamp\www\resource\Application\Runtime\Cache\Admin\5f62cf3ecb66a47dcb1a9b7512abfb3d.php 第 10 行.
NOTIC: [8] Use of undefined constant id - assumed 'id' D:\files\wamp\www\resource\Application\Runtime\Cache\Admin\5f62cf3ecb66a47dcb1a9b7512abfb3d.php 第 10 行.
NOTIC: [8] Use of undefined constant pid - assumed 'pid' D:\files\wamp\www\resource\Application\Runtime\Cache\Admin\5f62cf3ecb66a47dcb1a9b7512abfb3d.php 第 10 行.
NOTIC: [8] Use of undefined constant id - assumed 'id' D:\files\wamp\www\resource\Application\Runtime\Cache\Admin\5f62cf3ecb66a47dcb1a9b7512abfb3d.php 第 10 行.
NOTIC: [8] Use of undefined constant pid - assumed 'pid' D:\files\wamp\www\resource\Application\Runtime\Cache\Admin\5f62cf3ecb66a47dcb1a9b7512abfb3d.php 第 10 行.
NOTIC: [8] Use of undefined constant id - assumed 'id' D:\files\wamp\www\resource\Application\Runtime\Cache\Admin\5f62cf3ecb66a47dcb1a9b7512abfb3d.php 第 10 行.
NOTIC: [8] Use of undefined constant pid - assumed 'pid' D:\files\wamp\www\resource\Application\Runtime\Cache\Admin\5f62cf3ecb66a47dcb1a9b7512abfb3d.php 第 10 行.
NOTIC: [8] Use of undefined constant id - assumed 'id' D:\files\wamp\www\resource\Application\Runtime\Cache\Admin\5f62cf3ecb66a47dcb1a9b7512abfb3d.php 第 10 行.
NOTIC: [8] Use of undefined constant pid - assumed 'pid' D:\files\wamp\www\resource\Application\Runtime\Cache\Admin\5f62cf3ecb66a47dcb1a9b7512abfb3d.php 第 10 行.
NOTIC: [8] Use of undefined constant id - assumed 'id' D:\files\wamp\www\resource\Application\Runtime\Cache\Admin\5f62cf3ecb66a47dcb1a9b7512abfb3d.php 第 10 行.
NOTIC: [8] Use of undefined constant pid - assumed 'pid' D:\files\wamp\www\resource\Application\Runtime\Cache\Admin\5f62cf3ecb66a47dcb1a9b7512abfb3d.php 第 10 行.
NOTIC: [8] Use of undefined constant id - assumed 'id' D:\files\wamp\www\resource\Application\Runtime\Cache\Admin\5f62cf3ecb66a47dcb1a9b7512abfb3d.php 第 10 行.
NOTIC: [8] Use of undefined constant pid - assumed 'pid' D:\files\wamp\www\resource\Application\Runtime\Cache\Admin\5f62cf3ecb66a47dcb1a9b7512abfb3d.php 第 10 行.
NOTIC: [8] Use of undefined constant id - assumed 'id' D:\files\wamp\www\resource\Application\Runtime\Cache\Admin\5f62cf3ecb66a47dcb1a9b7512abfb3d.php 第 10 行.
NOTIC: [8] Use of undefined constant pid - assumed 'pid' D:\files\wamp\www\resource\Application\Runtime\Cache\Admin\5f62cf3ecb66a47dcb1a9b7512abfb3d.php 第 10 行.
NOTIC: [8] Use of undefined constant id - assumed 'id' D:\files\wamp\www\resource\Application\Runtime\Cache\Admin\5f62cf3ecb66a47dcb1a9b7512abfb3d.php 第 10 行.
NOTIC: [8] Use of undefined constant pid - assumed 'pid' D:\files\wamp\www\resource\Application\Runtime\Cache\Admin\5f62cf3ecb66a47dcb1a9b7512abfb3d.php 第 10 行.
NOTIC: [8] Use of undefined constant id - assumed 'id' D:\files\wamp\www\resource\Application\Runtime\Cache\Admin\5f62cf3ecb66a47dcb1a9b7512abfb3d.php 第 10 行.
NOTIC: [8] Use of undefined constant pid - assumed 'pid' D:\files\wamp\www\resource\Application\Runtime\Cache\Admin\5f62cf3ecb66a47dcb1a9b7512abfb3d.php 第 10 行.
NOTIC: [8] Use of undefined constant id - assumed 'id' D:\files\wamp\www\resource\Application\Runtime\Cache\Admin\5f62cf3ecb66a47dcb1a9b7512abfb3d.php 第 10 行.
NOTIC: [8] Use of undefined constant pid - assumed 'pid' D:\files\wamp\www\resource\Application\Runtime\Cache\Admin\5f62cf3ecb66a47dcb1a9b7512abfb3d.php 第 10 行.
NOTIC: [8] Use of undefined constant id - assumed 'id' D:\files\wamp\www\resource\Application\Runtime\Cache\Admin\5f62cf3ecb66a47dcb1a9b7512abfb3d.php 第 10 行.
NOTIC: [8] Use of undefined constant pid - assumed 'pid' D:\files\wamp\www\resource\Application\Runtime\Cache\Admin\5f62cf3ecb66a47dcb1a9b7512abfb3d.php 第 10 行.
NOTIC: [8] Use of undefined constant id - assumed 'id' D:\files\wamp\www\resource\Application\Runtime\Cache\Admin\5f62cf3ecb66a47dcb1a9b7512abfb3d.php 第 10 行.
NOTIC: [8] Use of undefined constant pid - assumed 'pid' D:\files\wamp\www\resource\Application\Runtime\Cache\Admin\5f62cf3ecb66a47dcb1a9b7512abfb3d.php 第 10 行.
NOTIC: [8] Use of undefined constant id - assumed 'id' D:\files\wamp\www\resource\Application\Runtime\Cache\Admin\5f62cf3ecb66a47dcb1a9b7512abfb3d.php 第 10 行.
NOTIC: [8] Use of undefined constant pid - assumed 'pid' D:\files\wamp\www\resource\Application\Runtime\Cache\Admin\5f62cf3ecb66a47dcb1a9b7512abfb3d.php 第 10 行.
NOTIC: [8] Use of undefined constant id - assumed 'id' D:\files\wamp\www\resource\Application\Runtime\Cache\Admin\5f62cf3ecb66a47dcb1a9b7512abfb3d.php 第 10 行.
NOTIC: [8] Use of undefined constant pid - assumed 'pid' D:\files\wamp\www\resource\Application\Runtime\Cache\Admin\5f62cf3ecb66a47dcb1a9b7512abfb3d.php 第 10 行.
NOTIC: [8] Use of undefined constant id - assumed 'id' D:\files\wamp\www\resource\Application\Runtime\Cache\Admin\5f62cf3ecb66a47dcb1a9b7512abfb3d.php 第 10 行.
NOTIC: [8] Use of undefined constant pid - assumed 'pid' D:\files\wamp\www\resource\Application\Runtime\Cache\Admin\5f62cf3ecb66a47dcb1a9b7512abfb3d.php 第 10 行.
NOTIC: [8] Use of undefined constant id - assumed 'id' D:\files\wamp\www\resource\Application\Runtime\Cache\Admin\5f62cf3ecb66a47dcb1a9b7512abfb3d.php 第 10 行.
NOTIC: [8] Use of undefined constant pid - assumed 'pid' D:\files\wamp\www\resource\Application\Runtime\Cache\Admin\5f62cf3ecb66a47dcb1a9b7512abfb3d.php 第 10 行.
NOTIC: [8] Use of undefined constant id - assumed 'id' D:\files\wamp\www\resource\Application\Runtime\Cache\Admin\5f62cf3ecb66a47dcb1a9b7512abfb3d.php 第 10 行.
NOTIC: [8] Use of undefined constant pid - assumed 'pid' D:\files\wamp\www\resource\Application\Runtime\Cache\Admin\5f62cf3ecb66a47dcb1a9b7512abfb3d.php 第 10 行.
NOTIC: [8] Use of undefined constant id - assumed 'id' D:\files\wamp\www\resource\Application\Runtime\Cache\Admin\5f62cf3ecb66a47dcb1a9b7512abfb3d.php 第 10 行.
INFO: Run Behavior\ParseTemplateBehavior [ RunTime:0.032002s ]
INFO: [ view_parse ] --END-- [ RunTime:-0.043002s ]
INFO: [ view_filter ] --START--
INFO: Run Behavior\WriteHtmlCacheBehavior [ RunTime:0.000000s ]
INFO: [ view_filter ] --END-- [ RunTime:-0.073004s ]
NOTIC: [2] Division by zero D:\files\wamp\www\resource\Application\Runtime\Cache\Admin\b595b808c2ebeeeb0478ffc30bb4e87a.php 第 150 行.
NOTIC: [8] Undefined variable: link D:\files\wamp\www\resource\Application\Runtime\Cache\Admin\b595b808c2ebeeeb0478ffc30bb4e87a.php 第 169 行.
INFO: Run Behavior\ParseTemplateBehavior [ RunTime:0.033002s ]
INFO: [ view_parse ] --END-- [ RunTime:-0.043002s ]
INFO: [ view_filter ] --START--
INFO: Run Behavior\WriteHtmlCacheBehavior [ RunTime:0.000000s ]
INFO: [ view_filter ] --END-- [ RunTime:-0.074004s ]
INFO: [ app_end ] --START--
INFO: Run Behavior\ShowPageTraceBehavior [ RunTime:0.002000s ]
INFO: [ app_end ] --END-- [ RunTime:0.002000s ]

[ 2015-08-18T10:52:51+08:00 ] 127.0.0.1 /resource/index.php/Admin/Index/message.html
INFO: [ app_init ] --START--
INFO: Run Behavior\BuildLiteBehavior [ RunTime:0.000000s ]
INFO: [ app_init ] --END-- [ RunTime:0.001000s ]
INFO: [ app_begin ] --START--
INFO: Run Behavior\ReadHtmlCacheBehavior [ RunTime:0.002000s ]
INFO: [ app_begin ] --END-- [ RunTime:0.002000s ]
INFO: [ view_parse ] --START--
INFO: [ template_filter ] --START--
INFO: Run Behavior\ContentReplaceBehavior [ RunTime:0.000000s ]
INFO: [ template_filter ] --END-- [ RunTime:0.001000s ]
INFO: Run Behavior\ParseTemplateBehavior [ RunTime:0.015001s ]
INFO: [ view_parse ] --END-- [ RunTime:0.015001s ]
INFO: [ view_filter ] --START--
INFO: Run Behavior\WriteHtmlCacheBehavior [ RunTime:0.001000s ]
INFO: [ view_filter ] --END-- [ RunTime:0.001000s ]
INFO: [ app_end ] --START--
INFO: Run Behavior\ShowPageTraceBehavior [ RunTime:0.001000s ]
INFO: [ app_end ] --END-- [ RunTime:0.002000s ]

[ 2015-08-18T10:52:51+08:00 ] 127.0.0.1 /resource/index.php/Admin/Index/breadcrumb.html?controller=Index&action=index
INFO: [ app_init ] --START--
INFO: Run Behavior\BuildLiteBehavior [ RunTime:0.000000s ]
INFO: [ app_init ] --END-- [ RunTime:0.001000s ]
INFO: [ app_begin ] --START--
INFO: Run Behavior\ReadHtmlCacheBehavior [ RunTime:0.001001s ]
INFO: [ app_begin ] --END-- [ RunTime:0.001001s ]
ERR: 非法操作:breadcrumb

[ 2015-08-18T10:53:20+08:00 ] 127.0.0.1 /resource/index.php/Admin/Auth/index
INFO: [ app_init ] --START--
INFO: Run Behavior\BuildLiteBehavior [ RunTime:0.001000s ]
INFO: [ app_init ] --END-- [ RunTime:0.001000s ]
INFO: [ app_begin ] --START--
INFO: Run Behavior\ReadHtmlCacheBehavior [ RunTime:0.001000s ]
INFO: [ app_begin ] --END-- [ RunTime:0.002000s ]
SQL: SHOW COLUMNS FROM `resource_auth` [ RunTime:0.0030s ]
SQL: SELECT * FROM `resource_auth` WHERE `level` < 2 ORDER BY path asc  [ RunTime:0.0000s ]
INFO: [ view_parse ] --START--
INFO: [ template_filter ] --START--
INFO: Run Behavior\ContentReplaceBehavior [ RunTime:0.000000s ]
INFO: [ template_filter ] --END-- [ RunTime:0.000000s ]
INFO: [ view_parse ] --START--
INFO: [ template_filter ] --START--
INFO: Run Behavior\ContentReplaceBehavior [ RunTime:0.000000s ]
INFO: [ template_filter ] --END-- [ RunTime:-0.007000s ]
INFO: Run Behavior\ParseTemplateBehavior [ RunTime:0.004000s ]
INFO: [ view_parse ] --END-- [ RunTime:0.004000s ]
INFO: [ view_filter ] --START--
INFO: Run Behavior\WriteHtmlCacheBehavior [ RunTime:0.001000s ]
INFO: [ view_filter ] --END-- [ RunTime:0.001000s ]
SQL: SHOW COLUMNS FROM `resource_auth` [ RunTime:0.0030s ]
SQL: SELECT * FROM `resource_auth` WHERE `level` = 0  [ RunTime:0.0010s ]
SQL: SELECT * FROM `resource_auth` WHERE `level` = 1  [ RunTime:0.0010s ]
INFO: [ view_parse ] --START--
INFO: [ template_filter ] --START--
INFO: Run Behavior\ContentReplaceBehavior [ RunTime:0.000000s ]
INFO: [ template_filter ] --END-- [ RunTime:-0.023001s ]
NOTIC: [8] Use of undefined constant pid - assumed 'pid' D:\files\wamp\www\resource\Application\Runtime\Cache\Admin\5f62cf3ecb66a47dcb1a9b7512abfb3d.php 第 10 行.
NOTIC: [8] Use of undefined constant id - assumed 'id' D:\files\wamp\www\resource\Application\Runtime\Cache\Admin\5f62cf3ecb66a47dcb1a9b7512abfb3d.php 第 10 行.
NOTIC: [8] Use of undefined constant pid - assumed 'pid' D:\files\wamp\www\resource\Application\Runtime\Cache\Admin\5f62cf3ecb66a47dcb1a9b7512abfb3d.php 第 10 行.
NOTIC: [8] Use of undefined constant id - assumed 'id' D:\files\wamp\www\resource\Application\Runtime\Cache\Admin\5f62cf3ecb66a47dcb1a9b7512abfb3d.php 第 10 行.
NOTIC: [8] Use of undefined constant pid - assumed 'pid' D:\files\wamp\www\resource\Application\Runtime\Cache\Admin\5f62cf3ecb66a47dcb1a9b7512abfb3d.php 第 10 行.
NOTIC: [8] Use of undefined constant id - assumed 'id' D:\files\wamp\www\resource\Application\Runtime\Cache\Admin\5f62cf3ecb66a47dcb1a9b7512abfb3d.php 第 10 行.
NOTIC: [8] Use of undefined constant pid - assumed 'pid' D:\files\wamp\www\resource\Application\Runtime\Cache\Admin\5f62cf3ecb66a47dcb1a9b7512abfb3d.php 第 10 行.
NOTIC: [8] Use of undefined constant id - assumed 'id' D:\files\wamp\www\resource\Application\Runtime\Cache\Admin\5f62cf3ecb66a47dcb1a9b7512abfb3d.php 第 10 行.
NOTIC: [8] Use of undefined constant pid - assumed 'pid' D:\files\wamp\www\resource\Application\Runtime\Cache\Admin\5f62cf3ecb66a47dcb1a9b7512abfb3d.php 第 10 行.
NOTIC: [8] Use of undefined constant id - assumed 'id' D:\files\wamp\www\resource\Application\Runtime\Cache\Admin\5f62cf3ecb66a47dcb1a9b7512abfb3d.php 第 10 行.
NOTIC: [8] Use of undefined constant pid - assumed 'pid' D:\files\wamp\www\resource\Application\Runtime\Cache\Admin\5f62cf3ecb66a47dcb1a9b7512abfb3d.php 第 10 行.
NOTIC: [8] Use of undefined constant id - assumed 'id' D:\files\wamp\www\resource\Application\Runtime\Cache\Admin\5f62cf3ecb66a47dcb1a9b7512abfb3d.php 第 10 行.
NOTIC: [8] Use of undefined constant pid - assumed 'pid' D:\files\wamp\www\resource\Application\Runtime\Cache\Admin\5f62cf3ecb66a47dcb1a9b7512abfb3d.php 第 10 行.
NOTIC: [8] Use of undefined constant id - assumed 'id' D:\files\wamp\www\resource\Application\Runtime\Cache\Admin\5f62cf3ecb66a47dcb1a9b7512abfb3d.php 第 10 行.
NOTIC: [8] Use of undefined constant pid - assumed 'pid' D:\files\wamp\www\resource\Application\Runtime\Cache\Admin\5f62cf3ecb66a47dcb1a9b7512abfb3d.php 第 10 行.
NOTIC: [8] Use of undefined constant id - assumed 'id' D:\files\wamp\www\resource\Application\Runtime\Cache\Admin\5f62cf3ecb66a47dcb1a9b7512abfb3d.php 第 10 行.
NOTIC: [8] Use of undefined constant pid - assumed 'pid' D:\files\wamp\www\resource\Application\Runtime\Cache\Admin\5f62cf3ecb66a47dcb1a9b7512abfb3d.php 第 10 行.
NOTIC: [8] Use of undefined constant id - assumed 'id' D:\files\wamp\www\resource\Application\Runtime\Cache\Admin\5f62cf3ecb66a47dcb1a9b7512abfb3d.php 第 10 行.
NOTIC: [8] Use of undefined constant pid - assumed 'pid' D:\files\wamp\www\resource\Application\Runtime\Cache\Admin\5f62cf3ecb66a47dcb1a9b7512abfb3d.php 第 10 行.
NOTIC: [8] Use of undefined constant id - assumed 'id' D:\files\wamp\www\resource\Application\Runtime\Cache\Admin\5f62cf3ecb66a47dcb1a9b7512abfb3d.php 第 10 行.
NOTIC: [8] Use of undefined constant pid - assumed 'pid' D:\files\wamp\www\resource\Application\Runtime\Cache\Admin\5f62cf3ecb66a47dcb1a9b7512abfb3d.php 第 10 行.
NOTIC: [8] Use of undefined constant id - assumed 'id' D:\files\wamp\www\resource\Application\Runtime\Cache\Admin\5f62cf3ecb66a47dcb1a9b7512abfb3d.php 第 10 行.
NOTIC: [8] Use of undefined constant pid - assumed 'pid' D:\files\wamp\www\resource\Application\Runtime\Cache\Admin\5f62cf3ecb66a47dcb1a9b7512abfb3d.php 第 10 行.
NOTIC: [8] Use of undefined constant id - assumed 'id' D:\files\wamp\www\resource\Application\Runtime\Cache\Admin\5f62cf3ecb66a47dcb1a9b7512abfb3d.php 第 10 行.
NOTIC: [8] Use of undefined constant pid - assumed 'pid' D:\files\wamp\www\resource\Application\Runtime\Cache\Admin\5f62cf3ecb66a47dcb1a9b7512abfb3d.php 第 10 行.
NOTIC: [8] Use of undefined constant id - assumed 'id' D:\files\wamp\www\resource\Application\Runtime\Cache\Admin\5f62cf3ecb66a47dcb1a9b7512abfb3d.php 第 10 行.
NOTIC: [8] Use of undefined constant pid - assumed 'pid' D:\files\wamp\www\resource\Application\Runtime\Cache\Admin\5f62cf3ecb66a47dcb1a9b7512abfb3d.php 第 10 行.
NOTIC: [8] Use of undefined constant id - assumed 'id' D:\files\wamp\www\resource\Application\Runtime\Cache\Admin\5f62cf3ecb66a47dcb1a9b7512abfb3d.php 第 10 行.
NOTIC: [8] Use of undefined constant pid - assumed 'pid' D:\files\wamp\www\resource\Application\Runtime\Cache\Admin\5f62cf3ecb66a47dcb1a9b7512abfb3d.php 第 10 行.
NOTIC: [8] Use of undefined constant id - assumed 'id' D:\files\wamp\www\resource\Application\Runtime\Cache\Admin\5f62cf3ecb66a47dcb1a9b7512abfb3d.php 第 10 行.
NOTIC: [8] Use of undefined constant pid - assumed 'pid' D:\files\wamp\www\resource\Application\Runtime\Cache\Admin\5f62cf3ecb66a47dcb1a9b7512abfb3d.php 第 10 行.
NOTIC: [8] Use of undefined constant id - assumed 'id' D:\files\wamp\www\resource\Application\Runtime\Cache\Admin\5f62cf3ecb66a47dcb1a9b7512abfb3d.php 第 10 行.
NOTIC: [8] Use of undefined constant pid - assumed 'pid' D:\files\wamp\www\resource\Application\Runtime\Cache\Admin\5f62cf3ecb66a47dcb1a9b7512abfb3d.php 第 10 行.
NOTIC: [8] Use of undefined constant id - assumed 'id' D:\files\wamp\www\resource\Application\Runtime\Cache\Admin\5f62cf3ecb66a47dcb1a9b7512abfb3d.php 第 10 行.
NOTIC: [8] Use of undefined constant pid - assumed 'pid' D:\files\wamp\www\resource\Application\Runtime\Cache\Admin\5f62cf3ecb66a47dcb1a9b7512abfb3d.php 第 10 行.
NOTIC: [8] Use of undefined constant id - assumed 'id' D:\files\wamp\www\resource\Application\Runtime\Cache\Admin\5f62cf3ecb66a47dcb1a9b7512abfb3d.php 第 10 行.
NOTIC: [8] Use of undefined constant pid - assumed 'pid' D:\files\wamp\www\resource\Application\Runtime\Cache\Admin\5f62cf3ecb66a47dcb1a9b7512abfb3d.php 第 10 行.
NOTIC: [8] Use of undefined constant id - assumed 'id' D:\files\wamp\www\resource\Application\Runtime\Cache\Admin\5f62cf3ecb66a47dcb1a9b7512abfb3d.php 第 10 行.
NOTIC: [8] Use of undefined constant pid - assumed 'pid' D:\files\wamp\www\resource\Application\Runtime\Cache\Admin\5f62cf3ecb66a47dcb1a9b7512abfb3d.php 第 10 行.
NOTIC: [8] Use of undefined constant id - assumed 'id' D:\files\wamp\www\resource\Application\Runtime\Cache\Admin\5f62cf3ecb66a47dcb1a9b7512abfb3d.php 第 10 行.
NOTIC: [8] Use of undefined constant pid - assumed 'pid' D:\files\wamp\www\resource\Application\Runtime\Cache\Admin\5f62cf3ecb66a47dcb1a9b7512abfb3d.php 第 10 行.
NOTIC: [8] Use of undefined constant id - assumed 'id' D:\files\wamp\www\resource\Application\Runtime\Cache\Admin\5f62cf3ecb66a47dcb1a9b7512abfb3d.php 第 10 行.
NOTIC: [8] Use of undefined constant pid - assumed 'pid' D:\files\wamp\www\resource\Application\Runtime\Cache\Admin\5f62cf3ecb66a47dcb1a9b7512abfb3d.php 第 10 行.
NOTIC: [8] Use of undefined constant id - assumed 'id' D:\files\wamp\www\resource\Application\Runtime\Cache\Admin\5f62cf3ecb66a47dcb1a9b7512abfb3d.php 第 10 行.
NOTIC: [8] Use of undefined constant pid - assumed 'pid' D:\files\wamp\www\resource\Application\Runtime\Cache\Admin\5f62cf3ecb66a47dcb1a9b7512abfb3d.php 第 10 行.
NOTIC: [8] Use of undefined constant id - assumed 'id' D:\files\wamp\www\resource\Application\Runtime\Cache\Admin\5f62cf3ecb66a47dcb1a9b7512abfb3d.php 第 10 行.
NOTIC: [8] Use of undefined constant pid - assumed 'pid' D:\files\wamp\www\resource\Application\Runtime\Cache\Admin\5f62cf3ecb66a47dcb1a9b7512abfb3d.php 第 10 行.
NOTIC: [8] Use of undefined constant id - assumed 'id' D:\files\wamp\www\resource\Application\Runtime\Cache\Admin\5f62cf3ecb66a47dcb1a9b7512abfb3d.php 第 10 行.
INFO: Run Behavior\ParseTemplateBehavior [ RunTime:0.012000s ]
INFO: [ view_parse ] --END-- [ RunTime:-0.008001s ]
INFO: [ view_filter ] --START--
INFO: Run Behavior\WriteHtmlCacheBehavior [ RunTime:0.000000s ]
INFO: [ view_filter ] --END-- [ RunTime:-0.019001s ]
NOTIC: [2] Division by zero D:\files\wamp\www\resource\Application\Runtime\Cache\Admin\7037a8d5a64fd30b57d5fa54024ea286.php 第 151 行.
NOTIC: [8] Undefined variable: link D:\files\wamp\www\resource\Application\Runtime\Cache\Admin\7037a8d5a64fd30b57d5fa54024ea286.php 第 170 行.
NOTIC: [8] Undefined index: mess D:\files\wamp\www\resource\Application\Runtime\Cache\Admin\7037a8d5a64fd30b57d5fa54024ea286.php 第 237 行.
NOTIC: [8] Use of undefined constant id - assumed 'id' D:\files\wamp\www\resource\Application\Runtime\Cache\Admin\7037a8d5a64fd30b57d5fa54024ea286.php 第 257 行.
NOTIC: [8] Use of undefined constant id - assumed 'id' D:\files\wamp\www\resource\Application\Runtime\Cache\Admin\7037a8d5a64fd30b57d5fa54024ea286.php 第 258 行.
NOTIC: [8] Use of undefined constant id - assumed 'id' D:\files\wamp\www\resource\Application\Runtime\Cache\Admin\7037a8d5a64fd30b57d5fa54024ea286.php 第 257 行.
NOTIC: [8] Use of undefined constant id - assumed 'id' D:\files\wamp\www\resource\Application\Runtime\Cache\Admin\7037a8d5a64fd30b57d5fa54024ea286.php 第 258 行.
NOTIC: [8] Use of undefined constant id - assumed 'id' D:\files\wamp\www\resource\Application\Runtime\Cache\Admin\7037a8d5a64fd30b57d5fa54024ea286.php 第 259 行.
NOTIC: [8] Use of undefined constant id - assumed 'id' D:\files\wamp\www\resource\Application\Runtime\Cache\Admin\7037a8d5a64fd30b57d5fa54024ea286.php 第 257 行.
NOTIC: [8] Use of undefined constant id - assumed 'id' D:\files\wamp\www\resource\Application\Runtime\Cache\Admin\7037a8d5a64fd30b57d5fa54024ea286.php 第 258 行.
NOTIC: [8] Use of undefined constant id - assumed 'id' D:\files\wamp\www\resource\Application\Runtime\Cache\Admin\7037a8d5a64fd30b57d5fa54024ea286.php 第 257 行.
NOTIC: [8] Use of undefined constant id - assumed 'id' D:\files\wamp\www\resource\Application\Runtime\Cache\Admin\7037a8d5a64fd30b57d5fa54024ea286.php 第 258 行.
NOTIC: [8] Use of undefined constant id - assumed 'id' D:\files\wamp\www\resource\Application\Runtime\Cache\Admin\7037a8d5a64fd30b57d5fa54024ea286.php 第 259 行.
NOTIC: [8] Use of undefined constant id - assumed 'id' D:\files\wamp\www\resource\Application\Runtime\Cache\Admin\7037a8d5a64fd30b57d5fa54024ea286.php 第 257 行.
NOTIC: [8] Use of undefined constant id - assumed 'id' D:\files\wamp\www\resource\Application\Runtime\Cache\Admin\7037a8d5a64fd30b57d5fa54024ea286.php 第 258 行.
NOTIC: [8] Use of undefined constant id - assumed 'id' D:\files\wamp\www\resource\Application\Runtime\Cache\Admin\7037a8d5a64fd30b57d5fa54024ea286.php 第 259 行.
NOTIC: [8] Use of undefined constant id - assumed 'id' D:\files\wamp\www\resource\Application\Runtime\Cache\Admin\7037a8d5a64fd30b57d5fa54024ea286.php 第 257 行.
NOTIC: [8] Use of undefined constant id - assumed 'id' D:\files\wamp\www\resource\Application\Runtime\Cache\Admin\7037a8d5a64fd30b57d5fa54024ea286.php 第 258 行.
NOTIC: [8] Use of undefined constant id - assumed 'id' D:\files\wamp\www\resource\Application\Runtime\Cache\Admin\7037a8d5a64fd30b57d5fa54024ea286.php 第 259 行.
NOTIC: [8] Use of undefined constant id - assumed 'id' D:\files\wamp\www\resource\Application\Runtime\Cache\Admin\7037a8d5a64fd30b57d5fa54024ea286.php 第 257 行.
NOTIC: [8] Use of undefined constant id - assumed 'id' D:\files\wamp\www\resource\Application\Runtime\Cache\Admin\7037a8d5a64fd30b57d5fa54024ea286.php 第 258 行.
NOTIC: [8] Use of undefined constant id - assumed 'id' D:\files\wamp\www\resource\Application\Runtime\Cache\Admin\7037a8d5a64fd30b57d5fa54024ea286.php 第 259 行.
NOTIC: [8] Use of undefined constant id - assumed 'id' D:\files\wamp\www\resource\Application\Runtime\Cache\Admin\7037a8d5a64fd30b57d5fa54024ea286.php 第 257 行.
NOTIC: [8] Use of undefined constant id - assumed 'id' D:\files\wamp\www\resource\Application\Runtime\Cache\Admin\7037a8d5a64fd30b57d5fa54024ea286.php 第 258 行.
NOTIC: [8] Use of undefined constant id - assumed 'id' D:\files\wamp\www\resource\Application\Runtime\Cache\Admin\7037a8d5a64fd30b57d5fa54024ea286.php 第 259 行.
NOTIC: [8] Use of undefined constant id - assumed 'id' D:\files\wamp\www\resource\Application\Runtime\Cache\Admin\7037a8d5a64fd30b57d5fa54024ea286.php 第 257 行.
NOTIC: [8] Use of undefined constant id - assumed 'id' D:\files\wamp\www\resource\Application\Runtime\Cache\Admin\7037a8d5a64fd30b57d5fa54024ea286.php 第 258 行.
NOTIC: [8] Use of undefined constant id - assumed 'id' D:\files\wamp\www\resource\Application\Runtime\Cache\Admin\7037a8d5a64fd30b57d5fa54024ea286.php 第 259 行.
NOTIC: [8] Use of undefined constant id - assumed 'id' D:\files\wamp\www\resource\Application\Runtime\Cache\Admin\7037a8d5a64fd30b57d5fa54024ea286.php 第 257 行.
NOTIC: [8] Use of undefined constant id - assumed 'id' D:\files\wamp\www\resource\Application\Runtime\Cache\Admin\7037a8d5a64fd30b57d5fa54024ea286.php 第 258 行.
NOTIC: [8] Use of undefined constant id - assumed 'id' D:\files\wamp\www\resource\Application\Runtime\Cache\Admin\7037a8d5a64fd30b57d5fa54024ea286.php 第 259 行.
NOTIC: [8] Use of undefined constant id - assumed 'id' D:\files\wamp\www\resource\Application\Runtime\Cache\Admin\7037a8d5a64fd30b57d5fa54024ea286.php 第 257 行.
NOTIC: [8] Use of undefined constant id - assumed 'id' D:\files\wamp\www\resource\Application\Runtime\Cache\Admin\7037a8d5a64fd30b57d5fa54024ea286.php 第 258 行.
NOTIC: [8] Use of undefined constant id - assumed 'id' D:\files\wamp\www\resource\Application\Runtime\Cache\Admin\7037a8d5a64fd30b57d5fa54024ea286.php 第 259 行.
NOTIC: [8] Undefined variable: count D:\files\wamp\www\resource\Application\Runtime\Cache\Admin\7037a8d5a64fd30b57d5fa54024ea286.php 第 262 行.
NOTIC: [8] Undefined variable: count D:\files\wamp\www\resource\Application\Runtime\Cache\Admin\7037a8d5a64fd30b57d5fa54024ea286.php 第 262 行.
NOTIC: [8] Undefined variable: page D:\files\wamp\www\resource\Application\Runtime\Cache\Admin\7037a8d5a64fd30b57d5fa54024ea286.php 第 262 行.
INFO: Run Behavior\ParseTemplateBehavior [ RunTime:0.022001s ]
INFO: [ view_parse ] --END-- [ RunTime:-0.008001s ]
INFO: [ view_filter ] --START--
INFO: Run Behavior\WriteHtmlCacheBehavior [ RunTime:0.000000s ]
INFO: [ view_filter ] --END-- [ RunTime:-0.029002s ]
INFO: [ app_end ] --START--
INFO: Run Behavior\ShowPageTraceBehavior [ RunTime:0.001000s ]
INFO: [ app_end ] --END-- [ RunTime:0.001000s ]

[ 2015-08-18T10:53:20+08:00 ] 127.0.0.1 /resource/index.php/Admin/Index/message.html
INFO: [ app_init ] --START--
INFO: Run Behavior\BuildLiteBehavior [ RunTime:0.000000s ]
INFO: [ app_init ] --END-- [ RunTime:0.001000s ]
INFO: [ app_begin ] --START--
INFO: Run Behavior\ReadHtmlCacheBehavior [ RunTime:0.002000s ]
INFO: [ app_begin ] --END-- [ RunTime:0.002000s ]
INFO: [ view_parse ] --START--
INFO: [ template_filter ] --START--
INFO: Run Behavior\ContentReplaceBehavior [ RunTime:0.000000s ]
INFO: [ template_filter ] --END-- [ RunTime:0.000000s ]
INFO: Run Behavior\ParseTemplateBehavior [ RunTime:0.013000s ]
INFO: [ view_parse ] --END-- [ RunTime:0.014000s ]
INFO: [ view_filter ] --START--
INFO: Run Behavior\WriteHtmlCacheBehavior [ RunTime:0.002001s ]
INFO: [ view_filter ] --END-- [ RunTime:0.002001s ]
INFO: [ app_end ] --START--
INFO: Run Behavior\ShowPageTraceBehavior [ RunTime:0.001000s ]
INFO: [ app_end ] --END-- [ RunTime:0.001000s ]

[ 2015-08-18T10:53:20+08:00 ] 127.0.0.1 /resource/index.php/Admin/Index/breadcrumb.html?controller=Auth&action=index
INFO: [ app_init ] --START--
INFO: Run Behavior\BuildLiteBehavior [ RunTime:0.000000s ]
INFO: [ app_init ] --END-- [ RunTime:0.001000s ]
INFO: [ app_begin ] --START--
INFO: Run Behavior\ReadHtmlCacheBehavior [ RunTime:0.001000s ]
INFO: [ app_begin ] --END-- [ RunTime:0.002000s ]
ERR: 非法操作:breadcrumb

