[ 2015-09-14T20:38:12+08:00 ] 127.0.0.1 /resource/
INFO: [ app_init ] --START--
INFO: Run Behavior\BuildLiteBehavior [ RunTime:0.000040s ]
INFO: [ app_init ] --END-- [ RunTime:0.000975s ]
INFO: [ app_begin ] --START--
INFO: Run Behavior\ReadHtmlCacheBehavior [ RunTime:0.001727s ]
INFO: [ app_begin ] --END-- [ RunTime:0.001913s ]
INFO: [ view_parse ] --START--
INFO: [ template_filter ] --START--
INFO: Run Behavior\ContentReplaceBehavior [ RunTime:0.000333s ]
INFO: [ template_filter ] --END-- [ RunTime:0.000589s ]
NOTIC: [8] Undefined variable: title D:\files\wamp\www\resource\Application\Runtime\Cache\Home\2a94b8bda04ff446dcedd42276fc99ee.php 第 7 行.
NOTIC: [8] Undefined variable: src D:\files\wamp\www\resource\Application\Runtime\Cache\Home\2a94b8bda04ff446dcedd42276fc99ee.php 第 213 行.
NOTIC: [8] Undefined variable: user D:\files\wamp\www\resource\Application\Runtime\Cache\Home\2a94b8bda04ff446dcedd42276fc99ee.php 第 220 行.
NOTIC: [8] Undefined variable: vlist D:\files\wamp\www\resource\Application\Runtime\Cache\Home\2a94b8bda04ff446dcedd42276fc99ee.php 第 345 行.
NOTIC: [8] Undefined variable: newslist D:\files\wamp\www\resource\Application\Runtime\Cache\Home\2a94b8bda04ff446dcedd42276fc99ee.php 第 362 行.
INFO: Run Behavior\ParseTemplateBehavior [ RunTime:0.235454s ]
INFO: [ view_parse ] --END-- [ RunTime:0.235634s ]
INFO: [ view_filter ] --START--
INFO: Run Behavior\WriteHtmlCacheBehavior [ RunTime:0.001050s ]
INFO: [ view_filter ] --END-- [ RunTime:0.001202s ]
INFO: [ app_end ] --START--
INFO: Run Behavior\ShowPageTraceBehavior [ RunTime:0.001594s ]
INFO: [ app_end ] --END-- [ RunTime:0.001861s ]

[ 2015-09-14T20:38:15+08:00 ] 127.0.0.1 /resource/index.php/Home/Mydong/friend.html
INFO: [ app_init ] --START--
INFO: Run Behavior\BuildLiteBehavior [ RunTime:0.000039s ]
INFO: [ app_init ] --END-- [ RunTime:0.000781s ]
INFO: [ app_begin ] --START--
INFO: Run Behavior\ReadHtmlCacheBehavior [ RunTime:0.001287s ]
INFO: [ app_begin ] --END-- [ RunTime:0.001442s ]
ERR: 无法加载控制器:Mydong

[ 2015-09-14T20:40:11+08:00 ] 127.0.0.1 /resource/
INFO: [ app_init ] --START--
INFO: Run Behavior\BuildLiteBehavior [ RunTime:0.000039s ]
INFO: [ app_init ] --END-- [ RunTime:0.001020s ]
INFO: [ app_begin ] --START--
INFO: Run Behavior\ReadHtmlCacheBehavior [ RunTime:0.001574s ]
INFO: [ app_begin ] --END-- [ RunTime:0.001807s ]
INFO: [ view_parse ] --START--
INFO: [ template_filter ] --START--
INFO: Run Behavior\ContentReplaceBehavior [ RunTime:0.000296s ]
INFO: [ template_filter ] --END-- [ RunTime:0.000470s ]
NOTIC: [8] Undefined variable: title D:\files\wamp\www\resource\Application\Runtime\Cache\Home\2a94b8bda04ff446dcedd42276fc99ee.php 第 7 行.
NOTIC: [8] Undefined variable: src D:\files\wamp\www\resource\Application\Runtime\Cache\Home\2a94b8bda04ff446dcedd42276fc99ee.php 第 213 行.
NOTIC: [8] Undefined variable: user D:\files\wamp\www\resource\Application\Runtime\Cache\Home\2a94b8bda04ff446dcedd42276fc99ee.php 第 220 行.
NOTIC: [8] Undefined variable: vlist D:\files\wamp\www\resource\Application\Runtime\Cache\Home\2a94b8bda04ff446dcedd42276fc99ee.php 第 345 行.
NOTIC: [8] Undefined variable: newslist D:\files\wamp\www\resource\Application\Runtime\Cache\Home\2a94b8bda04ff446dcedd42276fc99ee.php 第 362 行.
INFO: Run Behavior\ParseTemplateBehavior [ RunTime:0.104286s ]
INFO: [ view_parse ] --END-- [ RunTime:0.104475s ]
INFO: [ view_filter ] --START--
INFO: Run Behavior\WriteHtmlCacheBehavior [ RunTime:0.001373s ]
INFO: [ view_filter ] --END-- [ RunTime:0.001883s ]
INFO: [ app_end ] --START--
INFO: Run Behavior\ShowPageTraceBehavior [ RunTime:0.003829s ]
INFO: [ app_end ] --END-- [ RunTime:0.003989s ]

[ 2015-09-14T20:40:11+08:00 ] 127.0.0.1 /resource/index.php/Home/Mydong/friend.html
INFO: [ app_init ] --START--
INFO: Run Behavior\BuildLiteBehavior [ RunTime:0.000037s ]
INFO: [ app_init ] --END-- [ RunTime:0.000852s ]
INFO: [ app_begin ] --START--
INFO: Run Behavior\ReadHtmlCacheBehavior [ RunTime:0.005377s ]
INFO: [ app_begin ] --END-- [ RunTime:0.005544s ]
ERR: 无法加载控制器:Mydong

