[ 2015-09-24T20:43:50+08:00 ] 127.0.0.1 /resource/
INFO: [ app_init ] --START--
INFO: Run Behavior\BuildLiteBehavior [ RunTime:0.000044s ]
INFO: [ app_init ] --END-- [ RunTime:0.089585s ]
INFO: [ app_begin ] --START--
INFO: Run Behavior\ReadHtmlCacheBehavior [ RunTime:0.025398s ]
INFO: [ app_begin ] --END-- [ RunTime:0.025597s ]
SQL: SHOW COLUMNS FROM `resource_business_logic` [ RunTime:0.4456s ]
SQL: SELECT * FROM `resource_business_logic` LIMIT 1   [ RunTime:0.0226s ]
INFO: [ view_parse ] --START--
INFO: [ template_filter ] --START--
INFO: Run Behavior\ContentReplaceBehavior [ RunTime:0.000105s ]
INFO: [ template_filter ] --END-- [ RunTime:0.000290s ]
NOTIC: [8] Undefined variable: title D:\files\wamp\www\resource\Application\Runtime\Cache\Home\2a94b8bda04ff446dcedd42276fc99ee.php 第 7 行.
SQL: SHOW COLUMNS FROM `resource_categorys` [ RunTime:0.2315s ]
SQL: SELECT * FROM `resource_categorys` WHERE `pid` = 0  [ RunTime:0.0263s ]
INFO: [ view_parse ] --START--
INFO: [ template_filter ] --START--
INFO: Run Behavior\ContentReplaceBehavior [ RunTime:0.000104s ]
INFO: [ template_filter ] --END-- [ RunTime:-0.366161s ]
INFO: Run Behavior\ParseTemplateBehavior [ RunTime:0.007128s ]
INFO: [ view_parse ] --END-- [ RunTime:0.007422s ]
INFO: [ view_filter ] --START--
INFO: Run Behavior\WriteHtmlCacheBehavior [ RunTime:0.032212s ]
INFO: [ view_filter ] --END-- [ RunTime:0.032480s ]
NOTIC: [8] Use of undefined constant image - assumed 'image' D:\files\wamp\www\resource\Application\Runtime\Cache\Home\2a94b8bda04ff446dcedd42276fc99ee.php 第 31 行.
INFO: Run Behavior\ParseTemplateBehavior [ RunTime:0.041087s ]
INFO: [ view_parse ] --END-- [ RunTime:0.007422s ]
INFO: [ view_filter ] --START--
INFO: Run Behavior\WriteHtmlCacheBehavior [ RunTime:0.000034s ]
INFO: [ view_filter ] --END-- [ RunTime:-0.000810s ]
INFO: [ app_end ] --START--
INFO: Run Behavior\ShowPageTraceBehavior [ RunTime:0.021830s ]
INFO: [ app_end ] --END-- [ RunTime:0.021990s ]

