[ 2015-10-13T20:26:20+08:00 ] 127.0.0.1 /resource/
INFO: [ app_init ] --START--
INFO: Run Behavior\BuildLiteBehavior [ RunTime:0.000089s ]
INFO: [ app_init ] --END-- [ RunTime:0.051247s ]
INFO: [ app_begin ] --START--
INFO: Run Behavior\ReadHtmlCacheBehavior [ RunTime:0.015784s ]
INFO: [ app_begin ] --END-- [ RunTime:0.016154s ]
SQL: SHOW COLUMNS FROM `resource_business_logic` [ RunTime:0.0874s ]
SQL: SELECT * FROM `resource_business_logic` LIMIT 1   [ RunTime:0.0113s ]
INFO: [ view_parse ] --START--
INFO: [ template_filter ] --START--
INFO: Run Behavior\ContentReplaceBehavior [ RunTime:0.000196s ]
INFO: [ template_filter ] --END-- [ RunTime:0.000544s ]
NOTIC: [8] Undefined variable: title D:\files\wamp\www\resource\Application\Runtime\Cache\Home\2a94b8bda04ff446dcedd42276fc99ee.php 第 7 行.
SQL: SHOW COLUMNS FROM `resource_categorys` [ RunTime:0.0698s ]
SQL: SELECT * FROM `resource_categorys` WHERE `pid` = 0  [ RunTime:0.0634s ]
INFO: [ view_parse ] --START--
INFO: [ template_filter ] --START--
INFO: Run Behavior\ContentReplaceBehavior [ RunTime:0.000142s ]
INFO: [ template_filter ] --END-- [ RunTime:-0.257050s ]
INFO: Run Behavior\ParseTemplateBehavior [ RunTime:0.011613s ]
INFO: [ view_parse ] --END-- [ RunTime:0.012023s ]
INFO: [ view_filter ] --START--
INFO: Run Behavior\WriteHtmlCacheBehavior [ RunTime:0.043080s ]
INFO: [ view_filter ] --END-- [ RunTime:0.043500s ]
NOTIC: [8] Undefined index: user D:\files\wamp\www\resource\Application\Runtime\Cache\Home\2a94b8bda04ff446dcedd42276fc99ee.php 第 24 行.
NOTIC: [8] Use of undefined constant image - assumed 'image' D:\files\wamp\www\resource\Application\Runtime\Cache\Home\2a94b8bda04ff446dcedd42276fc99ee.php 第 58 行.
INFO: Run Behavior\ParseTemplateBehavior [ RunTime:0.057396s ]
INFO: [ view_parse ] --END-- [ RunTime:0.012023s ]
INFO: [ view_filter ] --START--
INFO: Run Behavior\WriteHtmlCacheBehavior [ RunTime:0.000067s ]
INFO: [ view_filter ] --END-- [ RunTime:-0.002156s ]
INFO: [ app_end ] --START--
INFO: Run Behavior\ShowPageTraceBehavior [ RunTime:0.046347s ]
INFO: [ app_end ] --END-- [ RunTime:0.046631s ]

[ 2015-10-13T20:36:53+08:00 ] 127.0.0.1 /resource/index.php/Home/User/index.html
INFO: [ app_init ] --START--
INFO: Run Behavior\BuildLiteBehavior [ RunTime:0.000036s ]
INFO: [ app_init ] --END-- [ RunTime:0.000789s ]
INFO: [ app_begin ] --START--
INFO: Run Behavior\ReadHtmlCacheBehavior [ RunTime:0.001217s ]
INFO: [ app_begin ] --END-- [ RunTime:0.001379s ]
NOTIC: [8] Undefined index: user D:\files\wamp\www\resource\Application\Home\Controller\BaseController.class.php 第 15 行.
INFO: [ view_parse ] --START--
INFO: [ template_filter ] --START--
INFO: Run Behavior\ContentReplaceBehavior [ RunTime:0.000457s ]
INFO: [ template_filter ] --END-- [ RunTime:0.000897s ]
INFO: Run Behavior\ParseTemplateBehavior [ RunTime:0.043982s ]
INFO: [ view_parse ] --END-- [ RunTime:0.044247s ]
INFO: [ view_filter ] --START--
INFO: Run Behavior\WriteHtmlCacheBehavior [ RunTime:0.000836s ]
INFO: [ view_filter ] --END-- [ RunTime:0.001004s ]
INFO: [ view_parse ] --START--
INFO: [ template_filter ] --START--
INFO: Run Behavior\ContentReplaceBehavior [ RunTime:0.000125s ]
INFO: [ template_filter ] --END-- [ RunTime:-0.018321s ]
NOTIC: [8] Undefined variable: title D:\files\wamp\www\resource\Application\Runtime\Cache\Home\6830cbac89ff06451c77cd8769d6d4ca.php 第 7 行.
SQL: SHOW COLUMNS FROM `resource_categorys` [ RunTime:0.0071s ]
SQL: SELECT * FROM `resource_categorys` WHERE `pid` = 0  [ RunTime:0.0008s ]
INFO: [ view_parse ] --START--
INFO: [ template_filter ] --START--
INFO: Run Behavior\ContentReplaceBehavior [ RunTime:0.000100s ]
INFO: [ template_filter ] --END-- [ RunTime:-0.066908s ]
INFO: Run Behavior\ParseTemplateBehavior [ RunTime:0.006624s ]
INFO: [ view_parse ] --END-- [ RunTime:-0.059462s ]
INFO: [ view_filter ] --START--
INFO: Run Behavior\WriteHtmlCacheBehavior [ RunTime:0.000059s ]
INFO: [ view_filter ] --END-- [ RunTime:-0.065436s ]
NOTIC: [8] Undefined index: user D:\files\wamp\www\resource\Application\Runtime\Cache\Home\6830cbac89ff06451c77cd8769d6d4ca.php 第 24 行.
INFO: Run Behavior\ParseTemplateBehavior [ RunTime:0.008450s ]
INFO: [ view_parse ] --END-- [ RunTime:-0.059462s ]
INFO: [ view_filter ] --START--
INFO: Run Behavior\WriteHtmlCacheBehavior [ RunTime:0.000040s ]
INFO: [ view_filter ] --END-- [ RunTime:-0.067124s ]
INFO: [ app_end ] --START--
INFO: Run Behavior\ShowPageTraceBehavior [ RunTime:0.001461s ]
INFO: [ app_end ] --END-- [ RunTime:0.001629s ]

[ 2015-10-13T20:37:02+08:00 ] 127.0.0.1 /resource/index.php/Home/Login/checkLogin.html
INFO: [ app_init ] --START--
INFO: Run Behavior\BuildLiteBehavior [ RunTime:0.000038s ]
INFO: [ app_init ] --END-- [ RunTime:0.000687s ]
INFO: [ app_begin ] --START--
INFO: Run Behavior\ReadHtmlCacheBehavior [ RunTime:0.000867s ]
INFO: [ app_begin ] --END-- [ RunTime:0.001023s ]
SQL: SHOW COLUMNS FROM `resource_user` [ RunTime:0.6436s ]
NOTIC: [8] Undefined variable: username D:\files\wamp\www\resource\Application\Home\Controller\LoginController.class.php 第 22 行.
SQL: SELECT `id`,`username`,`password` FROM `resource_user` WHERE `username` = 'apeng' LIMIT 1   [ RunTime:0.0012s ]

[ 2015-10-13T20:37:02+08:00 ] 127.0.0.1 /resource/index.php/Home/Index/index.html
INFO: [ app_init ] --START--
INFO: Run Behavior\BuildLiteBehavior [ RunTime:0.000036s ]
INFO: [ app_init ] --END-- [ RunTime:0.000747s ]
INFO: [ app_begin ] --START--
INFO: Run Behavior\ReadHtmlCacheBehavior [ RunTime:0.000840s ]
INFO: [ app_begin ] --END-- [ RunTime:0.000983s ]
SQL: SHOW COLUMNS FROM `resource_business_logic` [ RunTime:0.0049s ]
SQL: SELECT * FROM `resource_business_logic` LIMIT 1   [ RunTime:0.0008s ]
INFO: [ view_parse ] --START--
INFO: [ template_filter ] --START--
INFO: Run Behavior\ContentReplaceBehavior [ RunTime:0.000100s ]
INFO: [ template_filter ] --END-- [ RunTime:0.000256s ]
NOTIC: [8] Undefined variable: title D:\files\wamp\www\resource\Application\Runtime\Cache\Home\2a94b8bda04ff446dcedd42276fc99ee.php 第 7 行.
SQL: SHOW COLUMNS FROM `resource_categorys` [ RunTime:0.0047s ]
SQL: SELECT * FROM `resource_categorys` WHERE `pid` = 0  [ RunTime:0.0006s ]
INFO: [ view_parse ] --START--
INFO: [ template_filter ] --START--
INFO: Run Behavior\ContentReplaceBehavior [ RunTime:0.000064s ]
INFO: [ template_filter ] --END-- [ RunTime:-0.013105s ]
INFO: Run Behavior\ParseTemplateBehavior [ RunTime:0.004873s ]
INFO: [ view_parse ] --END-- [ RunTime:0.005059s ]
INFO: [ view_filter ] --START--
INFO: Run Behavior\WriteHtmlCacheBehavior [ RunTime:0.000630s ]
INFO: [ view_filter ] --END-- [ RunTime:0.000794s ]
NOTIC: [8] Use of undefined constant image - assumed 'image' D:\files\wamp\www\resource\Application\Runtime\Cache\Home\2a94b8bda04ff446dcedd42276fc99ee.php 第 58 行.
INFO: Run Behavior\ParseTemplateBehavior [ RunTime:0.006457s ]
INFO: [ view_parse ] --END-- [ RunTime:0.005059s ]
INFO: [ view_filter ] --START--
INFO: Run Behavior\WriteHtmlCacheBehavior [ RunTime:0.000033s ]
INFO: [ view_filter ] --END-- [ RunTime:-0.000727s ]
INFO: [ app_end ] --START--
INFO: Run Behavior\ShowPageTraceBehavior [ RunTime:0.001060s ]
INFO: [ app_end ] --END-- [ RunTime:0.001195s ]

[ 2015-10-13T20:37:06+08:00 ] 127.0.0.1 /resource/index.php/Home/User/index.html
INFO: [ app_init ] --START--
INFO: Run Behavior\BuildLiteBehavior [ RunTime:0.000038s ]
INFO: [ app_init ] --END-- [ RunTime:0.000764s ]
INFO: [ app_begin ] --START--
INFO: Run Behavior\ReadHtmlCacheBehavior [ RunTime:0.000952s ]
INFO: [ app_begin ] --END-- [ RunTime:0.001124s ]
INFO: [ view_parse ] --START--
INFO: [ template_filter ] --START--
INFO: Run Behavior\ContentReplaceBehavior [ RunTime:0.000106s ]
INFO: [ template_filter ] --END-- [ RunTime:0.000258s ]
NOTIC: [8] Undefined variable: title D:\files\wamp\www\resource\Application\Runtime\Cache\Home\6830cbac89ff06451c77cd8769d6d4ca.php 第 7 行.
SQL: SHOW COLUMNS FROM `resource_categorys` [ RunTime:0.0047s ]
SQL: SELECT * FROM `resource_categorys` WHERE `pid` = 0  [ RunTime:0.0006s ]
INFO: [ view_parse ] --START--
INFO: [ template_filter ] --START--
INFO: Run Behavior\ContentReplaceBehavior [ RunTime:0.000080s ]
INFO: [ template_filter ] --END-- [ RunTime:-0.036819s ]
INFO: Run Behavior\ParseTemplateBehavior [ RunTime:0.005364s ]
INFO: [ view_parse ] --END-- [ RunTime:0.005559s ]
INFO: [ view_filter ] --START--
INFO: Run Behavior\WriteHtmlCacheBehavior [ RunTime:0.000647s ]
INFO: [ view_filter ] --END-- [ RunTime:0.000812s ]
INFO: Run Behavior\ParseTemplateBehavior [ RunTime:0.007076s ]
INFO: [ view_parse ] --END-- [ RunTime:0.005559s ]
INFO: [ view_filter ] --START--
INFO: Run Behavior\WriteHtmlCacheBehavior [ RunTime:0.000032s ]
INFO: [ view_filter ] --END-- [ RunTime:-0.000831s ]
INFO: [ app_end ] --START--
INFO: Run Behavior\ShowPageTraceBehavior [ RunTime:0.001060s ]
INFO: [ app_end ] --END-- [ RunTime:0.001200s ]

[ 2015-10-13T20:37:35+08:00 ] 127.0.0.1 /resource/index.php/Home/UserSetting/index.html
INFO: [ app_init ] --START--
INFO: Run Behavior\BuildLiteBehavior [ RunTime:0.000035s ]
INFO: [ app_init ] --END-- [ RunTime:0.000675s ]
INFO: [ app_begin ] --START--
INFO: Run Behavior\ReadHtmlCacheBehavior [ RunTime:0.000836s ]
INFO: [ app_begin ] --END-- [ RunTime:0.000981s ]
SQL: SHOW COLUMNS FROM `resource_business_logic` [ RunTime:0.0050s ]
SQL: SELECT `id` FROM `resource_business_logic` WHERE `name` = '前台个人设置' LIMIT 1   [ RunTime:0.0005s ]
SQL: SHOW COLUMNS FROM `resource_nav` [ RunTime:0.0318s ]
SQL: SELECT * FROM `resource_nav` WHERE `bid` = 3  [ RunTime:0.0006s ]
INFO: [ view_parse ] --START--
INFO: [ template_filter ] --START--
INFO: Run Behavior\ContentReplaceBehavior [ RunTime:0.000192s ]
INFO: [ template_filter ] --END-- [ RunTime:0.000445s ]
NOTIC: [8] Undefined variable: title D:\files\wamp\www\resource\Application\Runtime\Cache\Home\32193912d9923561d34db2cc04959d45.php 第 7 行.
SQL: SHOW COLUMNS FROM `resource_categorys` [ RunTime:0.0052s ]
SQL: SELECT * FROM `resource_categorys` WHERE `pid` = 0  [ RunTime:0.0006s ]
INFO: [ view_parse ] --START--
INFO: [ template_filter ] --START--
INFO: Run Behavior\ContentReplaceBehavior [ RunTime:0.000065s ]
INFO: [ template_filter ] --END-- [ RunTime:-0.031505s ]
INFO: Run Behavior\ParseTemplateBehavior [ RunTime:0.004990s ]
INFO: [ view_parse ] --END-- [ RunTime:0.005184s ]
INFO: [ view_filter ] --START--
INFO: Run Behavior\WriteHtmlCacheBehavior [ RunTime:0.000633s ]
INFO: [ view_filter ] --END-- [ RunTime:0.000796s ]
NOTIC: [8] Undefined variable: info D:\files\wamp\www\resource\Application\Runtime\Cache\Home\32193912d9923561d34db2cc04959d45.php 第 66 行.
INFO: Run Behavior\ParseTemplateBehavior [ RunTime:0.007110s ]
INFO: [ view_parse ] --END-- [ RunTime:0.005184s ]
INFO: [ view_filter ] --START--
INFO: Run Behavior\WriteHtmlCacheBehavior [ RunTime:0.000032s ]
INFO: [ view_filter ] --END-- [ RunTime:-0.001255s ]
INFO: [ app_end ] --START--
INFO: Run Behavior\ShowPageTraceBehavior [ RunTime:0.001134s ]
INFO: [ app_end ] --END-- [ RunTime:0.001266s ]

[ 2015-10-13T21:00:08+08:00 ] 127.0.0.1 /resource/index.php/Home/UserSetting/index.html
INFO: [ app_init ] --START--
INFO: Run Behavior\BuildLiteBehavior [ RunTime:0.000048s ]
INFO: [ app_init ] --END-- [ RunTime:0.001012s ]
INFO: [ app_begin ] --START--
INFO: Run Behavior\ReadHtmlCacheBehavior [ RunTime:0.001223s ]
INFO: [ app_begin ] --END-- [ RunTime:0.001372s ]
SQL: SHOW COLUMNS FROM `resource_business_logic` [ RunTime:0.0052s ]
SQL: SELECT `id` FROM `resource_business_logic` WHERE `name` = '前台个人设置' LIMIT 1   [ RunTime:0.0005s ]
SQL: SHOW COLUMNS FROM `resource_nav` [ RunTime:0.0049s ]
SQL: SELECT * FROM `resource_nav` WHERE `bid` = 3  [ RunTime:0.0005s ]
INFO: [ view_parse ] --START--
INFO: [ template_filter ] --START--
INFO: Run Behavior\ContentReplaceBehavior [ RunTime:0.000117s ]
INFO: [ template_filter ] --END-- [ RunTime:0.000264s ]
NOTIC: [8] Undefined variable: title D:\files\wamp\www\resource\Application\Runtime\Cache\Home\32193912d9923561d34db2cc04959d45.php 第 7 行.
SQL: SHOW COLUMNS FROM `resource_categorys` [ RunTime:0.0062s ]
SQL: SELECT * FROM `resource_categorys` WHERE `pid` = 0  [ RunTime:0.0007s ]
INFO: [ view_parse ] --START--
INFO: [ template_filter ] --START--
INFO: Run Behavior\ContentReplaceBehavior [ RunTime:0.000069s ]
INFO: [ template_filter ] --END-- [ RunTime:-0.056716s ]
INFO: Run Behavior\ParseTemplateBehavior [ RunTime:0.006190s ]
INFO: [ view_parse ] --END-- [ RunTime:0.006375s ]
INFO: [ view_filter ] --START--
INFO: Run Behavior\WriteHtmlCacheBehavior [ RunTime:0.000918s ]
INFO: [ view_filter ] --END-- [ RunTime:0.001066s ]
NOTIC: [8] Undefined variable: info D:\files\wamp\www\resource\Application\Runtime\Cache\Home\32193912d9923561d34db2cc04959d45.php 第 66 行.
INFO: Run Behavior\ParseTemplateBehavior [ RunTime:0.008693s ]
INFO: [ view_parse ] --END-- [ RunTime:0.006375s ]
INFO: [ view_filter ] --START--
INFO: Run Behavior\WriteHtmlCacheBehavior [ RunTime:0.000033s ]
INFO: [ view_filter ] --END-- [ RunTime:-0.001354s ]
INFO: [ app_end ] --START--
INFO: Run Behavior\ShowPageTraceBehavior [ RunTime:0.001325s ]
INFO: [ app_end ] --END-- [ RunTime:0.001461s ]

[ 2015-10-13T21:00:10+08:00 ] 127.0.0.1 /resource/index.php/Home/User/index.html
INFO: [ app_init ] --START--
INFO: Run Behavior\BuildLiteBehavior [ RunTime:0.000036s ]
INFO: [ app_init ] --END-- [ RunTime:0.000732s ]
INFO: [ app_begin ] --START--
INFO: Run Behavior\ReadHtmlCacheBehavior [ RunTime:0.001282s ]
INFO: [ app_begin ] --END-- [ RunTime:0.001444s ]
INFO: [ view_parse ] --START--
INFO: [ template_filter ] --START--
INFO: Run Behavior\ContentReplaceBehavior [ RunTime:0.000241s ]
INFO: [ template_filter ] --END-- [ RunTime:0.000576s ]
NOTIC: [8] Undefined variable: title D:\files\wamp\www\resource\Application\Runtime\Cache\Home\6830cbac89ff06451c77cd8769d6d4ca.php 第 7 行.
SQL: SHOW COLUMNS FROM `resource_categorys` [ RunTime:0.0049s ]
SQL: SELECT * FROM `resource_categorys` WHERE `pid` = 0  [ RunTime:0.0008s ]
INFO: [ view_parse ] --START--
INFO: [ template_filter ] --START--
INFO: Run Behavior\ContentReplaceBehavior [ RunTime:0.000065s ]
INFO: [ template_filter ] --END-- [ RunTime:-0.034052s ]
INFO: Run Behavior\ParseTemplateBehavior [ RunTime:0.005528s ]
INFO: [ view_parse ] --END-- [ RunTime:0.005695s ]
INFO: [ view_filter ] --START--
INFO: Run Behavior\WriteHtmlCacheBehavior [ RunTime:0.000781s ]
INFO: [ view_filter ] --END-- [ RunTime:0.000911s ]
INFO: Run Behavior\ParseTemplateBehavior [ RunTime:0.007283s ]
INFO: [ view_parse ] --END-- [ RunTime:0.005695s ]
INFO: [ view_filter ] --START--
INFO: Run Behavior\WriteHtmlCacheBehavior [ RunTime:0.000033s ]
INFO: [ view_filter ] --END-- [ RunTime:-0.000814s ]
INFO: [ app_end ] --START--
INFO: Run Behavior\ShowPageTraceBehavior [ RunTime:0.001308s ]
INFO: [ app_end ] --END-- [ RunTime:0.001448s ]

[ 2015-10-13T21:00:12+08:00 ] 127.0.0.1 /resource/index.php/Home/User/index.html
INFO: [ app_init ] --START--
INFO: Run Behavior\BuildLiteBehavior [ RunTime:0.000037s ]
INFO: [ app_init ] --END-- [ RunTime:0.000811s ]
INFO: [ app_begin ] --START--
INFO: Run Behavior\ReadHtmlCacheBehavior [ RunTime:0.001395s ]
INFO: [ app_begin ] --END-- [ RunTime:0.001556s ]
INFO: [ view_parse ] --START--
INFO: [ template_filter ] --START--
INFO: Run Behavior\ContentReplaceBehavior [ RunTime:0.000108s ]
INFO: [ template_filter ] --END-- [ RunTime:0.000263s ]
NOTIC: [8] Undefined variable: title D:\files\wamp\www\resource\Application\Runtime\Cache\Home\6830cbac89ff06451c77cd8769d6d4ca.php 第 7 行.
SQL: SHOW COLUMNS FROM `resource_categorys` [ RunTime:0.0051s ]
SQL: SELECT * FROM `resource_categorys` WHERE `pid` = 0  [ RunTime:0.0006s ]
INFO: [ view_parse ] --START--
INFO: [ template_filter ] --START--
INFO: Run Behavior\ContentReplaceBehavior [ RunTime:0.000073s ]
INFO: [ template_filter ] --END-- [ RunTime:-0.030528s ]
INFO: Run Behavior\ParseTemplateBehavior [ RunTime:0.005673s ]
INFO: [ view_parse ] --END-- [ RunTime:0.005832s ]
INFO: [ view_filter ] --START--
INFO: Run Behavior\WriteHtmlCacheBehavior [ RunTime:0.000755s ]
INFO: [ view_filter ] --END-- [ RunTime:0.000882s ]
INFO: Run Behavior\ParseTemplateBehavior [ RunTime:0.007397s ]
INFO: [ view_parse ] --END-- [ RunTime:0.005832s ]
INFO: [ view_filter ] --START--
INFO: Run Behavior\WriteHtmlCacheBehavior [ RunTime:0.000033s ]
INFO: [ view_filter ] --END-- [ RunTime:-0.000812s ]
INFO: [ app_end ] --START--
INFO: Run Behavior\ShowPageTraceBehavior [ RunTime:0.001264s ]
INFO: [ app_end ] --END-- [ RunTime:0.001398s ]

[ 2015-10-13T21:02:21+08:00 ] 127.0.0.1 /resource/index.php/Home/User/index.html
INFO: [ app_init ] --START--
INFO: Run Behavior\BuildLiteBehavior [ RunTime:0.000035s ]
INFO: [ app_init ] --END-- [ RunTime:0.000742s ]
INFO: [ app_begin ] --START--
INFO: Run Behavior\ReadHtmlCacheBehavior [ RunTime:0.001290s ]
INFO: [ app_begin ] --END-- [ RunTime:0.001444s ]
SQL: SHOW COLUMNS FROM `resource_business_logic` [ RunTime:0.0050s ]
SQL: SELECT `id` FROM `resource_business_logic` WHERE `name` = '前台个人中心' LIMIT 1   [ RunTime:0.0006s ]
SQL: SHOW COLUMNS FROM `resource_nav` [ RunTime:0.0051s ]
SQL: SELECT * FROM `resource_nav` WHERE `bid` = 4  [ RunTime:0.0006s ]
INFO: [ view_parse ] --START--
INFO: [ template_filter ] --START--
INFO: Run Behavior\ContentReplaceBehavior [ RunTime:0.000111s ]
INFO: [ template_filter ] --END-- [ RunTime:0.000260s ]
NOTIC: [8] Undefined variable: title D:\files\wamp\www\resource\Application\Runtime\Cache\Home\6830cbac89ff06451c77cd8769d6d4ca.php 第 7 行.
SQL: SHOW COLUMNS FROM `resource_categorys` [ RunTime:0.0052s ]
SQL: SELECT * FROM `resource_categorys` WHERE `pid` = 0  [ RunTime:0.0007s ]
INFO: [ view_parse ] --START--
INFO: [ template_filter ] --START--
INFO: Run Behavior\ContentReplaceBehavior [ RunTime:0.000062s ]
INFO: [ template_filter ] --END-- [ RunTime:-0.015177s ]
INFO: Run Behavior\ParseTemplateBehavior [ RunTime:0.005433s ]
INFO: [ view_parse ] --END-- [ RunTime:0.005594s ]
INFO: [ view_filter ] --START--
INFO: Run Behavior\WriteHtmlCacheBehavior [ RunTime:0.000955s ]
INFO: [ view_filter ] --END-- [ RunTime:0.001089s ]
INFO: Run Behavior\ParseTemplateBehavior [ RunTime:0.008064s ]
INFO: [ view_parse ] --END-- [ RunTime:0.005594s ]
INFO: [ view_filter ] --START--
INFO: Run Behavior\WriteHtmlCacheBehavior [ RunTime:0.000033s ]
INFO: [ view_filter ] --END-- [ RunTime:-0.001518s ]
INFO: [ app_end ] --START--
INFO: Run Behavior\ShowPageTraceBehavior [ RunTime:0.001421s ]
INFO: [ app_end ] --END-- [ RunTime:0.001560s ]

[ 2015-10-13T21:03:04+08:00 ] 127.0.0.1 /resource/index.php/Home/User/index.html
INFO: [ app_init ] --START--
INFO: Run Behavior\BuildLiteBehavior [ RunTime:0.000037s ]
INFO: [ app_init ] --END-- [ RunTime:0.000749s ]
INFO: [ app_begin ] --START--
INFO: Run Behavior\ReadHtmlCacheBehavior [ RunTime:0.001329s ]
INFO: [ app_begin ] --END-- [ RunTime:0.001515s ]
SQL: SHOW COLUMNS FROM `resource_business_logic` [ RunTime:0.0048s ]
SQL: SELECT `id` FROM `resource_business_logic` WHERE `name` = '前台个人中心' LIMIT 1   [ RunTime:0.0005s ]
SQL: SHOW COLUMNS FROM `resource_nav` [ RunTime:0.0047s ]
SQL: SELECT * FROM `resource_nav` WHERE `bid` = 4  [ RunTime:0.0005s ]
INFO: [ view_parse ] --START--
INFO: [ template_filter ] --START--
INFO: Run Behavior\ContentReplaceBehavior [ RunTime:0.000113s ]
INFO: [ template_filter ] --END-- [ RunTime:0.000282s ]
NOTIC: [8] Undefined variable: title D:\files\wamp\www\resource\Application\Runtime\Cache\Home\6830cbac89ff06451c77cd8769d6d4ca.php 第 7 行.
SQL: SHOW COLUMNS FROM `resource_categorys` [ RunTime:0.0048s ]
SQL: SELECT * FROM `resource_categorys` WHERE `pid` = 0  [ RunTime:0.0005s ]
INFO: [ view_parse ] --START--
INFO: [ template_filter ] --START--
INFO: Run Behavior\ContentReplaceBehavior [ RunTime:0.000066s ]
INFO: [ template_filter ] --END-- [ RunTime:-0.015083s ]
INFO: Run Behavior\ParseTemplateBehavior [ RunTime:0.005718s ]
INFO: [ view_parse ] --END-- [ RunTime:0.005899s ]
INFO: [ view_filter ] --START--
INFO: Run Behavior\WriteHtmlCacheBehavior [ RunTime:0.000849s ]
INFO: [ view_filter ] --END-- [ RunTime:0.000987s ]
INFO: Run Behavior\ParseTemplateBehavior [ RunTime:0.008489s ]
INFO: [ view_parse ] --END-- [ RunTime:0.005899s ]
INFO: [ view_filter ] --START--
INFO: Run Behavior\WriteHtmlCacheBehavior [ RunTime:0.000036s ]
INFO: [ view_filter ] --END-- [ RunTime:-0.001738s ]
INFO: [ app_end ] --START--
INFO: Run Behavior\ShowPageTraceBehavior [ RunTime:0.001460s ]
INFO: [ app_end ] --END-- [ RunTime:0.001631s ]

