[ 2015-09-25T20:25:28+08:00 ] 127.0.0.1 /resource/
INFO: [ app_init ] --START--
INFO: Run Behavior\BuildLiteBehavior [ RunTime:0.000063s ]
INFO: [ app_init ] --END-- [ RunTime:0.026655s ]
INFO: [ app_begin ] --START--
INFO: Run Behavior\ReadHtmlCacheBehavior [ RunTime:0.027601s ]
INFO: [ app_begin ] --END-- [ RunTime:0.027876s ]
SQL: SHOW COLUMNS FROM `resource_business_logic` [ RunTime:0.5366s ]
SQL: SELECT * FROM `resource_business_logic` LIMIT 1   [ RunTime:0.0725s ]
INFO: [ view_parse ] --START--
INFO: [ template_filter ] --START--
INFO: Run Behavior\ContentReplaceBehavior [ RunTime:0.000092s ]
INFO: [ template_filter ] --END-- [ RunTime:0.000258s ]
NOTIC: [8] Undefined variable: title D:\files\wamp\www\resource\Application\Runtime\Cache\Home\2a94b8bda04ff446dcedd42276fc99ee.php 第 7 行.
SQL: SHOW COLUMNS FROM `resource_categorys` [ RunTime:0.0590s ]
SQL: SELECT * FROM `resource_categorys` WHERE `pid` = 0  [ RunTime:0.0862s ]
INFO: [ view_parse ] --START--
INFO: [ template_filter ] --START--
INFO: Run Behavior\ContentReplaceBehavior [ RunTime:0.000066s ]
INFO: [ template_filter ] --END-- [ RunTime:-0.306758s ]
INFO: Run Behavior\ParseTemplateBehavior [ RunTime:0.006138s ]
INFO: [ view_parse ] --END-- [ RunTime:0.006409s ]
INFO: [ view_filter ] --START--
INFO: Run Behavior\WriteHtmlCacheBehavior [ RunTime:0.016016s ]
INFO: [ view_filter ] --END-- [ RunTime:0.016238s ]
NOTIC: [8] Use of undefined constant image - assumed 'image' D:\files\wamp\www\resource\Application\Runtime\Cache\Home\2a94b8bda04ff446dcedd42276fc99ee.php 第 31 行.
INFO: Run Behavior\ParseTemplateBehavior [ RunTime:0.030915s ]
INFO: [ view_parse ] --END-- [ RunTime:0.006409s ]
INFO: [ view_filter ] --START--
INFO: Run Behavior\WriteHtmlCacheBehavior [ RunTime:0.000050s ]
INFO: [ view_filter ] --END-- [ RunTime:-0.008469s ]
INFO: [ app_end ] --START--
INFO: Run Behavior\ShowPageTraceBehavior [ RunTime:0.019390s ]
INFO: [ app_end ] --END-- [ RunTime:0.019576s ]

