[ 2016-04-08T08:40:43+08:00 ] 127.0.0.1 /index.php/Home/Index/index.html
INFO: [ app_init ] --START--
INFO: Run Behavior\BuildLiteBehavior [ RunTime:0.000000s ]
INFO: [ app_init ] --END-- [ RunTime:0.047501s ]
INFO: [ app_begin ] --START--
INFO: Run Behavior\ReadHtmlCacheBehavior [ RunTime:0.002500s ]
INFO: [ app_begin ] --END-- [ RunTime:0.002500s ]

[ 2016-04-08T08:40:44+08:00 ] 127.0.0.1 /index.php/Home/Register/register.html
INFO: [ app_init ] --START--
INFO: Run Behavior\BuildLiteBehavior [ RunTime:0.000000s ]
INFO: [ app_init ] --END-- [ RunTime:0.002500s ]
INFO: [ app_begin ] --START--
INFO: Run Behavior\ReadHtmlCacheBehavior [ RunTime:0.000000s ]
INFO: [ app_begin ] --END-- [ RunTime:0.002500s ]
INFO: [ view_parse ] --START--
INFO: [ template_filter ] --START--
INFO: Run Behavior\ContentReplaceBehavior [ RunTime:0.000000s ]
INFO: [ template_filter ] --END-- [ RunTime:0.000000s ]
INFO: Run Behavior\ParseTemplateBehavior [ RunTime:0.040000s ]
INFO: [ view_parse ] --END-- [ RunTime:0.040000s ]
INFO: [ view_filter ] --START--
INFO: Run Behavior\WriteHtmlCacheBehavior [ RunTime:0.002500s ]
INFO: [ view_filter ] --END-- [ RunTime:0.002500s ]
INFO: [ app_end ] --START--
INFO: Run Behavior\ShowPageTraceBehavior [ RunTime:0.010000s ]
INFO: [ app_end ] --END-- [ RunTime:0.012500s ]

[ 2016-04-08T08:40:44+08:00 ] 127.0.0.1 /index.php/Home/Register/verifyImg
INFO: [ app_init ] --START--
INFO: Run Behavior\BuildLiteBehavior [ RunTime:0.000000s ]
INFO: [ app_init ] --END-- [ RunTime:0.002500s ]
INFO: [ app_begin ] --START--
INFO: Run Behavior\ReadHtmlCacheBehavior [ RunTime:0.002500s ]
INFO: [ app_begin ] --END-- [ RunTime:0.002500s ]
INFO: [ app_end ] --START--
INFO: Run Behavior\ShowPageTraceBehavior [ RunTime:0.002500s ]
INFO: [ app_end ] --END-- [ RunTime:0.002500s ]

[ 2016-04-08T08:40:52+08:00 ] 127.0.0.1 /index.php/Home/Login/dologin.html
INFO: [ app_init ] --START--
INFO: Run Behavior\BuildLiteBehavior [ RunTime:0.000000s ]
INFO: [ app_init ] --END-- [ RunTime:0.000000s ]
INFO: [ app_begin ] --START--
INFO: Run Behavior\ReadHtmlCacheBehavior [ RunTime:0.000000s ]
INFO: [ app_begin ] --END-- [ RunTime:0.002500s ]
SQL: SELECT * FROM `blog_user` WHERE `email` = 'apeng1@qq.com' LIMIT 1   [ RunTime:0.0850s ]
SQL: SELECT * FROM `blog_user` WHERE `id` = 52 LIMIT 1   [ RunTime:0.0000s ]
SQL: UPDATE `blog_user` SET `experience`='195' WHERE `id` = 52 [ RunTime:0.0750s ]

[ 2016-04-08T08:40:53+08:00 ] 127.0.0.1 /index.php/Home/Index/index.html
INFO: [ app_init ] --START--
INFO: Run Behavior\BuildLiteBehavior [ RunTime:0.000000s ]
INFO: [ app_init ] --END-- [ RunTime:0.000000s ]
INFO: [ app_begin ] --START--
INFO: Run Behavior\ReadHtmlCacheBehavior [ RunTime:0.002500s ]
INFO: [ app_begin ] --END-- [ RunTime:0.002500s ]
SQL: SELECT * FROM `blog_head_img` WHERE `uid` = 52 LIMIT 1   [ RunTime:0.0500s ]
SQL: SELECT * FROM `blog_visitor` WHERE `uid` = 52 GROUP BY visitor ORDER BY addtime desc LIMIT 9   [ RunTime:0.0225s ]
SQL: SELECT * FROM `blog_head_img` WHERE `uid` = 61 LIMIT 1   [ RunTime:0.0025s ]
SQL: SELECT * FROM `blog_user` WHERE `id` = 61 LIMIT 1   [ RunTime:0.0000s ]
SQL: SELECT * FROM `blog_head_img` WHERE `uid` = 53 LIMIT 1   [ RunTime:0.0000s ]
SQL: SELECT * FROM `blog_user` WHERE `id` = 53 LIMIT 1   [ RunTime:0.0000s ]
SQL: SELECT * FROM `blog_user` WHERE `id` = 52 LIMIT 1   [ RunTime:0.0000s ]
SQL: SELECT * FROM `blog_news` ORDER BY addtime desc LIMIT 6   [ RunTime:0.0300s ]
INFO: [ view_parse ] --START--
INFO: [ template_filter ] --START--
INFO: Run Behavior\ContentReplaceBehavior [ RunTime:0.000000s ]
INFO: [ template_filter ] --END-- [ RunTime:0.000000s ]
INFO: Run Behavior\ParseTemplateBehavior [ RunTime:0.122501s ]
INFO: [ view_parse ] --END-- [ RunTime:0.122501s ]
INFO: [ view_filter ] --START--
INFO: Run Behavior\WriteHtmlCacheBehavior [ RunTime:0.000000s ]
INFO: [ view_filter ] --END-- [ RunTime:0.002501s ]
INFO: [ app_end ] --START--
INFO: Run Behavior\ShowPageTraceBehavior [ RunTime:0.002500s ]
INFO: [ app_end ] --END-- [ RunTime:0.002500s ]

[ 2016-04-08T08:40:55+08:00 ] 127.0.0.1 /index.php/Home/Mydong/friend.html
INFO: [ app_init ] --START--
INFO: Run Behavior\BuildLiteBehavior [ RunTime:0.000000s ]
INFO: [ app_init ] --END-- [ RunTime:0.000000s ]
INFO: [ app_begin ] --START--
INFO: Run Behavior\ReadHtmlCacheBehavior [ RunTime:0.000000s ]
INFO: [ app_begin ] --END-- [ RunTime:0.000000s ]
NOTIC: [8] Undefined index: uid F:\learn\php\blog\Application\Home\Controller\MydongController.class.php 第 71 行.
SQL: SELECT `fidlist` FROM `blog_friend` WHERE `uid` = 52  [ RunTime:0.0625s ]
SQL: SELECT * FROM `blog_record` WHERE ( uid in (56,53,61,61) ) ORDER BY addtime desc LIMIT 10   [ RunTime:0.2050s ]
SQL: SELECT * FROM `blog_user` WHERE `id` = 61 LIMIT 1   [ RunTime:0.0025s ]
SQL: SELECT * FROM `blog_head_img` WHERE `uid` = 61 LIMIT 1   [ RunTime:0.0025s ]
SQL: SELECT * FROM `blog_user` WHERE `id` = 61 LIMIT 1   [ RunTime:0.0025s ]
SQL: SELECT * FROM `blog_head_img` WHERE `uid` = 61 LIMIT 1   [ RunTime:0.0000s ]
SQL: SELECT * FROM `blog_user` WHERE `id` = 53 LIMIT 1   [ RunTime:0.0000s ]
SQL: SELECT * FROM `blog_head_img` WHERE `uid` = 53 LIMIT 1   [ RunTime:0.0000s ]
SQL: SELECT * FROM `blog_user` WHERE `id` = 53 LIMIT 1   [ RunTime:0.0000s ]
SQL: SELECT * FROM `blog_head_img` WHERE `uid` = 53 LIMIT 1   [ RunTime:0.0000s ]
SQL: SELECT * FROM `blog_user` WHERE `id` = 53 LIMIT 1   [ RunTime:0.0000s ]
SQL: SELECT * FROM `blog_head_img` WHERE `uid` = 53 LIMIT 1   [ RunTime:0.0000s ]
SQL: SELECT * FROM `blog_user` WHERE `id` = 53 LIMIT 1   [ RunTime:0.0000s ]
SQL: SELECT * FROM `blog_head_img` WHERE `uid` = 53 LIMIT 1   [ RunTime:0.0000s ]
SQL: SELECT * FROM `blog_mood` WHERE ( uid in (56,53,61,61) ) ORDER BY addtime desc LIMIT 3   [ RunTime:0.2075s ]
SQL: SELECT * FROM `blog_log_cate` WHERE ( uid in (56,53,61,61) )  [ RunTime:0.3600s ]
NOTIC: [2048] Declaration of Home\Controller\LogController::theme() should be compatible with Think\Controller::theme($theme) F:\learn\php\blog\Application\Home\Controller\LogController.class.php 第 322 行.
SQL: SELECT * FROM `blog_log` WHERE ( cid in (39,42,47,49) ) ORDER BY addtime desc LIMIT 3   [ RunTime:0.3700s ]
INFO: [ view_parse ] --START--
INFO: [ template_filter ] --START--
INFO: Run Behavior\ContentReplaceBehavior [ RunTime:0.000000s ]
INFO: [ template_filter ] --END-- [ RunTime:0.000000s ]
NOTIC: [8] Use of undefined constant title - assumed 'title' F:\learn\php\blog\Application\Runtime\Cache\Home\096c0501a97510b87ff0ba23b4c95a80.php 第 11 行.
NOTIC: [8] Undefined index: review F:\learn\php\blog\Application\Runtime\Cache\Home\096c0501a97510b87ff0ba23b4c95a80.php 第 17 行.
NOTIC: [8] Undefined index: uid F:\learn\php\blog\Application\Runtime\Cache\Home\096c0501a97510b87ff0ba23b4c95a80.php 第 65 行.
NOTIC: [8] Use of undefined constant title - assumed 'title' F:\learn\php\blog\Application\Runtime\Cache\Home\096c0501a97510b87ff0ba23b4c95a80.php 第 11 行.
NOTIC: [8] Undefined index: title F:\learn\php\blog\Application\Runtime\Cache\Home\096c0501a97510b87ff0ba23b4c95a80.php 第 11 行.
NOTIC: [8] Undefined index: review F:\learn\php\blog\Application\Runtime\Cache\Home\096c0501a97510b87ff0ba23b4c95a80.php 第 17 行.
NOTIC: [8] Use of undefined constant title - assumed 'title' F:\learn\php\blog\Application\Runtime\Cache\Home\096c0501a97510b87ff0ba23b4c95a80.php 第 11 行.
NOTIC: [8] Undefined index: review F:\learn\php\blog\Application\Runtime\Cache\Home\096c0501a97510b87ff0ba23b4c95a80.php 第 17 行.
NOTIC: [8] Undefined index: uid F:\learn\php\blog\Application\Runtime\Cache\Home\096c0501a97510b87ff0ba23b4c95a80.php 第 65 行.
NOTIC: [8] Use of undefined constant title - assumed 'title' F:\learn\php\blog\Application\Runtime\Cache\Home\096c0501a97510b87ff0ba23b4c95a80.php 第 11 行.
NOTIC: [8] Undefined index: title F:\learn\php\blog\Application\Runtime\Cache\Home\096c0501a97510b87ff0ba23b4c95a80.php 第 11 行.
NOTIC: [8] Undefined index: review F:\learn\php\blog\Application\Runtime\Cache\Home\096c0501a97510b87ff0ba23b4c95a80.php 第 17 行.
NOTIC: [8] Use of undefined constant title - assumed 'title' F:\learn\php\blog\Application\Runtime\Cache\Home\096c0501a97510b87ff0ba23b4c95a80.php 第 11 行.
NOTIC: [8] Undefined index: title F:\learn\php\blog\Application\Runtime\Cache\Home\096c0501a97510b87ff0ba23b4c95a80.php 第 11 行.
NOTIC: [8] Undefined index: review F:\learn\php\blog\Application\Runtime\Cache\Home\096c0501a97510b87ff0ba23b4c95a80.php 第 17 行.
INFO: Run Behavior\ParseTemplateBehavior [ RunTime:0.095002s ]
INFO: [ view_parse ] --END-- [ RunTime:0.095002s ]
INFO: [ view_filter ] --START--
INFO: Run Behavior\WriteHtmlCacheBehavior [ RunTime:0.002500s ]
INFO: [ view_filter ] --END-- [ RunTime:0.002500s ]
INFO: [ app_end ] --START--
INFO: Run Behavior\ShowPageTraceBehavior [ RunTime:0.002500s ]
INFO: [ app_end ] --END-- [ RunTime:0.002500s ]

[ 2016-04-08T13:04:17+08:00 ] 127.0.0.1 /index.php/Home/Log/index.html
INFO: [ app_init ] --START--
INFO: Run Behavior\BuildLiteBehavior [ RunTime:0.000000s ]
INFO: [ app_init ] --END-- [ RunTime:0.000000s ]
INFO: [ app_begin ] --START--
INFO: Run Behavior\ReadHtmlCacheBehavior [ RunTime:0.000000s ]
INFO: [ app_begin ] --END-- [ RunTime:0.000000s ]
NOTIC: [2048] Declaration of Home\Controller\LogController::theme() should be compatible with Think\Controller::theme($theme) F:\learn\php\blog\Application\Home\Controller\LogController.class.php 第 9 行.
NOTIC: [8] Undefined index: uid F:\learn\php\blog\Application\Home\Controller\LogController.class.php 第 15 行.
SQL: SELECT * FROM `blog_log_cate` WHERE `uid` = 52  [ RunTime:0.0025s ]
SQL: SELECT * FROM `blog_log` WHERE ( cid in (38) and flag=0 )  [ RunTime:0.0000s ]
INFO: [ view_parse ] --START--
INFO: [ template_filter ] --START--
INFO: Run Behavior\ContentReplaceBehavior [ RunTime:0.000000s ]
INFO: [ template_filter ] --END-- [ RunTime:0.000000s ]
NOTIC: [8] Undefined variable: flag F:\learn\php\blog\Application\Runtime\Cache\Home\d7fecc3d2825db60804b3ca6dc36e75a.php 第 139 行.
NOTIC: [8] Undefined variable: flag F:\learn\php\blog\Application\Runtime\Cache\Home\d7fecc3d2825db60804b3ca6dc36e75a.php 第 143 行.
NOTIC: [8] Undefined variable: flag F:\learn\php\blog\Application\Runtime\Cache\Home\d7fecc3d2825db60804b3ca6dc36e75a.php 第 151 行.
NOTIC: [8] Undefined variable: flag F:\learn\php\blog\Application\Runtime\Cache\Home\d7fecc3d2825db60804b3ca6dc36e75a.php 第 156 行.
NOTIC: [8] Undefined variable: flag F:\learn\php\blog\Application\Runtime\Cache\Home\d7fecc3d2825db60804b3ca6dc36e75a.php 第 176 行.
NOTIC: [8] Undefined variable: flag F:\learn\php\blog\Application\Runtime\Cache\Home\d7fecc3d2825db60804b3ca6dc36e75a.php 第 191 行.
NOTIC: [8] Use of undefined constant id - assumed 'id' F:\learn\php\blog\Application\Runtime\Cache\Home\d7fecc3d2825db60804b3ca6dc36e75a.php 第 197 行.
NOTIC: [8] Use of undefined constant addtime - assumed 'addtime' F:\learn\php\blog\Application\Runtime\Cache\Home\d7fecc3d2825db60804b3ca6dc36e75a.php 第 197 行.
NOTIC: [8] Undefined variable: flag F:\learn\php\blog\Application\Runtime\Cache\Home\d7fecc3d2825db60804b3ca6dc36e75a.php 第 197 行.
NOTIC: [8] Use of undefined constant id - assumed 'id' F:\learn\php\blog\Application\Runtime\Cache\Home\d7fecc3d2825db60804b3ca6dc36e75a.php 第 197 行.
NOTIC: [8] Undefined variable: trash F:\learn\php\blog\Application\Runtime\Cache\Home\d7fecc3d2825db60804b3ca6dc36e75a.php 第 201 行.
NOTIC: [8] Use of undefined constant id - assumed 'id' F:\learn\php\blog\Application\Runtime\Cache\Home\d7fecc3d2825db60804b3ca6dc36e75a.php 第 203 行.
NOTIC: [8] Use of undefined constant cid - assumed 'cid' F:\learn\php\blog\Application\Runtime\Cache\Home\d7fecc3d2825db60804b3ca6dc36e75a.php 第 204 行.
NOTIC: [8] Use of undefined constant id - assumed 'id' F:\learn\php\blog\Application\Runtime\Cache\Home\d7fecc3d2825db60804b3ca6dc36e75a.php 第 205 行.
NOTIC: [8] Use of undefined constant id - assumed 'id' F:\learn\php\blog\Application\Runtime\Cache\Home\d7fecc3d2825db60804b3ca6dc36e75a.php 第 206 行.
INFO: Run Behavior\ParseTemplateBehavior [ RunTime:0.047500s ]
INFO: [ view_parse ] --END-- [ RunTime:0.050000s ]
INFO: [ view_filter ] --START--
INFO: Run Behavior\WriteHtmlCacheBehavior [ RunTime:0.002500s ]
INFO: [ view_filter ] --END-- [ RunTime:0.002500s ]
INFO: [ app_end ] --START--
INFO: Run Behavior\ShowPageTraceBehavior [ RunTime:0.000000s ]
INFO: [ app_end ] --END-- [ RunTime:0.000000s ]

[ 2016-04-08T13:04:23+08:00 ] 127.0.0.1 /index.php/Home/Log/add.html
INFO: [ app_init ] --START--
INFO: Run Behavior\BuildLiteBehavior [ RunTime:0.000000s ]
INFO: [ app_init ] --END-- [ RunTime:0.000000s ]
INFO: [ app_begin ] --START--
INFO: Run Behavior\ReadHtmlCacheBehavior [ RunTime:0.000000s ]
INFO: [ app_begin ] --END-- [ RunTime:0.000000s ]
NOTIC: [2048] Declaration of Home\Controller\LogController::theme() should be compatible with Think\Controller::theme($theme) F:\learn\php\blog\Application\Home\Controller\LogController.class.php 第 9 行.
SQL: SELECT * FROM `blog_log_cate` WHERE `uid` = 52  [ RunTime:0.0000s ]
INFO: [ view_parse ] --START--
INFO: [ template_filter ] --START--
INFO: Run Behavior\ContentReplaceBehavior [ RunTime:0.000000s ]
INFO: [ template_filter ] --END-- [ RunTime:0.000000s ]
NOTIC: [8] Use of undefined constant GROUP_NAME - assumed 'GROUP_NAME' F:\learn\php\blog\Application\Runtime\Cache\Home\54d6c08644885ee84d247f6b63b9d3eb.php 第 17 行.
NOTIC: [8] Undefined variable: info F:\learn\php\blog\Application\Runtime\Cache\Home\54d6c08644885ee84d247f6b63b9d3eb.php 第 27 行.
NOTIC: [8] Undefined variable: info F:\learn\php\blog\Application\Runtime\Cache\Home\54d6c08644885ee84d247f6b63b9d3eb.php 第 29 行.
INFO: Run Behavior\ParseTemplateBehavior [ RunTime:0.020600s ]
INFO: [ view_parse ] --END-- [ RunTime:0.020600s ]
INFO: [ view_filter ] --START--
INFO: Run Behavior\WriteHtmlCacheBehavior [ RunTime:0.000000s ]
INFO: [ view_filter ] --END-- [ RunTime:0.000000s ]
INFO: [ app_end ] --START--
INFO: Run Behavior\ShowPageTraceBehavior [ RunTime:0.015600s ]
INFO: [ app_end ] --END-- [ RunTime:0.015600s ]

[ 2016-04-08T13:04:49+08:00 ] 127.0.0.1 /index.php/Home/Login/logout.html
INFO: [ app_init ] --START--
INFO: Run Behavior\BuildLiteBehavior [ RunTime:0.000000s ]
INFO: [ app_init ] --END-- [ RunTime:0.000000s ]
INFO: [ app_begin ] --START--
INFO: Run Behavior\ReadHtmlCacheBehavior [ RunTime:0.000000s ]
INFO: [ app_begin ] --END-- [ RunTime:0.000000s ]

[ 2016-04-08T13:04:49+08:00 ] 127.0.0.1 /index.php/Home/Index/index.html
INFO: [ app_init ] --START--
INFO: Run Behavior\BuildLiteBehavior [ RunTime:0.000000s ]
INFO: [ app_init ] --END-- [ RunTime:0.000000s ]
INFO: [ app_begin ] --START--
INFO: Run Behavior\ReadHtmlCacheBehavior [ RunTime:0.000000s ]
INFO: [ app_begin ] --END-- [ RunTime:0.000000s ]

[ 2016-04-08T13:04:49+08:00 ] 127.0.0.1 /index.php/Home/Register/register.html
INFO: [ app_init ] --START--
INFO: Run Behavior\BuildLiteBehavior [ RunTime:0.000000s ]
INFO: [ app_init ] --END-- [ RunTime:0.002500s ]
INFO: [ app_begin ] --START--
INFO: Run Behavior\ReadHtmlCacheBehavior [ RunTime:0.002500s ]
INFO: [ app_begin ] --END-- [ RunTime:0.002500s ]
INFO: [ view_parse ] --START--
INFO: [ template_filter ] --START--
INFO: Run Behavior\ContentReplaceBehavior [ RunTime:0.000000s ]
INFO: [ template_filter ] --END-- [ RunTime:0.000000s ]
INFO: Run Behavior\ParseTemplateBehavior [ RunTime:0.010000s ]
INFO: [ view_parse ] --END-- [ RunTime:0.010000s ]
INFO: [ view_filter ] --START--
INFO: Run Behavior\WriteHtmlCacheBehavior [ RunTime:0.000000s ]
INFO: [ view_filter ] --END-- [ RunTime:0.002500s ]
INFO: [ app_end ] --START--
INFO: Run Behavior\ShowPageTraceBehavior [ RunTime:0.000000s ]
INFO: [ app_end ] --END-- [ RunTime:0.000000s ]

[ 2016-04-08T13:04:49+08:00 ] 127.0.0.1 /index.php/Home/Register/verifyImg
INFO: [ app_init ] --START--
INFO: Run Behavior\BuildLiteBehavior [ RunTime:0.000000s ]
INFO: [ app_init ] --END-- [ RunTime:0.000000s ]
INFO: [ app_begin ] --START--
INFO: Run Behavior\ReadHtmlCacheBehavior [ RunTime:0.000000s ]
INFO: [ app_begin ] --END-- [ RunTime:0.000000s ]
INFO: [ app_end ] --START--
INFO: Run Behavior\ShowPageTraceBehavior [ RunTime:0.002500s ]
INFO: [ app_end ] --END-- [ RunTime:0.002500s ]

[ 2016-04-08T13:05:38+08:00 ] 127.0.0.1 /index.php/Home/Login/dologin.html
INFO: [ app_init ] --START--
INFO: Run Behavior\BuildLiteBehavior [ RunTime:0.000000s ]
INFO: [ app_init ] --END-- [ RunTime:0.000000s ]
INFO: [ app_begin ] --START--
INFO: Run Behavior\ReadHtmlCacheBehavior [ RunTime:0.000000s ]
INFO: [ app_begin ] --END-- [ RunTime:0.000000s ]
SQL: SELECT * FROM `blog_user` WHERE `email` = 'apeng1@qq.com' LIMIT 1   [ RunTime:0.0000s ]
SQL: SELECT * FROM `blog_user` WHERE `id` = 52 LIMIT 1   [ RunTime:0.0025s ]
SQL: UPDATE `blog_user` SET `experience`='200' WHERE `id` = 52 [ RunTime:0.1750s ]

[ 2016-04-08T13:05:38+08:00 ] 127.0.0.1 /index.php/Home/Index/index.html
INFO: [ app_init ] --START--
INFO: Run Behavior\BuildLiteBehavior [ RunTime:0.000000s ]
INFO: [ app_init ] --END-- [ RunTime:0.000000s ]
INFO: [ app_begin ] --START--
INFO: Run Behavior\ReadHtmlCacheBehavior [ RunTime:0.000000s ]
INFO: [ app_begin ] --END-- [ RunTime:0.002500s ]
SQL: SELECT * FROM `blog_head_img` WHERE `uid` = 52 LIMIT 1   [ RunTime:0.0000s ]
SQL: SELECT * FROM `blog_visitor` WHERE `uid` = 52 GROUP BY visitor ORDER BY addtime desc LIMIT 9   [ RunTime:0.0000s ]
SQL: SELECT * FROM `blog_head_img` WHERE `uid` = 61 LIMIT 1   [ RunTime:0.0000s ]
SQL: SELECT * FROM `blog_user` WHERE `id` = 61 LIMIT 1   [ RunTime:0.0000s ]
SQL: SELECT * FROM `blog_head_img` WHERE `uid` = 53 LIMIT 1   [ RunTime:0.0025s ]
SQL: SELECT * FROM `blog_user` WHERE `id` = 53 LIMIT 1   [ RunTime:0.0000s ]
SQL: SELECT * FROM `blog_user` WHERE `id` = 52 LIMIT 1   [ RunTime:0.0025s ]
SQL: SELECT * FROM `blog_news` ORDER BY addtime desc LIMIT 6   [ RunTime:0.0025s ]
INFO: [ view_parse ] --START--
INFO: [ template_filter ] --START--
INFO: Run Behavior\ContentReplaceBehavior [ RunTime:0.000000s ]
INFO: [ template_filter ] --END-- [ RunTime:0.000000s ]
INFO: Run Behavior\ParseTemplateBehavior [ RunTime:0.032500s ]
INFO: [ view_parse ] --END-- [ RunTime:0.032500s ]
INFO: [ view_filter ] --START--
INFO: Run Behavior\WriteHtmlCacheBehavior [ RunTime:0.000000s ]
INFO: [ view_filter ] --END-- [ RunTime:0.000000s ]
INFO: [ app_end ] --START--
INFO: Run Behavior\ShowPageTraceBehavior [ RunTime:0.000000s ]
INFO: [ app_end ] --END-- [ RunTime:0.000000s ]

[ 2016-04-08T13:05:39+08:00 ] 127.0.0.1 /index.php/Home/Mydong/friend.html
INFO: [ app_init ] --START--
INFO: Run Behavior\BuildLiteBehavior [ RunTime:0.000000s ]
INFO: [ app_init ] --END-- [ RunTime:0.000000s ]
INFO: [ app_begin ] --START--
INFO: Run Behavior\ReadHtmlCacheBehavior [ RunTime:0.002501s ]
INFO: [ app_begin ] --END-- [ RunTime:0.002501s ]
NOTIC: [8] Undefined index: uid F:\learn\php\blog\Application\Home\Controller\MydongController.class.php 第 71 行.
SQL: SELECT `fidlist` FROM `blog_friend` WHERE `uid` = 52  [ RunTime:0.0000s ]
SQL: SELECT * FROM `blog_record` WHERE ( uid in (56,53,61,61) ) ORDER BY addtime desc LIMIT 10   [ RunTime:0.0025s ]
SQL: SELECT * FROM `blog_user` WHERE `id` = 61 LIMIT 1   [ RunTime:0.0000s ]
SQL: SELECT * FROM `blog_head_img` WHERE `uid` = 61 LIMIT 1   [ RunTime:0.0000s ]
SQL: SELECT * FROM `blog_user` WHERE `id` = 61 LIMIT 1   [ RunTime:0.0000s ]
SQL: SELECT * FROM `blog_head_img` WHERE `uid` = 61 LIMIT 1   [ RunTime:0.0000s ]
SQL: SELECT * FROM `blog_user` WHERE `id` = 53 LIMIT 1   [ RunTime:0.0025s ]
SQL: SELECT * FROM `blog_head_img` WHERE `uid` = 53 LIMIT 1   [ RunTime:0.0000s ]
SQL: SELECT * FROM `blog_user` WHERE `id` = 53 LIMIT 1   [ RunTime:0.0000s ]
SQL: SELECT * FROM `blog_head_img` WHERE `uid` = 53 LIMIT 1   [ RunTime:0.0000s ]
SQL: SELECT * FROM `blog_user` WHERE `id` = 53 LIMIT 1   [ RunTime:0.0000s ]
SQL: SELECT * FROM `blog_head_img` WHERE `uid` = 53 LIMIT 1   [ RunTime:0.0000s ]
SQL: SELECT * FROM `blog_user` WHERE `id` = 53 LIMIT 1   [ RunTime:0.0025s ]
SQL: SELECT * FROM `blog_head_img` WHERE `uid` = 53 LIMIT 1   [ RunTime:0.0000s ]
SQL: SELECT * FROM `blog_mood` WHERE ( uid in (56,53,61,61) ) ORDER BY addtime desc LIMIT 3   [ RunTime:0.0000s ]
SQL: SELECT * FROM `blog_log_cate` WHERE ( uid in (56,53,61,61) )  [ RunTime:0.0000s ]
NOTIC: [2048] Declaration of Home\Controller\LogController::theme() should be compatible with Think\Controller::theme($theme) F:\learn\php\blog\Application\Home\Controller\LogController.class.php 第 322 行.
SQL: SELECT * FROM `blog_log` WHERE ( cid in (39,42,47,49) ) ORDER BY addtime desc LIMIT 3   [ RunTime:0.0025s ]
INFO: [ view_parse ] --START--
INFO: [ template_filter ] --START--
INFO: Run Behavior\ContentReplaceBehavior [ RunTime:0.000000s ]
INFO: [ template_filter ] --END-- [ RunTime:0.000000s ]
NOTIC: [8] Use of undefined constant title - assumed 'title' F:\learn\php\blog\Application\Runtime\Cache\Home\096c0501a97510b87ff0ba23b4c95a80.php 第 11 行.
NOTIC: [8] Undefined index: review F:\learn\php\blog\Application\Runtime\Cache\Home\096c0501a97510b87ff0ba23b4c95a80.php 第 17 行.
NOTIC: [8] Undefined index: uid F:\learn\php\blog\Application\Runtime\Cache\Home\096c0501a97510b87ff0ba23b4c95a80.php 第 65 行.
NOTIC: [8] Use of undefined constant title - assumed 'title' F:\learn\php\blog\Application\Runtime\Cache\Home\096c0501a97510b87ff0ba23b4c95a80.php 第 11 行.
NOTIC: [8] Undefined index: title F:\learn\php\blog\Application\Runtime\Cache\Home\096c0501a97510b87ff0ba23b4c95a80.php 第 11 行.
NOTIC: [8] Undefined index: review F:\learn\php\blog\Application\Runtime\Cache\Home\096c0501a97510b87ff0ba23b4c95a80.php 第 17 行.
NOTIC: [8] Use of undefined constant title - assumed 'title' F:\learn\php\blog\Application\Runtime\Cache\Home\096c0501a97510b87ff0ba23b4c95a80.php 第 11 行.
NOTIC: [8] Undefined index: review F:\learn\php\blog\Application\Runtime\Cache\Home\096c0501a97510b87ff0ba23b4c95a80.php 第 17 行.
NOTIC: [8] Undefined index: uid F:\learn\php\blog\Application\Runtime\Cache\Home\096c0501a97510b87ff0ba23b4c95a80.php 第 65 行.
NOTIC: [8] Use of undefined constant title - assumed 'title' F:\learn\php\blog\Application\Runtime\Cache\Home\096c0501a97510b87ff0ba23b4c95a80.php 第 11 行.
NOTIC: [8] Undefined index: title F:\learn\php\blog\Application\Runtime\Cache\Home\096c0501a97510b87ff0ba23b4c95a80.php 第 11 行.
NOTIC: [8] Undefined index: review F:\learn\php\blog\Application\Runtime\Cache\Home\096c0501a97510b87ff0ba23b4c95a80.php 第 17 行.
NOTIC: [8] Use of undefined constant title - assumed 'title' F:\learn\php\blog\Application\Runtime\Cache\Home\096c0501a97510b87ff0ba23b4c95a80.php 第 11 行.
NOTIC: [8] Undefined index: title F:\learn\php\blog\Application\Runtime\Cache\Home\096c0501a97510b87ff0ba23b4c95a80.php 第 11 行.
NOTIC: [8] Undefined index: review F:\learn\php\blog\Application\Runtime\Cache\Home\096c0501a97510b87ff0ba23b4c95a80.php 第 17 行.
INFO: Run Behavior\ParseTemplateBehavior [ RunTime:0.022501s ]
INFO: [ view_parse ] --END-- [ RunTime:0.022501s ]
INFO: [ view_filter ] --START--
INFO: Run Behavior\WriteHtmlCacheBehavior [ RunTime:0.000000s ]
INFO: [ view_filter ] --END-- [ RunTime:0.000000s ]
INFO: [ app_end ] --START--
INFO: Run Behavior\ShowPageTraceBehavior [ RunTime:0.000000s ]
INFO: [ app_end ] --END-- [ RunTime:0.000000s ]

[ 2016-04-08T13:05:41+08:00 ] 127.0.0.1 /index.php/Home/Log/index.html
INFO: [ app_init ] --START--
INFO: Run Behavior\BuildLiteBehavior [ RunTime:0.000000s ]
INFO: [ app_init ] --END-- [ RunTime:0.000000s ]
INFO: [ app_begin ] --START--
INFO: Run Behavior\ReadHtmlCacheBehavior [ RunTime:0.002500s ]
INFO: [ app_begin ] --END-- [ RunTime:0.002500s ]
NOTIC: [2048] Declaration of Home\Controller\LogController::theme() should be compatible with Think\Controller::theme($theme) F:\learn\php\blog\Application\Home\Controller\LogController.class.php 第 9 行.
NOTIC: [8] Undefined index: uid F:\learn\php\blog\Application\Home\Controller\LogController.class.php 第 15 行.
SQL: SELECT * FROM `blog_log_cate` WHERE `uid` = 52  [ RunTime:0.0000s ]
SQL: SELECT * FROM `blog_log` WHERE ( cid in (38) and flag=0 )  [ RunTime:0.0000s ]
INFO: [ view_parse ] --START--
INFO: [ template_filter ] --START--
INFO: Run Behavior\ContentReplaceBehavior [ RunTime:0.000000s ]
INFO: [ template_filter ] --END-- [ RunTime:0.000000s ]
NOTIC: [8] Undefined variable: flag F:\learn\php\blog\Application\Runtime\Cache\Home\d7fecc3d2825db60804b3ca6dc36e75a.php 第 139 行.
NOTIC: [8] Undefined variable: flag F:\learn\php\blog\Application\Runtime\Cache\Home\d7fecc3d2825db60804b3ca6dc36e75a.php 第 143 行.
NOTIC: [8] Undefined variable: flag F:\learn\php\blog\Application\Runtime\Cache\Home\d7fecc3d2825db60804b3ca6dc36e75a.php 第 151 行.
NOTIC: [8] Undefined variable: flag F:\learn\php\blog\Application\Runtime\Cache\Home\d7fecc3d2825db60804b3ca6dc36e75a.php 第 156 行.
NOTIC: [8] Undefined variable: flag F:\learn\php\blog\Application\Runtime\Cache\Home\d7fecc3d2825db60804b3ca6dc36e75a.php 第 176 行.
NOTIC: [8] Undefined variable: flag F:\learn\php\blog\Application\Runtime\Cache\Home\d7fecc3d2825db60804b3ca6dc36e75a.php 第 191 行.
NOTIC: [8] Use of undefined constant id - assumed 'id' F:\learn\php\blog\Application\Runtime\Cache\Home\d7fecc3d2825db60804b3ca6dc36e75a.php 第 197 行.
NOTIC: [8] Use of undefined constant addtime - assumed 'addtime' F:\learn\php\blog\Application\Runtime\Cache\Home\d7fecc3d2825db60804b3ca6dc36e75a.php 第 197 行.
NOTIC: [8] Undefined variable: flag F:\learn\php\blog\Application\Runtime\Cache\Home\d7fecc3d2825db60804b3ca6dc36e75a.php 第 197 行.
NOTIC: [8] Use of undefined constant id - assumed 'id' F:\learn\php\blog\Application\Runtime\Cache\Home\d7fecc3d2825db60804b3ca6dc36e75a.php 第 197 行.
NOTIC: [8] Undefined variable: trash F:\learn\php\blog\Application\Runtime\Cache\Home\d7fecc3d2825db60804b3ca6dc36e75a.php 第 201 行.
NOTIC: [8] Use of undefined constant id - assumed 'id' F:\learn\php\blog\Application\Runtime\Cache\Home\d7fecc3d2825db60804b3ca6dc36e75a.php 第 203 行.
NOTIC: [8] Use of undefined constant cid - assumed 'cid' F:\learn\php\blog\Application\Runtime\Cache\Home\d7fecc3d2825db60804b3ca6dc36e75a.php 第 204 行.
NOTIC: [8] Use of undefined constant id - assumed 'id' F:\learn\php\blog\Application\Runtime\Cache\Home\d7fecc3d2825db60804b3ca6dc36e75a.php 第 205 行.
NOTIC: [8] Use of undefined constant id - assumed 'id' F:\learn\php\blog\Application\Runtime\Cache\Home\d7fecc3d2825db60804b3ca6dc36e75a.php 第 206 行.
INFO: Run Behavior\ParseTemplateBehavior [ RunTime:0.035001s ]
INFO: [ view_parse ] --END-- [ RunTime:0.035001s ]
INFO: [ view_filter ] --START--
INFO: Run Behavior\WriteHtmlCacheBehavior [ RunTime:0.000000s ]
INFO: [ view_filter ] --END-- [ RunTime:0.000000s ]
INFO: [ app_end ] --START--
INFO: Run Behavior\ShowPageTraceBehavior [ RunTime:0.002500s ]
INFO: [ app_end ] --END-- [ RunTime:0.002500s ]

[ 2016-04-08T13:05:50+08:00 ] 127.0.0.1 /index.php/Home/Log/detail/id/1.html
INFO: [ app_init ] --START--
INFO: Run Behavior\BuildLiteBehavior [ RunTime:0.000000s ]
INFO: [ app_init ] --END-- [ RunTime:0.000000s ]
INFO: [ app_begin ] --START--
INFO: Run Behavior\ReadHtmlCacheBehavior [ RunTime:0.002500s ]
INFO: [ app_begin ] --END-- [ RunTime:0.002500s ]
NOTIC: [2048] Declaration of Home\Controller\LogController::theme() should be compatible with Think\Controller::theme($theme) F:\learn\php\blog\Application\Home\Controller\LogController.class.php 第 9 行.
NOTIC: [8] Undefined index: uid F:\learn\php\blog\Application\Home\Controller\LogController.class.php 第 255 行.
SQL: SELECT `username` FROM `blog_user` WHERE `id` = 52 LIMIT 1   [ RunTime:0.0000s ]
SQL: SELECT * FROM `blog_log` WHERE `id` = 1 LIMIT 1   [ RunTime:0.0000s ]
SQL: UPDATE `blog_log` SET `views`='12' WHERE `id` = 1 [ RunTime:0.0780s ]
INFO: [ view_parse ] --START--
INFO: [ template_filter ] --START--
INFO: Run Behavior\ContentReplaceBehavior [ RunTime:0.000000s ]
INFO: [ template_filter ] --END-- [ RunTime:0.000000s ]
NOTIC: [8] Use of undefined constant addtime - assumed 'addtime' F:\learn\php\blog\Application\Runtime\Cache\Home\b1b638146fc5b0ff6be5783f1c450534.php 第 4 行.
NOTIC: [8] Undefined variable: flag F:\learn\php\blog\Application\Runtime\Cache\Home\b1b638146fc5b0ff6be5783f1c450534.php 第 8 行.
INFO: Run Behavior\ParseTemplateBehavior [ RunTime:0.046800s ]
INFO: [ view_parse ] --END-- [ RunTime:0.046800s ]
INFO: [ view_filter ] --START--
INFO: Run Behavior\WriteHtmlCacheBehavior [ RunTime:0.000000s ]
INFO: [ view_filter ] --END-- [ RunTime:0.000000s ]
INFO: [ app_end ] --START--
INFO: Run Behavior\ShowPageTraceBehavior [ RunTime:0.000000s ]
INFO: [ app_end ] --END-- [ RunTime:0.000000s ]

[ 2016-04-08T14:58:43+08:00 ] 127.0.0.1 /index.php/Home/Message/index.html
INFO: [ app_init ] --START--
INFO: Run Behavior\BuildLiteBehavior [ RunTime:0.000000s ]
INFO: [ app_init ] --END-- [ RunTime:0.000000s ]
INFO: [ app_begin ] --START--
INFO: Run Behavior\ReadHtmlCacheBehavior [ RunTime:0.015600s ]
INFO: [ app_begin ] --END-- [ RunTime:0.015600s ]
NOTIC: [8] Undefined index: uid F:\learn\php\blog\Application\Home\Controller\MessageController.class.php 第 66 行.
SQL: SELECT * FROM `blog_message` WHERE `uid` = null AND `pid` = 0 ORDER BY addtime desc LIMIT 4   [ RunTime:0.0350s ]
INFO: [ view_parse ] --START--
INFO: [ template_filter ] --START--
INFO: Run Behavior\ContentReplaceBehavior [ RunTime:0.000000s ]
INFO: [ template_filter ] --END-- [ RunTime:0.000000s ]
NOTIC: [8] Undefined variable: title F:\learn\php\blog\Application\Runtime\Cache\Home\455a6242d1c94ccc41106a388080363b.php 第 7 行.
NOTIC: [8] Undefined index: uid F:\learn\php\blog\Application\Runtime\Cache\Home\455a6242d1c94ccc41106a388080363b.php 第 142 行.
INFO: Run Behavior\ParseTemplateBehavior [ RunTime:0.025001s ]
INFO: [ view_parse ] --END-- [ RunTime:0.025001s ]
INFO: [ view_filter ] --START--
INFO: Run Behavior\WriteHtmlCacheBehavior [ RunTime:0.000000s ]
INFO: [ view_filter ] --END-- [ RunTime:0.000000s ]
INFO: [ app_end ] --START--
INFO: Run Behavior\ShowPageTraceBehavior [ RunTime:0.000000s ]
INFO: [ app_end ] --END-- [ RunTime:0.000000s ]

[ 2016-04-08T14:58:45+08:00 ] 127.0.0.1 /index.php/Home/Log/index.html
INFO: [ app_init ] --START--
INFO: Run Behavior\BuildLiteBehavior [ RunTime:0.000000s ]
INFO: [ app_init ] --END-- [ RunTime:0.000000s ]
INFO: [ app_begin ] --START--
INFO: Run Behavior\ReadHtmlCacheBehavior [ RunTime:0.000000s ]
INFO: [ app_begin ] --END-- [ RunTime:0.000000s ]
NOTIC: [2048] Declaration of Home\Controller\LogController::theme() should be compatible with Think\Controller::theme($theme) F:\learn\php\blog\Application\Home\Controller\LogController.class.php 第 9 行.
NOTIC: [8] Undefined index: uid F:\learn\php\blog\Application\Home\Controller\LogController.class.php 第 15 行.
SQL: SELECT * FROM `blog_log_cate` WHERE `uid` = 52  [ RunTime:0.0025s ]
SQL: SELECT * FROM `blog_log` WHERE ( cid in (38) and flag=0 )  [ RunTime:0.0000s ]
INFO: [ view_parse ] --START--
INFO: [ template_filter ] --START--
INFO: Run Behavior\ContentReplaceBehavior [ RunTime:0.000000s ]
INFO: [ template_filter ] --END-- [ RunTime:0.000000s ]
NOTIC: [8] Undefined variable: flag F:\learn\php\blog\Application\Runtime\Cache\Home\d7fecc3d2825db60804b3ca6dc36e75a.php 第 139 行.
NOTIC: [8] Undefined variable: flag F:\learn\php\blog\Application\Runtime\Cache\Home\d7fecc3d2825db60804b3ca6dc36e75a.php 第 143 行.
NOTIC: [8] Undefined variable: flag F:\learn\php\blog\Application\Runtime\Cache\Home\d7fecc3d2825db60804b3ca6dc36e75a.php 第 151 行.
NOTIC: [8] Undefined variable: flag F:\learn\php\blog\Application\Runtime\Cache\Home\d7fecc3d2825db60804b3ca6dc36e75a.php 第 156 行.
NOTIC: [8] Undefined variable: flag F:\learn\php\blog\Application\Runtime\Cache\Home\d7fecc3d2825db60804b3ca6dc36e75a.php 第 176 行.
NOTIC: [8] Undefined variable: flag F:\learn\php\blog\Application\Runtime\Cache\Home\d7fecc3d2825db60804b3ca6dc36e75a.php 第 191 行.
NOTIC: [8] Use of undefined constant id - assumed 'id' F:\learn\php\blog\Application\Runtime\Cache\Home\d7fecc3d2825db60804b3ca6dc36e75a.php 第 197 行.
NOTIC: [8] Use of undefined constant addtime - assumed 'addtime' F:\learn\php\blog\Application\Runtime\Cache\Home\d7fecc3d2825db60804b3ca6dc36e75a.php 第 197 行.
NOTIC: [8] Undefined variable: flag F:\learn\php\blog\Application\Runtime\Cache\Home\d7fecc3d2825db60804b3ca6dc36e75a.php 第 197 行.
NOTIC: [8] Use of undefined constant id - assumed 'id' F:\learn\php\blog\Application\Runtime\Cache\Home\d7fecc3d2825db60804b3ca6dc36e75a.php 第 197 行.
NOTIC: [8] Undefined variable: trash F:\learn\php\blog\Application\Runtime\Cache\Home\d7fecc3d2825db60804b3ca6dc36e75a.php 第 201 行.
NOTIC: [8] Use of undefined constant id - assumed 'id' F:\learn\php\blog\Application\Runtime\Cache\Home\d7fecc3d2825db60804b3ca6dc36e75a.php 第 203 行.
NOTIC: [8] Use of undefined constant cid - assumed 'cid' F:\learn\php\blog\Application\Runtime\Cache\Home\d7fecc3d2825db60804b3ca6dc36e75a.php 第 204 行.
NOTIC: [8] Use of undefined constant id - assumed 'id' F:\learn\php\blog\Application\Runtime\Cache\Home\d7fecc3d2825db60804b3ca6dc36e75a.php 第 205 行.
NOTIC: [8] Use of undefined constant id - assumed 'id' F:\learn\php\blog\Application\Runtime\Cache\Home\d7fecc3d2825db60804b3ca6dc36e75a.php 第 206 行.
INFO: Run Behavior\ParseTemplateBehavior [ RunTime:0.032501s ]
INFO: [ view_parse ] --END-- [ RunTime:0.032501s ]
INFO: [ view_filter ] --START--
INFO: Run Behavior\WriteHtmlCacheBehavior [ RunTime:0.002500s ]
INFO: [ view_filter ] --END-- [ RunTime:0.002500s ]
INFO: [ app_end ] --START--
INFO: Run Behavior\ShowPageTraceBehavior [ RunTime:0.000000s ]
INFO: [ app_end ] --END-- [ RunTime:0.000000s ]

[ 2016-04-08T14:58:47+08:00 ] 127.0.0.1 /index.php/Home/Resource/index.html
INFO: [ app_init ] --START--
INFO: Run Behavior\BuildLiteBehavior [ RunTime:0.000000s ]
INFO: [ app_init ] --END-- [ RunTime:0.002500s ]
INFO: [ app_begin ] --START--
INFO: Run Behavior\ReadHtmlCacheBehavior [ RunTime:0.002500s ]
INFO: [ app_begin ] --END-- [ RunTime:0.002500s ]
SQL: select r.id,r.type,r.header,r.main,r.score,r.download,r.addtime,u.username from blog_resource r left join blog_user u on r.uid=u.id order by r.download desc limit 5 [ RunTime:0.0300s ]
INFO: [ view_parse ] --START--
INFO: [ template_filter ] --START--
INFO: Run Behavior\ContentReplaceBehavior [ RunTime:0.000000s ]
INFO: [ template_filter ] --END-- [ RunTime:0.000000s ]
NOTIC: [8] Undefined variable: title F:\learn\php\blog\Application\Runtime\Cache\Home\1f500f88dc3c7a30fce9587ab1010eea.php 第 7 行.
INFO: Run Behavior\ParseTemplateBehavior [ RunTime:0.020000s ]
INFO: [ view_parse ] --END-- [ RunTime:0.020000s ]
INFO: [ view_filter ] --START--
INFO: Run Behavior\WriteHtmlCacheBehavior [ RunTime:0.002500s ]
INFO: [ view_filter ] --END-- [ RunTime:0.002500s ]
INFO: [ app_end ] --START--
INFO: Run Behavior\ShowPageTraceBehavior [ RunTime:0.000000s ]
INFO: [ app_end ] --END-- [ RunTime:0.000000s ]

