[ 2016-04-06T11:02:29+08:00 ] 127.0.0.1 /
INFO: [ app_init ] --START--
INFO: Run Behavior\BuildLiteBehavior [ RunTime:0.000000s ]
INFO: [ app_init ] --END-- [ RunTime:0.058003s ]
INFO: [ app_begin ] --START--
INFO: Run Behavior\ReadHtmlCacheBehavior [ RunTime:0.052003s ]
INFO: [ app_begin ] --END-- [ RunTime:0.053003s ]

[ 2016-04-06T11:02:29+08:00 ] 127.0.0.1 /index.php/Home/Register/register.html
INFO: [ app_init ] --START--
INFO: Run Behavior\BuildLiteBehavior [ RunTime:0.000000s ]
INFO: [ app_init ] --END-- [ RunTime:0.000000s ]
INFO: [ app_begin ] --START--
INFO: Run Behavior\ReadHtmlCacheBehavior [ RunTime:0.001000s ]
INFO: [ app_begin ] --END-- [ RunTime:0.001000s ]
INFO: [ view_parse ] --START--
INFO: [ template_filter ] --START--
INFO: Run Behavior\ContentReplaceBehavior [ RunTime:0.000000s ]
INFO: [ template_filter ] --END-- [ RunTime:0.000000s ]
INFO: Run Behavior\ParseTemplateBehavior [ RunTime:0.035002s ]
INFO: [ view_parse ] --END-- [ RunTime:0.035002s ]
INFO: [ view_filter ] --START--
INFO: Run Behavior\WriteHtmlCacheBehavior [ RunTime:0.001001s ]
INFO: [ view_filter ] --END-- [ RunTime:0.001001s ]
INFO: [ app_end ] --START--
INFO: Run Behavior\ShowPageTraceBehavior [ RunTime:0.001000s ]
INFO: [ app_end ] --END-- [ RunTime:0.001000s ]

[ 2016-04-06T11:02:31+08:00 ] 127.0.0.1 /index.php/Home/Register/verifyImg
INFO: [ app_init ] --START--
INFO: Run Behavior\BuildLiteBehavior [ RunTime:0.000000s ]
INFO: [ app_init ] --END-- [ RunTime:0.000000s ]
INFO: [ app_begin ] --START--
INFO: Run Behavior\ReadHtmlCacheBehavior [ RunTime:0.000000s ]
INFO: [ app_begin ] --END-- [ RunTime:0.001000s ]
INFO: [ app_end ] --START--
INFO: Run Behavior\ShowPageTraceBehavior [ RunTime:0.000000s ]
INFO: [ app_end ] --END-- [ RunTime:0.000000s ]

[ 2016-04-06T11:02:45+08:00 ] 127.0.0.1 /index.php/Home/Register/checkemail.html?email=apeng1%40qq.com
INFO: [ app_init ] --START--
INFO: Run Behavior\BuildLiteBehavior [ RunTime:0.000000s ]
INFO: [ app_init ] --END-- [ RunTime:0.000000s ]
INFO: [ app_begin ] --START--
INFO: Run Behavior\ReadHtmlCacheBehavior [ RunTime:0.001000s ]
INFO: [ app_begin ] --END-- [ RunTime:0.001000s ]
SQL: SELECT * FROM `blog_user` WHERE `email` = 'apeng1@qq.com' LIMIT 1   [ RunTime:0.0070s ]
INFO: [ app_end ] --START--
INFO: Run Behavior\ShowPageTraceBehavior [ RunTime:0.000000s ]
INFO: [ app_end ] --END-- [ RunTime:0.001001s ]

[ 2016-04-06T11:03:01+08:00 ] 127.0.0.1 /index.php/Home/Login/dologin.html
INFO: [ app_init ] --START--
INFO: Run Behavior\BuildLiteBehavior [ RunTime:0.000000s ]
INFO: [ app_init ] --END-- [ RunTime:0.000000s ]
INFO: [ app_begin ] --START--
INFO: Run Behavior\ReadHtmlCacheBehavior [ RunTime:0.000000s ]
INFO: [ app_begin ] --END-- [ RunTime:0.001000s ]
SQL: SELECT * FROM `blog_user` WHERE `email` = 'apeng1@qq.com' LIMIT 1   [ RunTime:0.0010s ]
SQL: SELECT * FROM `blog_user` WHERE `id` = 52 LIMIT 1   [ RunTime:0.0010s ]
SQL: UPDATE `blog_user` SET `experience`='180' WHERE `id` = 52 [ RunTime:0.5320s ]

[ 2016-04-06T11:03:02+08:00 ] 127.0.0.1 /index.php/Home/Index/index.html
INFO: [ app_init ] --START--
INFO: Run Behavior\BuildLiteBehavior [ RunTime:0.000000s ]
INFO: [ app_init ] --END-- [ RunTime:0.001000s ]
INFO: [ app_begin ] --START--
INFO: Run Behavior\ReadHtmlCacheBehavior [ RunTime:0.000000s ]
INFO: [ app_begin ] --END-- [ RunTime:0.001000s ]
SQL: SELECT * FROM `blog_head_img` WHERE `uid` = 52 LIMIT 1   [ RunTime:0.0000s ]
SQL: SELECT * FROM `blog_visitor` WHERE `uid` = 52 GROUP BY visitor ORDER BY addtime desc LIMIT 9   [ RunTime:0.0580s ]
SQL: SELECT * FROM `blog_head_img` WHERE `uid` = 61 LIMIT 1   [ RunTime:0.0010s ]
SQL: SELECT * FROM `blog_user` WHERE `id` = 61 LIMIT 1   [ RunTime:0.0000s ]
SQL: SELECT * FROM `blog_head_img` WHERE `uid` = 53 LIMIT 1   [ RunTime:0.0000s ]
SQL: SELECT * FROM `blog_user` WHERE `id` = 53 LIMIT 1   [ RunTime:0.0010s ]
SQL: SELECT * FROM `blog_user` WHERE `id` = 52 LIMIT 1   [ RunTime:0.0000s ]
SQL: SELECT * FROM `blog_news` ORDER BY addtime desc LIMIT 6   [ RunTime:0.0010s ]
INFO: [ view_parse ] --START--
INFO: [ template_filter ] --START--
INFO: Run Behavior\ContentReplaceBehavior [ RunTime:0.000000s ]
INFO: [ template_filter ] --END-- [ RunTime:0.001000s ]
INFO: Run Behavior\ParseTemplateBehavior [ RunTime:0.073004s ]
INFO: [ view_parse ] --END-- [ RunTime:0.073004s ]
INFO: [ view_filter ] --START--
INFO: Run Behavior\WriteHtmlCacheBehavior [ RunTime:0.001000s ]
INFO: [ view_filter ] --END-- [ RunTime:0.001000s ]
INFO: [ app_end ] --START--
INFO: Run Behavior\ShowPageTraceBehavior [ RunTime:0.001000s ]
INFO: [ app_end ] --END-- [ RunTime:0.001000s ]

[ 2016-04-06T11:03:02+08:00 ] 127.0.0.1 /index.php/Home/Mydong/friend.html
INFO: [ app_init ] --START--
INFO: Run Behavior\BuildLiteBehavior [ RunTime:0.001000s ]
INFO: [ app_init ] --END-- [ RunTime:0.001000s ]
INFO: [ app_begin ] --START--
INFO: Run Behavior\ReadHtmlCacheBehavior [ RunTime:0.001000s ]
INFO: [ app_begin ] --END-- [ RunTime:0.002000s ]
NOTIC: [8] Undefined index: uid F:\learn\php\blog\Application\Home\Controller\MydongController.class.php 第 71 行.
SQL: SELECT `fidlist` FROM `blog_friend` WHERE `uid` = 52  [ RunTime:0.0010s ]
SQL: SELECT * FROM `blog_record` WHERE ( uid in (56,53,61,61) ) ORDER BY addtime desc LIMIT 10   [ RunTime:0.0010s ]
SQL: SELECT * FROM `blog_user` WHERE `id` = 61 LIMIT 1   [ RunTime:0.0010s ]
SQL: SELECT * FROM `blog_head_img` WHERE `uid` = 61 LIMIT 1   [ RunTime:0.0010s ]
SQL: SELECT * FROM `blog_user` WHERE `id` = 61 LIMIT 1   [ RunTime:0.0010s ]
SQL: SELECT * FROM `blog_head_img` WHERE `uid` = 61 LIMIT 1   [ RunTime:0.0010s ]
SQL: SELECT * FROM `blog_user` WHERE `id` = 53 LIMIT 1   [ RunTime:0.0010s ]
SQL: SELECT * FROM `blog_head_img` WHERE `uid` = 53 LIMIT 1   [ RunTime:0.0000s ]
SQL: SELECT * FROM `blog_user` WHERE `id` = 53 LIMIT 1   [ RunTime:0.0010s ]
SQL: SELECT * FROM `blog_head_img` WHERE `uid` = 53 LIMIT 1   [ RunTime:0.0030s ]
SQL: SELECT * FROM `blog_user` WHERE `id` = 53 LIMIT 1   [ RunTime:0.0080s ]
SQL: SELECT * FROM `blog_head_img` WHERE `uid` = 53 LIMIT 1   [ RunTime:0.0020s ]
SQL: SELECT * FROM `blog_user` WHERE `id` = 53 LIMIT 1   [ RunTime:0.0010s ]
SQL: SELECT * FROM `blog_head_img` WHERE `uid` = 53 LIMIT 1   [ RunTime:0.0000s ]
SQL: SELECT * FROM `blog_mood` WHERE ( uid in (56,53,61,61) ) ORDER BY addtime desc LIMIT 3   [ RunTime:0.0010s ]
SQL: SELECT * FROM `blog_log_cate` WHERE ( uid in (56,53,61,61) )  [ RunTime:0.0010s ]
NOTIC: [2048] Declaration of Home\Controller\LogController::theme() should be compatible with Think\Controller::theme($theme) F:\learn\php\blog\Application\Home\Controller\LogController.class.php 第 322 行.
SQL: SELECT * FROM `blog_log` WHERE ( cid in (39,42,47,49) ) ORDER BY addtime desc LIMIT 3   [ RunTime:0.0010s ]
INFO: [ view_parse ] --START--
INFO: [ template_filter ] --START--
INFO: Run Behavior\ContentReplaceBehavior [ RunTime:0.000000s ]
INFO: [ template_filter ] --END-- [ RunTime:0.000000s ]
NOTIC: [8] Use of undefined constant title - assumed 'title' F:\learn\php\blog\Application\Runtime\Cache\Home\096c0501a97510b87ff0ba23b4c95a80.php 第 11 行.
NOTIC: [8] Undefined index: review F:\learn\php\blog\Application\Runtime\Cache\Home\096c0501a97510b87ff0ba23b4c95a80.php 第 17 行.
NOTIC: [8] Undefined index: uid F:\learn\php\blog\Application\Runtime\Cache\Home\096c0501a97510b87ff0ba23b4c95a80.php 第 65 行.
NOTIC: [8] Use of undefined constant title - assumed 'title' F:\learn\php\blog\Application\Runtime\Cache\Home\096c0501a97510b87ff0ba23b4c95a80.php 第 11 行.
NOTIC: [8] Undefined index: title F:\learn\php\blog\Application\Runtime\Cache\Home\096c0501a97510b87ff0ba23b4c95a80.php 第 11 行.
NOTIC: [8] Undefined index: review F:\learn\php\blog\Application\Runtime\Cache\Home\096c0501a97510b87ff0ba23b4c95a80.php 第 17 行.
NOTIC: [8] Use of undefined constant title - assumed 'title' F:\learn\php\blog\Application\Runtime\Cache\Home\096c0501a97510b87ff0ba23b4c95a80.php 第 11 行.
NOTIC: [8] Undefined index: review F:\learn\php\blog\Application\Runtime\Cache\Home\096c0501a97510b87ff0ba23b4c95a80.php 第 17 行.
NOTIC: [8] Undefined index: uid F:\learn\php\blog\Application\Runtime\Cache\Home\096c0501a97510b87ff0ba23b4c95a80.php 第 65 行.
NOTIC: [8] Use of undefined constant title - assumed 'title' F:\learn\php\blog\Application\Runtime\Cache\Home\096c0501a97510b87ff0ba23b4c95a80.php 第 11 行.
NOTIC: [8] Undefined index: title F:\learn\php\blog\Application\Runtime\Cache\Home\096c0501a97510b87ff0ba23b4c95a80.php 第 11 行.
NOTIC: [8] Undefined index: review F:\learn\php\blog\Application\Runtime\Cache\Home\096c0501a97510b87ff0ba23b4c95a80.php 第 17 行.
NOTIC: [8] Use of undefined constant title - assumed 'title' F:\learn\php\blog\Application\Runtime\Cache\Home\096c0501a97510b87ff0ba23b4c95a80.php 第 11 行.
NOTIC: [8] Undefined index: title F:\learn\php\blog\Application\Runtime\Cache\Home\096c0501a97510b87ff0ba23b4c95a80.php 第 11 行.
NOTIC: [8] Undefined index: review F:\learn\php\blog\Application\Runtime\Cache\Home\096c0501a97510b87ff0ba23b4c95a80.php 第 17 行.
INFO: Run Behavior\ParseTemplateBehavior [ RunTime:0.040003s ]
INFO: [ view_parse ] --END-- [ RunTime:0.040003s ]
INFO: [ view_filter ] --START--
INFO: Run Behavior\WriteHtmlCacheBehavior [ RunTime:0.000000s ]
INFO: [ view_filter ] --END-- [ RunTime:0.001000s ]
INFO: [ app_end ] --START--
INFO: Run Behavior\ShowPageTraceBehavior [ RunTime:0.001000s ]
INFO: [ app_end ] --END-- [ RunTime:0.001000s ]

[ 2016-04-06T11:03:20+08:00 ] 127.0.0.1 /index.php/Home/User/myhome.html
INFO: [ app_init ] --START--
INFO: Run Behavior\BuildLiteBehavior [ RunTime:0.000000s ]
INFO: [ app_init ] --END-- [ RunTime:0.001000s ]
INFO: [ app_begin ] --START--
INFO: Run Behavior\ReadHtmlCacheBehavior [ RunTime:0.000000s ]
INFO: [ app_begin ] --END-- [ RunTime:0.001000s ]
SQL: SELECT * FROM `blog_user` WHERE `id` = 52 LIMIT 1   [ RunTime:0.0010s ]
SQL: SELECT * FROM `blog_head_img` WHERE `uid` = 52 LIMIT 1   [ RunTime:0.0000s ]
SQL: SELECT * FROM `blog_message` WHERE `uid` = 52 AND `pid` = 0 ORDER BY addtime desc LIMIT 4   [ RunTime:0.0010s ]
SQL: SELECT * FROM `blog_user` WHERE `id` = 52 LIMIT 1   [ RunTime:0.0010s ]
SQL: SELECT * FROM `blog_user` WHERE `id` = 53 LIMIT 1   [ RunTime:0.0010s ]
INFO: [ view_parse ] --START--
INFO: [ template_filter ] --START--
INFO: Run Behavior\ContentReplaceBehavior [ RunTime:0.001000s ]
INFO: [ template_filter ] --END-- [ RunTime:0.001000s ]
INFO: Run Behavior\ParseTemplateBehavior [ RunTime:0.028001s ]
INFO: [ view_parse ] --END-- [ RunTime:0.028001s ]
INFO: [ view_filter ] --START--
INFO: Run Behavior\WriteHtmlCacheBehavior [ RunTime:0.001001s ]
INFO: [ view_filter ] --END-- [ RunTime:0.001001s ]
INFO: [ app_end ] --START--
INFO: Run Behavior\ShowPageTraceBehavior [ RunTime:0.001000s ]
INFO: [ app_end ] --END-- [ RunTime:0.001000s ]

[ 2016-04-06T11:03:20+08:00 ] 127.0.0.1 /index.php/Home/Mydong/index.html
INFO: [ app_init ] --START--
INFO: Run Behavior\BuildLiteBehavior [ RunTime:0.000000s ]
INFO: [ app_init ] --END-- [ RunTime:0.001000s ]
INFO: [ app_begin ] --START--
INFO: Run Behavior\ReadHtmlCacheBehavior [ RunTime:0.000000s ]
INFO: [ app_begin ] --END-- [ RunTime:0.000000s ]
SQL: SELECT * FROM `blog_record` WHERE `uid` = 52 ORDER BY addtime desc LIMIT 10   [ RunTime:0.0000s ]
SQL: SELECT * FROM `blog_user` WHERE `id` = 52 LIMIT 1   [ RunTime:0.0010s ]
SQL: SELECT * FROM `blog_head_img` WHERE `uid` = 52 LIMIT 1   [ RunTime:0.0010s ]
SQL: SELECT * FROM `blog_user` WHERE `id` = 52 LIMIT 1   [ RunTime:0.0000s ]
SQL: SELECT * FROM `blog_head_img` WHERE `uid` = 52 LIMIT 1   [ RunTime:0.0000s ]
SQL: SELECT * FROM `blog_user` WHERE `id` = 52 LIMIT 1   [ RunTime:0.0000s ]
SQL: SELECT * FROM `blog_head_img` WHERE `uid` = 52 LIMIT 1   [ RunTime:0.0000s ]
SQL: SELECT * FROM `blog_user` WHERE `id` = 52 LIMIT 1   [ RunTime:0.0010s ]
SQL: SELECT * FROM `blog_head_img` WHERE `uid` = 52 LIMIT 1   [ RunTime:0.0010s ]
SQL: SELECT * FROM `blog_user` WHERE `id` = 52 LIMIT 1   [ RunTime:0.0000s ]
SQL: SELECT * FROM `blog_head_img` WHERE `uid` = 52 LIMIT 1   [ RunTime:0.0010s ]
SQL: SELECT * FROM `blog_user` WHERE `id` = 52 LIMIT 1   [ RunTime:0.0010s ]
SQL: SELECT * FROM `blog_head_img` WHERE `uid` = 52 LIMIT 1   [ RunTime:0.0010s ]
SQL: SELECT * FROM `blog_user` WHERE `id` = 52 LIMIT 1   [ RunTime:0.0000s ]
SQL: SELECT * FROM `blog_head_img` WHERE `uid` = 52 LIMIT 1   [ RunTime:0.0000s ]
SQL: SELECT * FROM `blog_mood` WHERE `uid` = 52 ORDER BY addtime desc LIMIT 5   [ RunTime:0.0020s ]
NOTIC: [2048] Declaration of Home\Controller\LogController::theme() should be compatible with Think\Controller::theme($theme) F:\learn\php\blog\Application\Home\Controller\LogController.class.php 第 322 行.
NOTIC: [2] Missing argument 1 for Home\Controller\LogController::getLogCateId(), called in F:\learn\php\blog\Application\Home\Controller\MydongController.class.php on line 47 and defined F:\learn\php\blog\Application\Home\Controller\LogController.class.php 第 98 行.
NOTIC: [8] Undefined variable: data F:\learn\php\blog\Application\Home\Controller\LogController.class.php 第 99 行.
SQL: SELECT * FROM `blog_log_cate` WHERE `uid` = 52  [ RunTime:0.0000s ]
SQL: SELECT * FROM `blog_log` WHERE ( cid in (38) ) ORDER BY addtime desc LIMIT 2   [ RunTime:0.0000s ]
INFO: [ view_parse ] --START--
INFO: [ template_filter ] --START--
INFO: Run Behavior\ContentReplaceBehavior [ RunTime:0.000000s ]
INFO: [ template_filter ] --END-- [ RunTime:0.000000s ]
NOTIC: [8] Undefined index: username F:\learn\php\blog\Application\Runtime\Cache\Home\6fcc33eadbb72cc334effaf83fb52dae.php 第 12 行.
NOTIC: [8] Use of undefined constant title - assumed 'title' F:\learn\php\blog\Application\Runtime\Cache\Home\6fcc33eadbb72cc334effaf83fb52dae.php 第 12 行.
NOTIC: [8] Undefined index: review F:\learn\php\blog\Application\Runtime\Cache\Home\6fcc33eadbb72cc334effaf83fb52dae.php 第 18 行.
NOTIC: [8] Undefined index: uid F:\learn\php\blog\Application\Runtime\Cache\Home\6fcc33eadbb72cc334effaf83fb52dae.php 第 66 行.
NOTIC: [8] Undefined index: username F:\learn\php\blog\Application\Runtime\Cache\Home\6fcc33eadbb72cc334effaf83fb52dae.php 第 12 行.
NOTIC: [8] Use of undefined constant title - assumed 'title' F:\learn\php\blog\Application\Runtime\Cache\Home\6fcc33eadbb72cc334effaf83fb52dae.php 第 12 行.
NOTIC: [8] Undefined index: title F:\learn\php\blog\Application\Runtime\Cache\Home\6fcc33eadbb72cc334effaf83fb52dae.php 第 12 行.
NOTIC: [8] Undefined index: review F:\learn\php\blog\Application\Runtime\Cache\Home\6fcc33eadbb72cc334effaf83fb52dae.php 第 18 行.
NOTIC: [8] Undefined index: username F:\learn\php\blog\Application\Runtime\Cache\Home\6fcc33eadbb72cc334effaf83fb52dae.php 第 12 行.
NOTIC: [8] Use of undefined constant title - assumed 'title' F:\learn\php\blog\Application\Runtime\Cache\Home\6fcc33eadbb72cc334effaf83fb52dae.php 第 12 行.
NOTIC: [8] Undefined index: title F:\learn\php\blog\Application\Runtime\Cache\Home\6fcc33eadbb72cc334effaf83fb52dae.php 第 12 行.
NOTIC: [8] Undefined index: review F:\learn\php\blog\Application\Runtime\Cache\Home\6fcc33eadbb72cc334effaf83fb52dae.php 第 18 行.
NOTIC: [8] Undefined index: username F:\learn\php\blog\Application\Runtime\Cache\Home\6fcc33eadbb72cc334effaf83fb52dae.php 第 12 行.
NOTIC: [8] Use of undefined constant title - assumed 'title' F:\learn\php\blog\Application\Runtime\Cache\Home\6fcc33eadbb72cc334effaf83fb52dae.php 第 12 行.
NOTIC: [8] Undefined index: title F:\learn\php\blog\Application\Runtime\Cache\Home\6fcc33eadbb72cc334effaf83fb52dae.php 第 12 行.
NOTIC: [8] Undefined index: review F:\learn\php\blog\Application\Runtime\Cache\Home\6fcc33eadbb72cc334effaf83fb52dae.php 第 18 行.
NOTIC: [8] Undefined index: username F:\learn\php\blog\Application\Runtime\Cache\Home\6fcc33eadbb72cc334effaf83fb52dae.php 第 12 行.
NOTIC: [8] Use of undefined constant title - assumed 'title' F:\learn\php\blog\Application\Runtime\Cache\Home\6fcc33eadbb72cc334effaf83fb52dae.php 第 12 行.
NOTIC: [8] Undefined index: title F:\learn\php\blog\Application\Runtime\Cache\Home\6fcc33eadbb72cc334effaf83fb52dae.php 第 12 行.
NOTIC: [8] Undefined index: review F:\learn\php\blog\Application\Runtime\Cache\Home\6fcc33eadbb72cc334effaf83fb52dae.php 第 18 行.
NOTIC: [8] Undefined index: username F:\learn\php\blog\Application\Runtime\Cache\Home\6fcc33eadbb72cc334effaf83fb52dae.php 第 12 行.
NOTIC: [8] Use of undefined constant title - assumed 'title' F:\learn\php\blog\Application\Runtime\Cache\Home\6fcc33eadbb72cc334effaf83fb52dae.php 第 12 行.
NOTIC: [8] Undefined index: title F:\learn\php\blog\Application\Runtime\Cache\Home\6fcc33eadbb72cc334effaf83fb52dae.php 第 12 行.
NOTIC: [8] Undefined index: review F:\learn\php\blog\Application\Runtime\Cache\Home\6fcc33eadbb72cc334effaf83fb52dae.php 第 18 行.
INFO: Run Behavior\ParseTemplateBehavior [ RunTime:0.025002s ]
INFO: [ view_parse ] --END-- [ RunTime:0.025002s ]
INFO: [ view_filter ] --START--
INFO: Run Behavior\WriteHtmlCacheBehavior [ RunTime:0.000000s ]
INFO: [ view_filter ] --END-- [ RunTime:0.000000s ]
INFO: [ app_end ] --START--
INFO: Run Behavior\ShowPageTraceBehavior [ RunTime:0.000000s ]
INFO: [ app_end ] --END-- [ RunTime:0.000000s ]

[ 2016-04-06T13:44:27+08:00 ] 127.0.0.1 /
INFO: [ app_init ] --START--
INFO: Run Behavior\BuildLiteBehavior [ RunTime:0.000000s ]
INFO: [ app_init ] --END-- [ RunTime:0.001000s ]
INFO: [ app_begin ] --START--
INFO: Run Behavior\ReadHtmlCacheBehavior [ RunTime:0.000000s ]
INFO: [ app_begin ] --END-- [ RunTime:0.001000s ]

[ 2016-04-06T13:44:27+08:00 ] 127.0.0.1 /index.php/Home/Register/register.html
INFO: [ app_init ] --START--
INFO: Run Behavior\BuildLiteBehavior [ RunTime:0.000000s ]
INFO: [ app_init ] --END-- [ RunTime:0.001000s ]
INFO: [ app_begin ] --START--
INFO: Run Behavior\ReadHtmlCacheBehavior [ RunTime:0.001000s ]
INFO: [ app_begin ] --END-- [ RunTime:0.001000s ]
INFO: [ view_parse ] --START--
INFO: [ template_filter ] --START--
INFO: Run Behavior\ContentReplaceBehavior [ RunTime:0.000000s ]
INFO: [ template_filter ] --END-- [ RunTime:0.001000s ]
INFO: Run Behavior\ParseTemplateBehavior [ RunTime:0.011001s ]
INFO: [ view_parse ] --END-- [ RunTime:0.011001s ]
INFO: [ view_filter ] --START--
INFO: Run Behavior\WriteHtmlCacheBehavior [ RunTime:0.000000s ]
INFO: [ view_filter ] --END-- [ RunTime:0.000000s ]
INFO: [ app_end ] --START--
INFO: Run Behavior\ShowPageTraceBehavior [ RunTime:0.000000s ]
INFO: [ app_end ] --END-- [ RunTime:0.000000s ]

[ 2016-04-06T13:44:28+08:00 ] 127.0.0.1 /index.php/Home/Register/verifyImg
INFO: [ app_init ] --START--
INFO: Run Behavior\BuildLiteBehavior [ RunTime:0.000000s ]
INFO: [ app_init ] --END-- [ RunTime:0.000000s ]
INFO: [ app_begin ] --START--
INFO: Run Behavior\ReadHtmlCacheBehavior [ RunTime:0.001000s ]
INFO: [ app_begin ] --END-- [ RunTime:0.001000s ]
INFO: [ app_end ] --START--
INFO: Run Behavior\ShowPageTraceBehavior [ RunTime:0.001000s ]
INFO: [ app_end ] --END-- [ RunTime:0.001000s ]

[ 2016-04-06T13:44:41+08:00 ] 127.0.0.1 /index.php/Home/Login/dologin.html
INFO: [ app_init ] --START--
INFO: Run Behavior\BuildLiteBehavior [ RunTime:0.000000s ]
INFO: [ app_init ] --END-- [ RunTime:0.000000s ]
INFO: [ app_begin ] --START--
INFO: Run Behavior\ReadHtmlCacheBehavior [ RunTime:0.001000s ]
INFO: [ app_begin ] --END-- [ RunTime:0.001000s ]
SQL: SELECT * FROM `blog_user` WHERE `email` = 'apeng1@qq.com' LIMIT 1   [ RunTime:0.0000s ]
SQL: SELECT * FROM `blog_user` WHERE `id` = 52 LIMIT 1   [ RunTime:0.0000s ]
SQL: UPDATE `blog_user` SET `experience`='185' WHERE `id` = 52 [ RunTime:0.1210s ]

[ 2016-04-06T13:44:41+08:00 ] 127.0.0.1 /index.php/Home/Index/index.html
INFO: [ app_init ] --START--
INFO: Run Behavior\BuildLiteBehavior [ RunTime:0.001000s ]
INFO: [ app_init ] --END-- [ RunTime:0.001000s ]
INFO: [ app_begin ] --START--
INFO: Run Behavior\ReadHtmlCacheBehavior [ RunTime:0.001000s ]
INFO: [ app_begin ] --END-- [ RunTime:0.001000s ]
SQL: SELECT * FROM `blog_head_img` WHERE `uid` = 52 LIMIT 1   [ RunTime:0.0010s ]
SQL: SELECT * FROM `blog_visitor` WHERE `uid` = 52 GROUP BY visitor ORDER BY addtime desc LIMIT 9   [ RunTime:0.0000s ]
SQL: SELECT * FROM `blog_head_img` WHERE `uid` = 61 LIMIT 1   [ RunTime:0.0010s ]
SQL: SELECT * FROM `blog_user` WHERE `id` = 61 LIMIT 1   [ RunTime:0.0010s ]
SQL: SELECT * FROM `blog_head_img` WHERE `uid` = 53 LIMIT 1   [ RunTime:0.0010s ]
SQL: SELECT * FROM `blog_user` WHERE `id` = 53 LIMIT 1   [ RunTime:0.0010s ]
SQL: SELECT * FROM `blog_user` WHERE `id` = 52 LIMIT 1   [ RunTime:0.0010s ]
SQL: SELECT * FROM `blog_news` ORDER BY addtime desc LIMIT 6   [ RunTime:0.0010s ]
INFO: [ view_parse ] --START--
INFO: [ template_filter ] --START--
INFO: Run Behavior\ContentReplaceBehavior [ RunTime:0.000000s ]
INFO: [ template_filter ] --END-- [ RunTime:0.001000s ]
INFO: Run Behavior\ParseTemplateBehavior [ RunTime:0.023002s ]
INFO: [ view_parse ] --END-- [ RunTime:0.023002s ]
INFO: [ view_filter ] --START--
INFO: Run Behavior\WriteHtmlCacheBehavior [ RunTime:0.001000s ]
INFO: [ view_filter ] --END-- [ RunTime:0.001000s ]
INFO: [ app_end ] --START--
INFO: Run Behavior\ShowPageTraceBehavior [ RunTime:0.001000s ]
INFO: [ app_end ] --END-- [ RunTime:0.001000s ]

[ 2016-04-06T13:44:41+08:00 ] 127.0.0.1 /index.php/Home/Mydong/friend.html
INFO: [ app_init ] --START--
INFO: Run Behavior\BuildLiteBehavior [ RunTime:0.000000s ]
INFO: [ app_init ] --END-- [ RunTime:0.001000s ]
INFO: [ app_begin ] --START--
INFO: Run Behavior\ReadHtmlCacheBehavior [ RunTime:0.001000s ]
INFO: [ app_begin ] --END-- [ RunTime:0.001000s ]
NOTIC: [8] Undefined index: uid F:\learn\php\blog\Application\Home\Controller\MydongController.class.php 第 71 行.
SQL: SELECT `fidlist` FROM `blog_friend` WHERE `uid` = 52  [ RunTime:0.0010s ]
SQL: SELECT * FROM `blog_record` WHERE ( uid in (56,53,61,61) ) ORDER BY addtime desc LIMIT 10   [ RunTime:0.0010s ]
SQL: SELECT * FROM `blog_user` WHERE `id` = 61 LIMIT 1   [ RunTime:0.0010s ]
SQL: SELECT * FROM `blog_head_img` WHERE `uid` = 61 LIMIT 1   [ RunTime:0.0010s ]
SQL: SELECT * FROM `blog_user` WHERE `id` = 61 LIMIT 1   [ RunTime:0.0000s ]
SQL: SELECT * FROM `blog_head_img` WHERE `uid` = 61 LIMIT 1   [ RunTime:0.0000s ]
SQL: SELECT * FROM `blog_user` WHERE `id` = 53 LIMIT 1   [ RunTime:0.0010s ]
SQL: SELECT * FROM `blog_head_img` WHERE `uid` = 53 LIMIT 1   [ RunTime:0.0000s ]
SQL: SELECT * FROM `blog_user` WHERE `id` = 53 LIMIT 1   [ RunTime:0.0020s ]
SQL: SELECT * FROM `blog_head_img` WHERE `uid` = 53 LIMIT 1   [ RunTime:0.0000s ]
SQL: SELECT * FROM `blog_user` WHERE `id` = 53 LIMIT 1   [ RunTime:0.0000s ]
SQL: SELECT * FROM `blog_head_img` WHERE `uid` = 53 LIMIT 1   [ RunTime:0.0010s ]
SQL: SELECT * FROM `blog_user` WHERE `id` = 53 LIMIT 1   [ RunTime:0.0000s ]
SQL: SELECT * FROM `blog_head_img` WHERE `uid` = 53 LIMIT 1   [ RunTime:0.0000s ]
SQL: SELECT * FROM `blog_mood` WHERE ( uid in (56,53,61,61) ) ORDER BY addtime desc LIMIT 3   [ RunTime:0.0000s ]
SQL: SELECT * FROM `blog_log_cate` WHERE ( uid in (56,53,61,61) )  [ RunTime:0.0010s ]
NOTIC: [2048] Declaration of Home\Controller\LogController::theme() should be compatible with Think\Controller::theme($theme) F:\learn\php\blog\Application\Home\Controller\LogController.class.php 第 322 行.
SQL: SELECT * FROM `blog_log` WHERE ( cid in (39,42,47,49) ) ORDER BY addtime desc LIMIT 3   [ RunTime:0.0010s ]
INFO: [ view_parse ] --START--
INFO: [ template_filter ] --START--
INFO: Run Behavior\ContentReplaceBehavior [ RunTime:0.000000s ]
INFO: [ template_filter ] --END-- [ RunTime:0.000000s ]
NOTIC: [8] Use of undefined constant title - assumed 'title' F:\learn\php\blog\Application\Runtime\Cache\Home\096c0501a97510b87ff0ba23b4c95a80.php 第 11 行.
NOTIC: [8] Undefined index: review F:\learn\php\blog\Application\Runtime\Cache\Home\096c0501a97510b87ff0ba23b4c95a80.php 第 17 行.
NOTIC: [8] Undefined index: uid F:\learn\php\blog\Application\Runtime\Cache\Home\096c0501a97510b87ff0ba23b4c95a80.php 第 65 行.
NOTIC: [8] Use of undefined constant title - assumed 'title' F:\learn\php\blog\Application\Runtime\Cache\Home\096c0501a97510b87ff0ba23b4c95a80.php 第 11 行.
NOTIC: [8] Undefined index: title F:\learn\php\blog\Application\Runtime\Cache\Home\096c0501a97510b87ff0ba23b4c95a80.php 第 11 行.
NOTIC: [8] Undefined index: review F:\learn\php\blog\Application\Runtime\Cache\Home\096c0501a97510b87ff0ba23b4c95a80.php 第 17 行.
NOTIC: [8] Use of undefined constant title - assumed 'title' F:\learn\php\blog\Application\Runtime\Cache\Home\096c0501a97510b87ff0ba23b4c95a80.php 第 11 行.
NOTIC: [8] Undefined index: review F:\learn\php\blog\Application\Runtime\Cache\Home\096c0501a97510b87ff0ba23b4c95a80.php 第 17 行.
NOTIC: [8] Undefined index: uid F:\learn\php\blog\Application\Runtime\Cache\Home\096c0501a97510b87ff0ba23b4c95a80.php 第 65 行.
NOTIC: [8] Use of undefined constant title - assumed 'title' F:\learn\php\blog\Application\Runtime\Cache\Home\096c0501a97510b87ff0ba23b4c95a80.php 第 11 行.
NOTIC: [8] Undefined index: title F:\learn\php\blog\Application\Runtime\Cache\Home\096c0501a97510b87ff0ba23b4c95a80.php 第 11 行.
NOTIC: [8] Undefined index: review F:\learn\php\blog\Application\Runtime\Cache\Home\096c0501a97510b87ff0ba23b4c95a80.php 第 17 行.
NOTIC: [8] Use of undefined constant title - assumed 'title' F:\learn\php\blog\Application\Runtime\Cache\Home\096c0501a97510b87ff0ba23b4c95a80.php 第 11 行.
NOTIC: [8] Undefined index: title F:\learn\php\blog\Application\Runtime\Cache\Home\096c0501a97510b87ff0ba23b4c95a80.php 第 11 行.
NOTIC: [8] Undefined index: review F:\learn\php\blog\Application\Runtime\Cache\Home\096c0501a97510b87ff0ba23b4c95a80.php 第 17 行.
INFO: Run Behavior\ParseTemplateBehavior [ RunTime:0.025001s ]
INFO: [ view_parse ] --END-- [ RunTime:0.025001s ]
INFO: [ view_filter ] --START--
INFO: Run Behavior\WriteHtmlCacheBehavior [ RunTime:0.001000s ]
INFO: [ view_filter ] --END-- [ RunTime:0.001000s ]
INFO: [ app_end ] --START--
INFO: Run Behavior\ShowPageTraceBehavior [ RunTime:0.001000s ]
INFO: [ app_end ] --END-- [ RunTime:0.001000s ]

[ 2016-04-06T13:45:07+08:00 ] 127.0.0.1 /index.php/Home/Index/index.html
INFO: [ app_init ] --START--
INFO: Run Behavior\BuildLiteBehavior [ RunTime:0.000000s ]
INFO: [ app_init ] --END-- [ RunTime:0.001000s ]
INFO: [ app_begin ] --START--
INFO: Run Behavior\ReadHtmlCacheBehavior [ RunTime:0.000000s ]
INFO: [ app_begin ] --END-- [ RunTime:0.001000s ]
SQL: SELECT * FROM `blog_head_img` WHERE `uid` = 52 LIMIT 1   [ RunTime:0.0010s ]
SQL: SELECT * FROM `blog_visitor` WHERE `uid` = 52 GROUP BY visitor ORDER BY addtime desc LIMIT 9   [ RunTime:0.0010s ]
SQL: SELECT * FROM `blog_head_img` WHERE `uid` = 61 LIMIT 1   [ RunTime:0.0010s ]
SQL: SELECT * FROM `blog_user` WHERE `id` = 61 LIMIT 1   [ RunTime:0.0010s ]
SQL: SELECT * FROM `blog_head_img` WHERE `uid` = 53 LIMIT 1   [ RunTime:0.0010s ]
SQL: SELECT * FROM `blog_user` WHERE `id` = 53 LIMIT 1   [ RunTime:0.0010s ]
SQL: SELECT * FROM `blog_user` WHERE `id` = 52 LIMIT 1   [ RunTime:0.0010s ]
SQL: SELECT * FROM `blog_news` ORDER BY addtime desc LIMIT 6   [ RunTime:0.0000s ]
INFO: [ view_parse ] --START--
INFO: [ template_filter ] --START--
INFO: Run Behavior\ContentReplaceBehavior [ RunTime:0.000000s ]
INFO: [ template_filter ] --END-- [ RunTime:0.000000s ]
INFO: Run Behavior\ParseTemplateBehavior [ RunTime:0.025001s ]
INFO: [ view_parse ] --END-- [ RunTime:0.025001s ]
INFO: [ view_filter ] --START--
INFO: Run Behavior\WriteHtmlCacheBehavior [ RunTime:0.000000s ]
INFO: [ view_filter ] --END-- [ RunTime:0.000000s ]
INFO: [ app_end ] --START--
INFO: Run Behavior\ShowPageTraceBehavior [ RunTime:0.000000s ]
INFO: [ app_end ] --END-- [ RunTime:0.000000s ]

[ 2016-04-06T13:45:07+08:00 ] 127.0.0.1 /index.php/Home/Mydong/friend.html
INFO: [ app_init ] --START--
INFO: Run Behavior\BuildLiteBehavior [ RunTime:0.000000s ]
INFO: [ app_init ] --END-- [ RunTime:0.001001s ]
INFO: [ app_begin ] --START--
INFO: Run Behavior\ReadHtmlCacheBehavior [ RunTime:0.001000s ]
INFO: [ app_begin ] --END-- [ RunTime:0.001000s ]
NOTIC: [8] Undefined index: uid F:\learn\php\blog\Application\Home\Controller\MydongController.class.php 第 71 行.
SQL: SELECT `fidlist` FROM `blog_friend` WHERE `uid` = 52  [ RunTime:0.0010s ]
SQL: SELECT * FROM `blog_record` WHERE ( uid in (56,53,61,61) ) ORDER BY addtime desc LIMIT 10   [ RunTime:0.0010s ]
SQL: SELECT * FROM `blog_user` WHERE `id` = 61 LIMIT 1   [ RunTime:0.0010s ]
SQL: SELECT * FROM `blog_head_img` WHERE `uid` = 61 LIMIT 1   [ RunTime:0.0010s ]
SQL: SELECT * FROM `blog_user` WHERE `id` = 61 LIMIT 1   [ RunTime:0.0000s ]
SQL: SELECT * FROM `blog_head_img` WHERE `uid` = 61 LIMIT 1   [ RunTime:0.0000s ]
SQL: SELECT * FROM `blog_user` WHERE `id` = 53 LIMIT 1   [ RunTime:0.0010s ]
SQL: SELECT * FROM `blog_head_img` WHERE `uid` = 53 LIMIT 1   [ RunTime:0.0000s ]
SQL: SELECT * FROM `blog_user` WHERE `id` = 53 LIMIT 1   [ RunTime:0.0000s ]
SQL: SELECT * FROM `blog_head_img` WHERE `uid` = 53 LIMIT 1   [ RunTime:0.0000s ]
SQL: SELECT * FROM `blog_user` WHERE `id` = 53 LIMIT 1   [ RunTime:0.0010s ]
SQL: SELECT * FROM `blog_head_img` WHERE `uid` = 53 LIMIT 1   [ RunTime:0.0000s ]
SQL: SELECT * FROM `blog_user` WHERE `id` = 53 LIMIT 1   [ RunTime:0.0000s ]
SQL: SELECT * FROM `blog_head_img` WHERE `uid` = 53 LIMIT 1   [ RunTime:0.0000s ]
SQL: SELECT * FROM `blog_mood` WHERE ( uid in (56,53,61,61) ) ORDER BY addtime desc LIMIT 3   [ RunTime:0.0000s ]
SQL: SELECT * FROM `blog_log_cate` WHERE ( uid in (56,53,61,61) )  [ RunTime:0.0010s ]
NOTIC: [2048] Declaration of Home\Controller\LogController::theme() should be compatible with Think\Controller::theme($theme) F:\learn\php\blog\Application\Home\Controller\LogController.class.php 第 322 行.
SQL: SELECT * FROM `blog_log` WHERE ( cid in (39,42,47,49) ) ORDER BY addtime desc LIMIT 3   [ RunTime:0.0010s ]
INFO: [ view_parse ] --START--
INFO: [ template_filter ] --START--
INFO: Run Behavior\ContentReplaceBehavior [ RunTime:0.000000s ]
INFO: [ template_filter ] --END-- [ RunTime:0.000000s ]
NOTIC: [8] Use of undefined constant title - assumed 'title' F:\learn\php\blog\Application\Runtime\Cache\Home\096c0501a97510b87ff0ba23b4c95a80.php 第 11 行.
NOTIC: [8] Undefined index: review F:\learn\php\blog\Application\Runtime\Cache\Home\096c0501a97510b87ff0ba23b4c95a80.php 第 17 行.
NOTIC: [8] Undefined index: uid F:\learn\php\blog\Application\Runtime\Cache\Home\096c0501a97510b87ff0ba23b4c95a80.php 第 65 行.
NOTIC: [8] Use of undefined constant title - assumed 'title' F:\learn\php\blog\Application\Runtime\Cache\Home\096c0501a97510b87ff0ba23b4c95a80.php 第 11 行.
NOTIC: [8] Undefined index: title F:\learn\php\blog\Application\Runtime\Cache\Home\096c0501a97510b87ff0ba23b4c95a80.php 第 11 行.
NOTIC: [8] Undefined index: review F:\learn\php\blog\Application\Runtime\Cache\Home\096c0501a97510b87ff0ba23b4c95a80.php 第 17 行.
NOTIC: [8] Use of undefined constant title - assumed 'title' F:\learn\php\blog\Application\Runtime\Cache\Home\096c0501a97510b87ff0ba23b4c95a80.php 第 11 行.
NOTIC: [8] Undefined index: review F:\learn\php\blog\Application\Runtime\Cache\Home\096c0501a97510b87ff0ba23b4c95a80.php 第 17 行.
NOTIC: [8] Undefined index: uid F:\learn\php\blog\Application\Runtime\Cache\Home\096c0501a97510b87ff0ba23b4c95a80.php 第 65 行.
NOTIC: [8] Use of undefined constant title - assumed 'title' F:\learn\php\blog\Application\Runtime\Cache\Home\096c0501a97510b87ff0ba23b4c95a80.php 第 11 行.
NOTIC: [8] Undefined index: title F:\learn\php\blog\Application\Runtime\Cache\Home\096c0501a97510b87ff0ba23b4c95a80.php 第 11 行.
NOTIC: [8] Undefined index: review F:\learn\php\blog\Application\Runtime\Cache\Home\096c0501a97510b87ff0ba23b4c95a80.php 第 17 行.
NOTIC: [8] Use of undefined constant title - assumed 'title' F:\learn\php\blog\Application\Runtime\Cache\Home\096c0501a97510b87ff0ba23b4c95a80.php 第 11 行.
NOTIC: [8] Undefined index: title F:\learn\php\blog\Application\Runtime\Cache\Home\096c0501a97510b87ff0ba23b4c95a80.php 第 11 行.
NOTIC: [8] Undefined index: review F:\learn\php\blog\Application\Runtime\Cache\Home\096c0501a97510b87ff0ba23b4c95a80.php 第 17 行.
INFO: Run Behavior\ParseTemplateBehavior [ RunTime:0.023002s ]
INFO: [ view_parse ] --END-- [ RunTime:0.024002s ]
INFO: [ view_filter ] --START--
INFO: Run Behavior\WriteHtmlCacheBehavior [ RunTime:0.000000s ]
INFO: [ view_filter ] --END-- [ RunTime:0.000000s ]
INFO: [ app_end ] --START--
INFO: Run Behavior\ShowPageTraceBehavior [ RunTime:0.001000s ]
INFO: [ app_end ] --END-- [ RunTime:0.001000s ]

[ 2016-04-06T13:45:20+08:00 ] 127.0.0.1 /index.php/Home/Resource/index.html
INFO: [ app_init ] --START--
INFO: Run Behavior\BuildLiteBehavior [ RunTime:0.000000s ]
INFO: [ app_init ] --END-- [ RunTime:0.000000s ]
INFO: [ app_begin ] --START--
INFO: Run Behavior\ReadHtmlCacheBehavior [ RunTime:0.000000s ]
INFO: [ app_begin ] --END-- [ RunTime:0.000000s ]
SQL: select r.id,r.type,r.header,r.main,r.score,r.download,r.addtime,u.username from blog_resource r left join blog_user u on r.uid=u.id order by r.download desc limit 5 [ RunTime:0.0010s ]
INFO: [ view_parse ] --START--
INFO: [ template_filter ] --START--
INFO: Run Behavior\ContentReplaceBehavior [ RunTime:0.000000s ]
INFO: [ template_filter ] --END-- [ RunTime:0.000000s ]
NOTIC: [8] Undefined variable: title F:\learn\php\blog\Application\Runtime\Cache\Home\1f500f88dc3c7a30fce9587ab1010eea.php 第 7 行.
INFO: Run Behavior\ParseTemplateBehavior [ RunTime:0.020001s ]
INFO: [ view_parse ] --END-- [ RunTime:0.020001s ]
INFO: [ view_filter ] --START--
INFO: Run Behavior\WriteHtmlCacheBehavior [ RunTime:0.001000s ]
INFO: [ view_filter ] --END-- [ RunTime:0.001000s ]
INFO: [ app_end ] --START--
INFO: Run Behavior\ShowPageTraceBehavior [ RunTime:0.001000s ]
INFO: [ app_end ] --END-- [ RunTime:0.001000s ]

[ 2016-04-06T13:45:25+08:00 ] 127.0.0.1 /index.php/Home/Resource/literature.html
INFO: [ app_init ] --START--
INFO: Run Behavior\BuildLiteBehavior [ RunTime:0.000000s ]
INFO: [ app_init ] --END-- [ RunTime:0.001000s ]
INFO: [ app_begin ] --START--
INFO: Run Behavior\ReadHtmlCacheBehavior [ RunTime:0.001000s ]
INFO: [ app_begin ] --END-- [ RunTime:0.001000s ]
SQL: select r.id,r.type,r.header,r.main,r.score,r.download,r.addtime,u.username from blog_resource r left join blog_user u on r.uid=u.id where r.type='文学' order by r.addtime desc [ RunTime:0.0010s ]
INFO: [ view_parse ] --START--
INFO: [ template_filter ] --START--
INFO: Run Behavior\ContentReplaceBehavior [ RunTime:0.000000s ]
INFO: [ template_filter ] --END-- [ RunTime:0.000000s ]
INFO: Run Behavior\ParseTemplateBehavior [ RunTime:0.012000s ]
INFO: [ view_parse ] --END-- [ RunTime:0.013000s ]
INFO: [ view_filter ] --START--
INFO: Run Behavior\WriteHtmlCacheBehavior [ RunTime:0.000000s ]
INFO: [ view_filter ] --END-- [ RunTime:0.000000s ]
INFO: [ app_end ] --START--
INFO: Run Behavior\ShowPageTraceBehavior [ RunTime:0.001000s ]
INFO: [ app_end ] --END-- [ RunTime:0.001000s ]

[ 2016-04-06T13:45:26+08:00 ] 127.0.0.1 /index.php/Home/Resource/technology.html
INFO: [ app_init ] --START--
INFO: Run Behavior\BuildLiteBehavior [ RunTime:0.000000s ]
INFO: [ app_init ] --END-- [ RunTime:0.001000s ]
INFO: [ app_begin ] --START--
INFO: Run Behavior\ReadHtmlCacheBehavior [ RunTime:0.001001s ]
INFO: [ app_begin ] --END-- [ RunTime:0.001001s ]
SQL: select r.id,r.type,r.header,r.main,r.score,r.download,r.addtime,u.username from blog_resource r left join blog_user u on r.uid=u.id where r.type='技术' order by r.addtime desc [ RunTime:0.0010s ]
INFO: [ view_parse ] --START--
INFO: [ template_filter ] --START--
INFO: Run Behavior\ContentReplaceBehavior [ RunTime:0.000000s ]
INFO: [ template_filter ] --END-- [ RunTime:0.001000s ]
INFO: Run Behavior\ParseTemplateBehavior [ RunTime:0.012001s ]
INFO: [ view_parse ] --END-- [ RunTime:0.012001s ]
INFO: [ view_filter ] --START--
INFO: Run Behavior\WriteHtmlCacheBehavior [ RunTime:0.000000s ]
INFO: [ view_filter ] --END-- [ RunTime:0.000000s ]
INFO: [ app_end ] --START--
INFO: Run Behavior\ShowPageTraceBehavior [ RunTime:0.001000s ]
INFO: [ app_end ] --END-- [ RunTime:0.001000s ]

[ 2016-04-06T13:45:28+08:00 ] 127.0.0.1 /index.php/Home/Resource/education.html
INFO: [ app_init ] --START--
INFO: Run Behavior\BuildLiteBehavior [ RunTime:0.001000s ]
INFO: [ app_init ] --END-- [ RunTime:0.001000s ]
INFO: [ app_begin ] --START--
INFO: Run Behavior\ReadHtmlCacheBehavior [ RunTime:0.001000s ]
INFO: [ app_begin ] --END-- [ RunTime:0.001000s ]
SQL: select r.id,r.type,r.header,r.main,r.score,r.download,r.addtime,u.username from blog_resource r left join blog_user u on r.uid=u.id where r.type='教育' order by r.addtime desc [ RunTime:0.0010s ]
INFO: [ view_parse ] --START--
INFO: [ template_filter ] --START--
INFO: Run Behavior\ContentReplaceBehavior [ RunTime:0.000000s ]
INFO: [ template_filter ] --END-- [ RunTime:0.000000s ]
INFO: Run Behavior\ParseTemplateBehavior [ RunTime:0.011001s ]
INFO: [ view_parse ] --END-- [ RunTime:0.011001s ]
INFO: [ view_filter ] --START--
INFO: Run Behavior\WriteHtmlCacheBehavior [ RunTime:0.000000s ]
INFO: [ view_filter ] --END-- [ RunTime:0.000000s ]
INFO: [ app_end ] --START--
INFO: Run Behavior\ShowPageTraceBehavior [ RunTime:0.001000s ]
INFO: [ app_end ] --END-- [ RunTime:0.001000s ]

[ 2016-04-06T13:45:29+08:00 ] 127.0.0.1 /index.php/Home/Resource/add.html
INFO: [ app_init ] --START--
INFO: Run Behavior\BuildLiteBehavior [ RunTime:0.000000s ]
INFO: [ app_init ] --END-- [ RunTime:0.000000s ]
INFO: [ app_begin ] --START--
INFO: Run Behavior\ReadHtmlCacheBehavior [ RunTime:0.000000s ]
INFO: [ app_begin ] --END-- [ RunTime:0.001000s ]
INFO: [ view_parse ] --START--
INFO: [ template_filter ] --START--
INFO: Run Behavior\ContentReplaceBehavior [ RunTime:0.000000s ]
INFO: [ template_filter ] --END-- [ RunTime:0.000000s ]
NOTIC: [8] Undefined variable: title F:\learn\php\blog\Application\Runtime\Cache\Home\db71a41dcaf36b855f97adcc9c5881a6.php 第 7 行.
INFO: Run Behavior\ParseTemplateBehavior [ RunTime:0.018001s ]
INFO: [ view_parse ] --END-- [ RunTime:0.018001s ]
INFO: [ view_filter ] --START--
INFO: Run Behavior\WriteHtmlCacheBehavior [ RunTime:0.000000s ]
INFO: [ view_filter ] --END-- [ RunTime:0.000000s ]
INFO: [ app_end ] --START--
INFO: Run Behavior\ShowPageTraceBehavior [ RunTime:0.000000s ]
INFO: [ app_end ] --END-- [ RunTime:0.000000s ]

[ 2016-04-06T13:45:31+08:00 ] 127.0.0.1 /index.php/Home/Resource/index.html
INFO: [ app_init ] --START--
INFO: Run Behavior\BuildLiteBehavior [ RunTime:0.000000s ]
INFO: [ app_init ] --END-- [ RunTime:0.001000s ]
INFO: [ app_begin ] --START--
INFO: Run Behavior\ReadHtmlCacheBehavior [ RunTime:0.000000s ]
INFO: [ app_begin ] --END-- [ RunTime:0.000000s ]
SQL: select r.id,r.type,r.header,r.main,r.score,r.download,r.addtime,u.username from blog_resource r left join blog_user u on r.uid=u.id order by r.download desc limit 5 [ RunTime:0.0000s ]
INFO: [ view_parse ] --START--
INFO: [ template_filter ] --START--
INFO: Run Behavior\ContentReplaceBehavior [ RunTime:0.001000s ]
INFO: [ template_filter ] --END-- [ RunTime:0.001000s ]
NOTIC: [8] Undefined variable: title F:\learn\php\blog\Application\Runtime\Cache\Home\1f500f88dc3c7a30fce9587ab1010eea.php 第 7 行.
INFO: Run Behavior\ParseTemplateBehavior [ RunTime:0.020002s ]
INFO: [ view_parse ] --END-- [ RunTime:0.020002s ]
INFO: [ view_filter ] --START--
INFO: Run Behavior\WriteHtmlCacheBehavior [ RunTime:0.001000s ]
INFO: [ view_filter ] --END-- [ RunTime:0.001000s ]
INFO: [ app_end ] --START--
INFO: Run Behavior\ShowPageTraceBehavior [ RunTime:0.001000s ]
INFO: [ app_end ] --END-- [ RunTime:0.001000s ]

[ 2016-04-06T13:45:34+08:00 ] 127.0.0.1 /index.php/Home/Friend/searchfriend.html
INFO: [ app_init ] --START--
INFO: Run Behavior\BuildLiteBehavior [ RunTime:0.001000s ]
INFO: [ app_init ] --END-- [ RunTime:0.001000s ]
INFO: [ app_begin ] --START--
INFO: Run Behavior\ReadHtmlCacheBehavior [ RunTime:0.001000s ]
INFO: [ app_begin ] --END-- [ RunTime:0.001000s ]
SQL: SELECT * FROM `blog_user` WHERE `id` <> '52'  [ RunTime:0.0010s ]
SQL: SELECT * FROM `blog_head_img` WHERE `uid` = 53 LIMIT 1   [ RunTime:0.0000s ]
SQL: SELECT * FROM `blog_head_img` WHERE `uid` = 54 LIMIT 1   [ RunTime:0.0000s ]
SQL: SELECT * FROM `blog_head_img` WHERE `uid` = 55 LIMIT 1   [ RunTime:0.0000s ]
SQL: SELECT * FROM `blog_head_img` WHERE `uid` = 56 LIMIT 1   [ RunTime:0.0000s ]
SQL: SELECT * FROM `blog_head_img` WHERE `uid` = 57 LIMIT 1   [ RunTime:0.0000s ]
SQL: SELECT * FROM `blog_head_img` WHERE `uid` = 58 LIMIT 1   [ RunTime:0.0000s ]
SQL: SELECT * FROM `blog_head_img` WHERE `uid` = 59 LIMIT 1   [ RunTime:0.0000s ]
SQL: SELECT * FROM `blog_head_img` WHERE `uid` = 60 LIMIT 1   [ RunTime:0.0000s ]
SQL: SELECT * FROM `blog_head_img` WHERE `uid` = 61 LIMIT 1   [ RunTime:0.0000s ]
SQL: SELECT * FROM `blog_notice` WHERE `flag` = 3 AND `uid` = 52  [ RunTime:0.0000s ]
SQL: SELECT * FROM `blog_user` WHERE `id` = 56 LIMIT 1   [ RunTime:0.0010s ]
SQL: SELECT * FROM `blog_user` WHERE `id` = 53 LIMIT 1   [ RunTime:0.0010s ]
SQL: SELECT * FROM `blog_user` WHERE `id` = 61 LIMIT 1   [ RunTime:0.0000s ]
SQL: SELECT * FROM `blog_user` WHERE `id` = 61 LIMIT 1   [ RunTime:0.0000s ]
SQL: SELECT `fidlist` FROM `blog_friend` WHERE `uid` = 52 LIMIT 1   [ RunTime:0.0000s ]
SQL: SELECT * FROM `blog_user` WHERE `id` = 56 LIMIT 1   [ RunTime:0.0000s ]
SQL: SELECT * FROM `blog_head_img` WHERE `uid` = 56 LIMIT 1   [ RunTime:0.0000s ]
SQL: SELECT * FROM `blog_user` WHERE `id` = 53 LIMIT 1   [ RunTime:0.0000s ]
SQL: SELECT * FROM `blog_head_img` WHERE `uid` = 53 LIMIT 1   [ RunTime:0.0000s ]
SQL: SELECT * FROM `blog_user` WHERE `id` = 61 LIMIT 1   [ RunTime:0.0000s ]
SQL: SELECT * FROM `blog_head_img` WHERE `uid` = 61 LIMIT 1   [ RunTime:0.0000s ]
SQL: SELECT * FROM `blog_user` WHERE `id` = 61 LIMIT 1   [ RunTime:0.0000s ]
SQL: SELECT * FROM `blog_head_img` WHERE `uid` = 61 LIMIT 1   [ RunTime:0.0000s ]
INFO: [ view_parse ] --START--
INFO: [ template_filter ] --START--
INFO: Run Behavior\ContentReplaceBehavior [ RunTime:0.000000s ]
INFO: [ template_filter ] --END-- [ RunTime:0.000000s ]
NOTIC: [8] Undefined index: id F:\learn\php\blog\Application\Runtime\Cache\Home\9d5e6acdcbaab575f26d50f3c4279cc9.php 第 209 行.
NOTIC: [8] Undefined index: id F:\learn\php\blog\Application\Runtime\Cache\Home\9d5e6acdcbaab575f26d50f3c4279cc9.php 第 209 行.
NOTIC: [8] Undefined index: id F:\learn\php\blog\Application\Runtime\Cache\Home\9d5e6acdcbaab575f26d50f3c4279cc9.php 第 209 行.
NOTIC: [8] Undefined index: id F:\learn\php\blog\Application\Runtime\Cache\Home\9d5e6acdcbaab575f26d50f3c4279cc9.php 第 209 行.
NOTIC: [8] Use of undefined constant state - assumed 'state' F:\learn\php\blog\Application\Runtime\Cache\Home\9d5e6acdcbaab575f26d50f3c4279cc9.php 第 355 行.
NOTIC: [8] Use of undefined constant state - assumed 'state' F:\learn\php\blog\Application\Runtime\Cache\Home\9d5e6acdcbaab575f26d50f3c4279cc9.php 第 355 行.
NOTIC: [8] Use of undefined constant state - assumed 'state' F:\learn\php\blog\Application\Runtime\Cache\Home\9d5e6acdcbaab575f26d50f3c4279cc9.php 第 355 行.
NOTIC: [8] Use of undefined constant state - assumed 'state' F:\learn\php\blog\Application\Runtime\Cache\Home\9d5e6acdcbaab575f26d50f3c4279cc9.php 第 355 行.
INFO: Run Behavior\ParseTemplateBehavior [ RunTime:0.034002s ]
INFO: [ view_parse ] --END-- [ RunTime:0.034002s ]
INFO: [ view_filter ] --START--
INFO: Run Behavior\WriteHtmlCacheBehavior [ RunTime:0.001000s ]
INFO: [ view_filter ] --END-- [ RunTime:0.001000s ]
INFO: [ app_end ] --START--
INFO: Run Behavior\ShowPageTraceBehavior [ RunTime:0.001001s ]
INFO: [ app_end ] --END-- [ RunTime:0.001001s ]

[ 2016-04-06T13:45:37+08:00 ] 127.0.0.1 /index.php/Home/Notice/add.html
INFO: [ app_init ] --START--
INFO: Run Behavior\BuildLiteBehavior [ RunTime:0.000000s ]
INFO: [ app_init ] --END-- [ RunTime:0.001000s ]
INFO: [ app_begin ] --START--
INFO: Run Behavior\ReadHtmlCacheBehavior [ RunTime:0.001000s ]
INFO: [ app_begin ] --END-- [ RunTime:0.001000s ]
SQL: INSERT INTO `blog_notice` (`flag`,`uid`,`sid`,`message`) VALUES ('3','54','52','我想加你为好友') [ RunTime:0.0480s ]
INFO: [ app_end ] --START--
INFO: Run Behavior\ShowPageTraceBehavior [ RunTime:0.001000s ]
INFO: [ app_end ] --END-- [ RunTime:0.003000s ]

[ 2016-04-06T13:45:57+08:00 ] 127.0.0.1 /index.php/Home/User/myhome.html
INFO: [ app_init ] --START--
INFO: Run Behavior\BuildLiteBehavior [ RunTime:0.000000s ]
INFO: [ app_init ] --END-- [ RunTime:0.001000s ]
INFO: [ app_begin ] --START--
INFO: Run Behavior\ReadHtmlCacheBehavior [ RunTime:0.001000s ]
INFO: [ app_begin ] --END-- [ RunTime:0.002000s ]
SQL: SELECT * FROM `blog_user` WHERE `id` = 52 LIMIT 1   [ RunTime:0.0010s ]
SQL: SELECT * FROM `blog_head_img` WHERE `uid` = 52 LIMIT 1   [ RunTime:0.0010s ]
SQL: SELECT * FROM `blog_message` WHERE `uid` = 52 AND `pid` = 0 ORDER BY addtime desc LIMIT 4   [ RunTime:0.0010s ]
SQL: SELECT * FROM `blog_user` WHERE `id` = 52 LIMIT 1   [ RunTime:0.0010s ]
SQL: SELECT * FROM `blog_user` WHERE `id` = 53 LIMIT 1   [ RunTime:0.0010s ]
INFO: [ view_parse ] --START--
INFO: [ template_filter ] --START--
INFO: Run Behavior\ContentReplaceBehavior [ RunTime:0.001001s ]
INFO: [ template_filter ] --END-- [ RunTime:0.001001s ]
INFO: Run Behavior\ParseTemplateBehavior [ RunTime:0.053003s ]
INFO: [ view_parse ] --END-- [ RunTime:0.053003s ]
INFO: [ view_filter ] --START--
INFO: Run Behavior\WriteHtmlCacheBehavior [ RunTime:0.000000s ]
INFO: [ view_filter ] --END-- [ RunTime:0.001000s ]
INFO: [ app_end ] --START--
INFO: Run Behavior\ShowPageTraceBehavior [ RunTime:0.001000s ]
INFO: [ app_end ] --END-- [ RunTime:0.001000s ]

[ 2016-04-06T13:45:58+08:00 ] 127.0.0.1 /index.php/Home/Mydong/index.html
INFO: [ app_init ] --START--
INFO: Run Behavior\BuildLiteBehavior [ RunTime:0.000000s ]
INFO: [ app_init ] --END-- [ RunTime:0.000000s ]
INFO: [ app_begin ] --START--
INFO: Run Behavior\ReadHtmlCacheBehavior [ RunTime:0.001000s ]
INFO: [ app_begin ] --END-- [ RunTime:0.001000s ]
SQL: SELECT * FROM `blog_record` WHERE `uid` = 52 ORDER BY addtime desc LIMIT 10   [ RunTime:0.0010s ]
SQL: SELECT * FROM `blog_user` WHERE `id` = 52 LIMIT 1   [ RunTime:0.0000s ]
SQL: SELECT * FROM `blog_head_img` WHERE `uid` = 52 LIMIT 1   [ RunTime:0.0000s ]
SQL: SELECT * FROM `blog_user` WHERE `id` = 52 LIMIT 1   [ RunTime:0.0000s ]
SQL: SELECT * FROM `blog_head_img` WHERE `uid` = 52 LIMIT 1   [ RunTime:0.0010s ]
SQL: SELECT * FROM `blog_user` WHERE `id` = 52 LIMIT 1   [ RunTime:0.0010s ]
SQL: SELECT * FROM `blog_head_img` WHERE `uid` = 52 LIMIT 1   [ RunTime:0.0010s ]
SQL: SELECT * FROM `blog_user` WHERE `id` = 52 LIMIT 1   [ RunTime:0.0010s ]
SQL: SELECT * FROM `blog_head_img` WHERE `uid` = 52 LIMIT 1   [ RunTime:0.0000s ]
SQL: SELECT * FROM `blog_user` WHERE `id` = 52 LIMIT 1   [ RunTime:0.0000s ]
SQL: SELECT * FROM `blog_head_img` WHERE `uid` = 52 LIMIT 1   [ RunTime:0.0000s ]
SQL: SELECT * FROM `blog_user` WHERE `id` = 52 LIMIT 1   [ RunTime:0.0000s ]
SQL: SELECT * FROM `blog_head_img` WHERE `uid` = 52 LIMIT 1   [ RunTime:0.0000s ]
SQL: SELECT * FROM `blog_user` WHERE `id` = 52 LIMIT 1   [ RunTime:0.0000s ]
SQL: SELECT * FROM `blog_head_img` WHERE `uid` = 52 LIMIT 1   [ RunTime:0.0000s ]
SQL: SELECT * FROM `blog_mood` WHERE `uid` = 52 ORDER BY addtime desc LIMIT 5   [ RunTime:0.0000s ]
NOTIC: [2048] Declaration of Home\Controller\LogController::theme() should be compatible with Think\Controller::theme($theme) F:\learn\php\blog\Application\Home\Controller\LogController.class.php 第 322 行.
NOTIC: [2] Missing argument 1 for Home\Controller\LogController::getLogCateId(), called in F:\learn\php\blog\Application\Home\Controller\MydongController.class.php on line 47 and defined F:\learn\php\blog\Application\Home\Controller\LogController.class.php 第 98 行.
NOTIC: [8] Undefined variable: data F:\learn\php\blog\Application\Home\Controller\LogController.class.php 第 99 行.
SQL: SELECT * FROM `blog_log_cate` WHERE `uid` = 52  [ RunTime:0.0000s ]
SQL: SELECT * FROM `blog_log` WHERE ( cid in (38) ) ORDER BY addtime desc LIMIT 2   [ RunTime:0.0010s ]
INFO: [ view_parse ] --START--
INFO: [ template_filter ] --START--
INFO: Run Behavior\ContentReplaceBehavior [ RunTime:0.000000s ]
INFO: [ template_filter ] --END-- [ RunTime:0.001000s ]
NOTIC: [8] Undefined index: username F:\learn\php\blog\Application\Runtime\Cache\Home\6fcc33eadbb72cc334effaf83fb52dae.php 第 12 行.
NOTIC: [8] Use of undefined constant title - assumed 'title' F:\learn\php\blog\Application\Runtime\Cache\Home\6fcc33eadbb72cc334effaf83fb52dae.php 第 12 行.
NOTIC: [8] Undefined index: review F:\learn\php\blog\Application\Runtime\Cache\Home\6fcc33eadbb72cc334effaf83fb52dae.php 第 18 行.
NOTIC: [8] Undefined index: uid F:\learn\php\blog\Application\Runtime\Cache\Home\6fcc33eadbb72cc334effaf83fb52dae.php 第 66 行.
NOTIC: [8] Undefined index: username F:\learn\php\blog\Application\Runtime\Cache\Home\6fcc33eadbb72cc334effaf83fb52dae.php 第 12 行.
NOTIC: [8] Use of undefined constant title - assumed 'title' F:\learn\php\blog\Application\Runtime\Cache\Home\6fcc33eadbb72cc334effaf83fb52dae.php 第 12 行.
NOTIC: [8] Undefined index: title F:\learn\php\blog\Application\Runtime\Cache\Home\6fcc33eadbb72cc334effaf83fb52dae.php 第 12 行.
NOTIC: [8] Undefined index: review F:\learn\php\blog\Application\Runtime\Cache\Home\6fcc33eadbb72cc334effaf83fb52dae.php 第 18 行.
NOTIC: [8] Undefined index: username F:\learn\php\blog\Application\Runtime\Cache\Home\6fcc33eadbb72cc334effaf83fb52dae.php 第 12 行.
NOTIC: [8] Use of undefined constant title - assumed 'title' F:\learn\php\blog\Application\Runtime\Cache\Home\6fcc33eadbb72cc334effaf83fb52dae.php 第 12 行.
NOTIC: [8] Undefined index: title F:\learn\php\blog\Application\Runtime\Cache\Home\6fcc33eadbb72cc334effaf83fb52dae.php 第 12 行.
NOTIC: [8] Undefined index: review F:\learn\php\blog\Application\Runtime\Cache\Home\6fcc33eadbb72cc334effaf83fb52dae.php 第 18 行.
NOTIC: [8] Undefined index: username F:\learn\php\blog\Application\Runtime\Cache\Home\6fcc33eadbb72cc334effaf83fb52dae.php 第 12 行.
NOTIC: [8] Use of undefined constant title - assumed 'title' F:\learn\php\blog\Application\Runtime\Cache\Home\6fcc33eadbb72cc334effaf83fb52dae.php 第 12 行.
NOTIC: [8] Undefined index: title F:\learn\php\blog\Application\Runtime\Cache\Home\6fcc33eadbb72cc334effaf83fb52dae.php 第 12 行.
NOTIC: [8] Undefined index: review F:\learn\php\blog\Application\Runtime\Cache\Home\6fcc33eadbb72cc334effaf83fb52dae.php 第 18 行.
NOTIC: [8] Undefined index: username F:\learn\php\blog\Application\Runtime\Cache\Home\6fcc33eadbb72cc334effaf83fb52dae.php 第 12 行.
NOTIC: [8] Use of undefined constant title - assumed 'title' F:\learn\php\blog\Application\Runtime\Cache\Home\6fcc33eadbb72cc334effaf83fb52dae.php 第 12 行.
NOTIC: [8] Undefined index: title F:\learn\php\blog\Application\Runtime\Cache\Home\6fcc33eadbb72cc334effaf83fb52dae.php 第 12 行.
NOTIC: [8] Undefined index: review F:\learn\php\blog\Application\Runtime\Cache\Home\6fcc33eadbb72cc334effaf83fb52dae.php 第 18 行.
NOTIC: [8] Undefined index: username F:\learn\php\blog\Application\Runtime\Cache\Home\6fcc33eadbb72cc334effaf83fb52dae.php 第 12 行.
NOTIC: [8] Use of undefined constant title - assumed 'title' F:\learn\php\blog\Application\Runtime\Cache\Home\6fcc33eadbb72cc334effaf83fb52dae.php 第 12 行.
NOTIC: [8] Undefined index: title F:\learn\php\blog\Application\Runtime\Cache\Home\6fcc33eadbb72cc334effaf83fb52dae.php 第 12 行.
NOTIC: [8] Undefined index: review F:\learn\php\blog\Application\Runtime\Cache\Home\6fcc33eadbb72cc334effaf83fb52dae.php 第 18 行.
INFO: Run Behavior\ParseTemplateBehavior [ RunTime:0.020001s ]
INFO: [ view_parse ] --END-- [ RunTime:0.021001s ]
INFO: [ view_filter ] --START--
INFO: Run Behavior\WriteHtmlCacheBehavior [ RunTime:0.000000s ]
INFO: [ view_filter ] --END-- [ RunTime:0.000000s ]
INFO: [ app_end ] --START--
INFO: Run Behavior\ShowPageTraceBehavior [ RunTime:0.001000s ]
INFO: [ app_end ] --END-- [ RunTime:0.001000s ]

[ 2016-04-06T13:46:08+08:00 ] 127.0.0.1 /index.php/Home/Friend/searchfriend.html
INFO: [ app_init ] --START--
INFO: Run Behavior\BuildLiteBehavior [ RunTime:0.000000s ]
INFO: [ app_init ] --END-- [ RunTime:0.001000s ]
INFO: [ app_begin ] --START--
INFO: Run Behavior\ReadHtmlCacheBehavior [ RunTime:0.002000s ]
INFO: [ app_begin ] --END-- [ RunTime:0.002000s ]
SQL: SELECT * FROM `blog_user` WHERE `id` <> '52'  [ RunTime:0.0010s ]
SQL: SELECT * FROM `blog_head_img` WHERE `uid` = 53 LIMIT 1   [ RunTime:0.0000s ]
SQL: SELECT * FROM `blog_head_img` WHERE `uid` = 54 LIMIT 1   [ RunTime:0.0010s ]
SQL: SELECT * FROM `blog_head_img` WHERE `uid` = 55 LIMIT 1   [ RunTime:0.0010s ]
SQL: SELECT * FROM `blog_head_img` WHERE `uid` = 56 LIMIT 1   [ RunTime:0.0000s ]
SQL: SELECT * FROM `blog_head_img` WHERE `uid` = 57 LIMIT 1   [ RunTime:0.0000s ]
SQL: SELECT * FROM `blog_head_img` WHERE `uid` = 58 LIMIT 1   [ RunTime:0.0010s ]
SQL: SELECT * FROM `blog_head_img` WHERE `uid` = 59 LIMIT 1   [ RunTime:0.0010s ]
SQL: SELECT * FROM `blog_head_img` WHERE `uid` = 60 LIMIT 1   [ RunTime:0.0000s ]
SQL: SELECT * FROM `blog_head_img` WHERE `uid` = 61 LIMIT 1   [ RunTime:0.0000s ]
SQL: SELECT * FROM `blog_notice` WHERE `flag` = 3 AND `uid` = 52  [ RunTime:0.0000s ]
SQL: SELECT * FROM `blog_user` WHERE `id` = 56 LIMIT 1   [ RunTime:0.0000s ]
SQL: SELECT * FROM `blog_user` WHERE `id` = 53 LIMIT 1   [ RunTime:0.0010s ]
SQL: SELECT * FROM `blog_user` WHERE `id` = 61 LIMIT 1   [ RunTime:0.0010s ]
SQL: SELECT * FROM `blog_user` WHERE `id` = 61 LIMIT 1   [ RunTime:0.0010s ]
SQL: SELECT `fidlist` FROM `blog_friend` WHERE `uid` = 52 LIMIT 1   [ RunTime:0.0010s ]
SQL: SELECT * FROM `blog_user` WHERE `id` = 56 LIMIT 1   [ RunTime:0.0000s ]
SQL: SELECT * FROM `blog_head_img` WHERE `uid` = 56 LIMIT 1   [ RunTime:0.0000s ]
SQL: SELECT * FROM `blog_user` WHERE `id` = 53 LIMIT 1   [ RunTime:0.0000s ]
SQL: SELECT * FROM `blog_head_img` WHERE `uid` = 53 LIMIT 1   [ RunTime:0.0010s ]
SQL: SELECT * FROM `blog_user` WHERE `id` = 61 LIMIT 1   [ RunTime:0.0000s ]
SQL: SELECT * FROM `blog_head_img` WHERE `uid` = 61 LIMIT 1   [ RunTime:0.0000s ]
SQL: SELECT * FROM `blog_user` WHERE `id` = 61 LIMIT 1   [ RunTime:0.0010s ]
SQL: SELECT * FROM `blog_head_img` WHERE `uid` = 61 LIMIT 1   [ RunTime:0.0010s ]
INFO: [ view_parse ] --START--
INFO: [ template_filter ] --START--
INFO: Run Behavior\ContentReplaceBehavior [ RunTime:0.001000s ]
INFO: [ template_filter ] --END-- [ RunTime:0.001000s ]
NOTIC: [8] Undefined index: id F:\learn\php\blog\Application\Runtime\Cache\Home\9d5e6acdcbaab575f26d50f3c4279cc9.php 第 209 行.
NOTIC: [8] Undefined index: id F:\learn\php\blog\Application\Runtime\Cache\Home\9d5e6acdcbaab575f26d50f3c4279cc9.php 第 209 行.
NOTIC: [8] Undefined index: id F:\learn\php\blog\Application\Runtime\Cache\Home\9d5e6acdcbaab575f26d50f3c4279cc9.php 第 209 行.
NOTIC: [8] Undefined index: id F:\learn\php\blog\Application\Runtime\Cache\Home\9d5e6acdcbaab575f26d50f3c4279cc9.php 第 209 行.
NOTIC: [8] Use of undefined constant state - assumed 'state' F:\learn\php\blog\Application\Runtime\Cache\Home\9d5e6acdcbaab575f26d50f3c4279cc9.php 第 355 行.
NOTIC: [8] Use of undefined constant state - assumed 'state' F:\learn\php\blog\Application\Runtime\Cache\Home\9d5e6acdcbaab575f26d50f3c4279cc9.php 第 355 行.
NOTIC: [8] Use of undefined constant state - assumed 'state' F:\learn\php\blog\Application\Runtime\Cache\Home\9d5e6acdcbaab575f26d50f3c4279cc9.php 第 355 行.
NOTIC: [8] Use of undefined constant state - assumed 'state' F:\learn\php\blog\Application\Runtime\Cache\Home\9d5e6acdcbaab575f26d50f3c4279cc9.php 第 355 行.
INFO: Run Behavior\ParseTemplateBehavior [ RunTime:0.042003s ]
INFO: [ view_parse ] --END-- [ RunTime:0.042003s ]
INFO: [ view_filter ] --START--
INFO: Run Behavior\WriteHtmlCacheBehavior [ RunTime:0.000000s ]
INFO: [ view_filter ] --END-- [ RunTime:0.001000s ]
INFO: [ app_end ] --START--
INFO: Run Behavior\ShowPageTraceBehavior [ RunTime:0.000000s ]
INFO: [ app_end ] --END-- [ RunTime:0.001000s ]

[ 2016-04-06T13:46:09+08:00 ] 127.0.0.1 /index.php/Home/Resource/index.html
INFO: [ app_init ] --START--
INFO: Run Behavior\BuildLiteBehavior [ RunTime:0.000000s ]
INFO: [ app_init ] --END-- [ RunTime:0.001000s ]
INFO: [ app_begin ] --START--
INFO: Run Behavior\ReadHtmlCacheBehavior [ RunTime:0.001000s ]
INFO: [ app_begin ] --END-- [ RunTime:0.001000s ]
SQL: select r.id,r.type,r.header,r.main,r.score,r.download,r.addtime,u.username from blog_resource r left join blog_user u on r.uid=u.id order by r.download desc limit 5 [ RunTime:0.0010s ]
INFO: [ view_parse ] --START--
INFO: [ template_filter ] --START--
INFO: Run Behavior\ContentReplaceBehavior [ RunTime:0.000000s ]
INFO: [ template_filter ] --END-- [ RunTime:0.000000s ]
NOTIC: [8] Undefined variable: title F:\learn\php\blog\Application\Runtime\Cache\Home\1f500f88dc3c7a30fce9587ab1010eea.php 第 7 行.
INFO: Run Behavior\ParseTemplateBehavior [ RunTime:0.023001s ]
INFO: [ view_parse ] --END-- [ RunTime:0.023001s ]
INFO: [ view_filter ] --START--
INFO: Run Behavior\WriteHtmlCacheBehavior [ RunTime:0.001000s ]
INFO: [ view_filter ] --END-- [ RunTime:0.001000s ]
INFO: [ app_end ] --START--
INFO: Run Behavior\ShowPageTraceBehavior [ RunTime:0.001000s ]
INFO: [ app_end ] --END-- [ RunTime:0.001000s ]

[ 2016-04-06T13:46:11+08:00 ] 127.0.0.1 /index.php/Home/Index/index.html
INFO: [ app_init ] --START--
INFO: Run Behavior\BuildLiteBehavior [ RunTime:0.000000s ]
INFO: [ app_init ] --END-- [ RunTime:0.001000s ]
INFO: [ app_begin ] --START--
INFO: Run Behavior\ReadHtmlCacheBehavior [ RunTime:0.001000s ]
INFO: [ app_begin ] --END-- [ RunTime:0.001000s ]
SQL: SELECT * FROM `blog_head_img` WHERE `uid` = 52 LIMIT 1   [ RunTime:0.0010s ]
SQL: SELECT * FROM `blog_visitor` WHERE `uid` = 52 GROUP BY visitor ORDER BY addtime desc LIMIT 9   [ RunTime:0.0010s ]
SQL: SELECT * FROM `blog_head_img` WHERE `uid` = 61 LIMIT 1   [ RunTime:0.0000s ]
SQL: SELECT * FROM `blog_user` WHERE `id` = 61 LIMIT 1   [ RunTime:0.0000s ]
SQL: SELECT * FROM `blog_head_img` WHERE `uid` = 53 LIMIT 1   [ RunTime:0.0000s ]
SQL: SELECT * FROM `blog_user` WHERE `id` = 53 LIMIT 1   [ RunTime:0.0000s ]
SQL: SELECT * FROM `blog_user` WHERE `id` = 52 LIMIT 1   [ RunTime:0.0000s ]
SQL: SELECT * FROM `blog_news` ORDER BY addtime desc LIMIT 6   [ RunTime:0.0000s ]
INFO: [ view_parse ] --START--
INFO: [ template_filter ] --START--
INFO: Run Behavior\ContentReplaceBehavior [ RunTime:0.000000s ]
INFO: [ template_filter ] --END-- [ RunTime:0.000000s ]
INFO: Run Behavior\ParseTemplateBehavior [ RunTime:0.024002s ]
INFO: [ view_parse ] --END-- [ RunTime:0.025002s ]
INFO: [ view_filter ] --START--
INFO: Run Behavior\WriteHtmlCacheBehavior [ RunTime:0.000000s ]
INFO: [ view_filter ] --END-- [ RunTime:0.000000s ]
INFO: [ app_end ] --START--
INFO: Run Behavior\ShowPageTraceBehavior [ RunTime:0.000000s ]
INFO: [ app_end ] --END-- [ RunTime:0.000000s ]

[ 2016-04-06T13:46:11+08:00 ] 127.0.0.1 /index.php/Home/Mydong/friend.html
INFO: [ app_init ] --START--
INFO: Run Behavior\BuildLiteBehavior [ RunTime:0.000000s ]
INFO: [ app_init ] --END-- [ RunTime:0.001000s ]
INFO: [ app_begin ] --START--
INFO: Run Behavior\ReadHtmlCacheBehavior [ RunTime:0.001000s ]
INFO: [ app_begin ] --END-- [ RunTime:0.001000s ]
NOTIC: [8] Undefined index: uid F:\learn\php\blog\Application\Home\Controller\MydongController.class.php 第 71 行.
SQL: SELECT `fidlist` FROM `blog_friend` WHERE `uid` = 52  [ RunTime:0.0010s ]
SQL: SELECT * FROM `blog_record` WHERE ( uid in (56,53,61,61) ) ORDER BY addtime desc LIMIT 10   [ RunTime:0.0010s ]
SQL: SELECT * FROM `blog_user` WHERE `id` = 61 LIMIT 1   [ RunTime:0.0010s ]
SQL: SELECT * FROM `blog_head_img` WHERE `uid` = 61 LIMIT 1   [ RunTime:0.0010s ]
SQL: SELECT * FROM `blog_user` WHERE `id` = 61 LIMIT 1   [ RunTime:0.0010s ]
SQL: SELECT * FROM `blog_head_img` WHERE `uid` = 61 LIMIT 1   [ RunTime:0.0000s ]
SQL: SELECT * FROM `blog_user` WHERE `id` = 53 LIMIT 1   [ RunTime:0.0000s ]
SQL: SELECT * FROM `blog_head_img` WHERE `uid` = 53 LIMIT 1   [ RunTime:0.0010s ]
SQL: SELECT * FROM `blog_user` WHERE `id` = 53 LIMIT 1   [ RunTime:0.0010s ]
SQL: SELECT * FROM `blog_head_img` WHERE `uid` = 53 LIMIT 1   [ RunTime:0.0000s ]
SQL: SELECT * FROM `blog_user` WHERE `id` = 53 LIMIT 1   [ RunTime:0.0000s ]
SQL: SELECT * FROM `blog_head_img` WHERE `uid` = 53 LIMIT 1   [ RunTime:0.0010s ]
SQL: SELECT * FROM `blog_user` WHERE `id` = 53 LIMIT 1   [ RunTime:0.0010s ]
SQL: SELECT * FROM `blog_head_img` WHERE `uid` = 53 LIMIT 1   [ RunTime:0.0010s ]
SQL: SELECT * FROM `blog_mood` WHERE ( uid in (56,53,61,61) ) ORDER BY addtime desc LIMIT 3   [ RunTime:0.0010s ]
SQL: SELECT * FROM `blog_log_cate` WHERE ( uid in (56,53,61,61) )  [ RunTime:0.0000s ]
NOTIC: [2048] Declaration of Home\Controller\LogController::theme() should be compatible with Think\Controller::theme($theme) F:\learn\php\blog\Application\Home\Controller\LogController.class.php 第 322 行.
SQL: SELECT * FROM `blog_log` WHERE ( cid in (39,42,47,49) ) ORDER BY addtime desc LIMIT 3   [ RunTime:0.0010s ]
INFO: [ view_parse ] --START--
INFO: [ template_filter ] --START--
INFO: Run Behavior\ContentReplaceBehavior [ RunTime:0.000000s ]
INFO: [ template_filter ] --END-- [ RunTime:0.000000s ]
NOTIC: [8] Use of undefined constant title - assumed 'title' F:\learn\php\blog\Application\Runtime\Cache\Home\096c0501a97510b87ff0ba23b4c95a80.php 第 11 行.
NOTIC: [8] Undefined index: review F:\learn\php\blog\Application\Runtime\Cache\Home\096c0501a97510b87ff0ba23b4c95a80.php 第 17 行.
NOTIC: [8] Undefined index: uid F:\learn\php\blog\Application\Runtime\Cache\Home\096c0501a97510b87ff0ba23b4c95a80.php 第 65 行.
NOTIC: [8] Use of undefined constant title - assumed 'title' F:\learn\php\blog\Application\Runtime\Cache\Home\096c0501a97510b87ff0ba23b4c95a80.php 第 11 行.
NOTIC: [8] Undefined index: title F:\learn\php\blog\Application\Runtime\Cache\Home\096c0501a97510b87ff0ba23b4c95a80.php 第 11 行.
NOTIC: [8] Undefined index: review F:\learn\php\blog\Application\Runtime\Cache\Home\096c0501a97510b87ff0ba23b4c95a80.php 第 17 行.
NOTIC: [8] Use of undefined constant title - assumed 'title' F:\learn\php\blog\Application\Runtime\Cache\Home\096c0501a97510b87ff0ba23b4c95a80.php 第 11 行.
NOTIC: [8] Undefined index: review F:\learn\php\blog\Application\Runtime\Cache\Home\096c0501a97510b87ff0ba23b4c95a80.php 第 17 行.
NOTIC: [8] Undefined index: uid F:\learn\php\blog\Application\Runtime\Cache\Home\096c0501a97510b87ff0ba23b4c95a80.php 第 65 行.
NOTIC: [8] Use of undefined constant title - assumed 'title' F:\learn\php\blog\Application\Runtime\Cache\Home\096c0501a97510b87ff0ba23b4c95a80.php 第 11 行.
NOTIC: [8] Undefined index: title F:\learn\php\blog\Application\Runtime\Cache\Home\096c0501a97510b87ff0ba23b4c95a80.php 第 11 行.
NOTIC: [8] Undefined index: review F:\learn\php\blog\Application\Runtime\Cache\Home\096c0501a97510b87ff0ba23b4c95a80.php 第 17 行.
NOTIC: [8] Use of undefined constant title - assumed 'title' F:\learn\php\blog\Application\Runtime\Cache\Home\096c0501a97510b87ff0ba23b4c95a80.php 第 11 行.
NOTIC: [8] Undefined index: title F:\learn\php\blog\Application\Runtime\Cache\Home\096c0501a97510b87ff0ba23b4c95a80.php 第 11 行.
NOTIC: [8] Undefined index: review F:\learn\php\blog\Application\Runtime\Cache\Home\096c0501a97510b87ff0ba23b4c95a80.php 第 17 行.
INFO: Run Behavior\ParseTemplateBehavior [ RunTime:0.021001s ]
INFO: [ view_parse ] --END-- [ RunTime:0.021001s ]
INFO: [ view_filter ] --START--
INFO: Run Behavior\WriteHtmlCacheBehavior [ RunTime:0.001000s ]
INFO: [ view_filter ] --END-- [ RunTime:0.001000s ]
INFO: [ app_end ] --START--
INFO: Run Behavior\ShowPageTraceBehavior [ RunTime:0.001000s ]
INFO: [ app_end ] --END-- [ RunTime:0.001000s ]

[ 2016-04-06T13:46:23+08:00 ] 127.0.0.1 /index.php/Home/Index/index.html
INFO: [ app_init ] --START--
INFO: Run Behavior\BuildLiteBehavior [ RunTime:0.000000s ]
INFO: [ app_init ] --END-- [ RunTime:0.001000s ]
INFO: [ app_begin ] --START--
INFO: Run Behavior\ReadHtmlCacheBehavior [ RunTime:0.001000s ]
INFO: [ app_begin ] --END-- [ RunTime:0.003000s ]
SQL: SELECT * FROM `blog_head_img` WHERE `uid` = 52 LIMIT 1   [ RunTime:0.0000s ]
SQL: SELECT * FROM `blog_visitor` WHERE `uid` = 52 GROUP BY visitor ORDER BY addtime desc LIMIT 9   [ RunTime:0.0010s ]
SQL: SELECT * FROM `blog_head_img` WHERE `uid` = 61 LIMIT 1   [ RunTime:0.0010s ]
SQL: SELECT * FROM `blog_user` WHERE `id` = 61 LIMIT 1   [ RunTime:0.0010s ]
SQL: SELECT * FROM `blog_head_img` WHERE `uid` = 53 LIMIT 1   [ RunTime:0.0010s ]
SQL: SELECT * FROM `blog_user` WHERE `id` = 53 LIMIT 1   [ RunTime:0.0000s ]
SQL: SELECT * FROM `blog_user` WHERE `id` = 52 LIMIT 1   [ RunTime:0.0010s ]
SQL: SELECT * FROM `blog_news` ORDER BY addtime desc LIMIT 6   [ RunTime:0.0000s ]
INFO: [ view_parse ] --START--
INFO: [ template_filter ] --START--
INFO: Run Behavior\ContentReplaceBehavior [ RunTime:0.000000s ]
INFO: [ template_filter ] --END-- [ RunTime:0.001000s ]
INFO: Run Behavior\ParseTemplateBehavior [ RunTime:0.034002s ]
INFO: [ view_parse ] --END-- [ RunTime:0.034002s ]
INFO: [ view_filter ] --START--
INFO: Run Behavior\WriteHtmlCacheBehavior [ RunTime:0.000000s ]
INFO: [ view_filter ] --END-- [ RunTime:0.001000s ]
INFO: [ app_end ] --START--
INFO: Run Behavior\ShowPageTraceBehavior [ RunTime:0.001000s ]
INFO: [ app_end ] --END-- [ RunTime:0.001000s ]

[ 2016-04-06T13:46:23+08:00 ] 127.0.0.1 /index.php/Home/Mydong/friend.html
INFO: [ app_init ] --START--
INFO: Run Behavior\BuildLiteBehavior [ RunTime:0.000000s ]
INFO: [ app_init ] --END-- [ RunTime:0.001001s ]
INFO: [ app_begin ] --START--
INFO: Run Behavior\ReadHtmlCacheBehavior [ RunTime:0.000000s ]
INFO: [ app_begin ] --END-- [ RunTime:0.000000s ]
NOTIC: [8] Undefined index: uid F:\learn\php\blog\Application\Home\Controller\MydongController.class.php 第 71 行.
SQL: SELECT `fidlist` FROM `blog_friend` WHERE `uid` = 52  [ RunTime:0.0010s ]
SQL: SELECT * FROM `blog_record` WHERE ( uid in (56,53,61,61) ) ORDER BY addtime desc LIMIT 10   [ RunTime:0.0010s ]
SQL: SELECT * FROM `blog_user` WHERE `id` = 61 LIMIT 1   [ RunTime:0.0010s ]
SQL: SELECT * FROM `blog_head_img` WHERE `uid` = 61 LIMIT 1   [ RunTime:0.0000s ]
SQL: SELECT * FROM `blog_user` WHERE `id` = 61 LIMIT 1   [ RunTime:0.0010s ]
SQL: SELECT * FROM `blog_head_img` WHERE `uid` = 61 LIMIT 1   [ RunTime:0.0010s ]
SQL: SELECT * FROM `blog_user` WHERE `id` = 53 LIMIT 1   [ RunTime:0.0010s ]
SQL: SELECT * FROM `blog_head_img` WHERE `uid` = 53 LIMIT 1   [ RunTime:0.0000s ]
SQL: SELECT * FROM `blog_user` WHERE `id` = 53 LIMIT 1   [ RunTime:0.0010s ]
SQL: SELECT * FROM `blog_head_img` WHERE `uid` = 53 LIMIT 1   [ RunTime:0.0010s ]
SQL: SELECT * FROM `blog_user` WHERE `id` = 53 LIMIT 1   [ RunTime:0.0000s ]
SQL: SELECT * FROM `blog_head_img` WHERE `uid` = 53 LIMIT 1   [ RunTime:0.0000s ]
SQL: SELECT * FROM `blog_user` WHERE `id` = 53 LIMIT 1   [ RunTime:0.0010s ]
SQL: SELECT * FROM `blog_head_img` WHERE `uid` = 53 LIMIT 1   [ RunTime:0.0010s ]
SQL: SELECT * FROM `blog_mood` WHERE ( uid in (56,53,61,61) ) ORDER BY addtime desc LIMIT 3   [ RunTime:0.0000s ]
SQL: SELECT * FROM `blog_log_cate` WHERE ( uid in (56,53,61,61) )  [ RunTime:0.0000s ]
NOTIC: [2048] Declaration of Home\Controller\LogController::theme() should be compatible with Think\Controller::theme($theme) F:\learn\php\blog\Application\Home\Controller\LogController.class.php 第 322 行.
SQL: SELECT * FROM `blog_log` WHERE ( cid in (39,42,47,49) ) ORDER BY addtime desc LIMIT 3   [ RunTime:0.0000s ]
INFO: [ view_parse ] --START--
INFO: [ template_filter ] --START--
INFO: Run Behavior\ContentReplaceBehavior [ RunTime:0.000000s ]
INFO: [ template_filter ] --END-- [ RunTime:0.000000s ]
NOTIC: [8] Use of undefined constant title - assumed 'title' F:\learn\php\blog\Application\Runtime\Cache\Home\096c0501a97510b87ff0ba23b4c95a80.php 第 11 行.
NOTIC: [8] Undefined index: review F:\learn\php\blog\Application\Runtime\Cache\Home\096c0501a97510b87ff0ba23b4c95a80.php 第 17 行.
NOTIC: [8] Undefined index: uid F:\learn\php\blog\Application\Runtime\Cache\Home\096c0501a97510b87ff0ba23b4c95a80.php 第 65 行.
NOTIC: [8] Use of undefined constant title - assumed 'title' F:\learn\php\blog\Application\Runtime\Cache\Home\096c0501a97510b87ff0ba23b4c95a80.php 第 11 行.
NOTIC: [8] Undefined index: title F:\learn\php\blog\Application\Runtime\Cache\Home\096c0501a97510b87ff0ba23b4c95a80.php 第 11 行.
NOTIC: [8] Undefined index: review F:\learn\php\blog\Application\Runtime\Cache\Home\096c0501a97510b87ff0ba23b4c95a80.php 第 17 行.
NOTIC: [8] Use of undefined constant title - assumed 'title' F:\learn\php\blog\Application\Runtime\Cache\Home\096c0501a97510b87ff0ba23b4c95a80.php 第 11 行.
NOTIC: [8] Undefined index: review F:\learn\php\blog\Application\Runtime\Cache\Home\096c0501a97510b87ff0ba23b4c95a80.php 第 17 行.
NOTIC: [8] Undefined index: uid F:\learn\php\blog\Application\Runtime\Cache\Home\096c0501a97510b87ff0ba23b4c95a80.php 第 65 行.
NOTIC: [8] Use of undefined constant title - assumed 'title' F:\learn\php\blog\Application\Runtime\Cache\Home\096c0501a97510b87ff0ba23b4c95a80.php 第 11 行.
NOTIC: [8] Undefined index: title F:\learn\php\blog\Application\Runtime\Cache\Home\096c0501a97510b87ff0ba23b4c95a80.php 第 11 行.
NOTIC: [8] Undefined index: review F:\learn\php\blog\Application\Runtime\Cache\Home\096c0501a97510b87ff0ba23b4c95a80.php 第 17 行.
NOTIC: [8] Use of undefined constant title - assumed 'title' F:\learn\php\blog\Application\Runtime\Cache\Home\096c0501a97510b87ff0ba23b4c95a80.php 第 11 行.
NOTIC: [8] Undefined index: title F:\learn\php\blog\Application\Runtime\Cache\Home\096c0501a97510b87ff0ba23b4c95a80.php 第 11 行.
NOTIC: [8] Undefined index: review F:\learn\php\blog\Application\Runtime\Cache\Home\096c0501a97510b87ff0ba23b4c95a80.php 第 17 行.
INFO: Run Behavior\ParseTemplateBehavior [ RunTime:0.021002s ]
INFO: [ view_parse ] --END-- [ RunTime:0.022002s ]
INFO: [ view_filter ] --START--
INFO: Run Behavior\WriteHtmlCacheBehavior [ RunTime:0.001000s ]
INFO: [ view_filter ] --END-- [ RunTime:0.001000s ]
INFO: [ app_end ] --START--
INFO: Run Behavior\ShowPageTraceBehavior [ RunTime:0.001000s ]
INFO: [ app_end ] --END-- [ RunTime:0.001000s ]

[ 2016-04-06T13:47:15+08:00 ] 127.0.0.1 /index.php/Home/Index/index.html
INFO: [ app_init ] --START--
INFO: Run Behavior\BuildLiteBehavior [ RunTime:0.000000s ]
INFO: [ app_init ] --END-- [ RunTime:0.002001s ]
INFO: [ app_begin ] --START--
INFO: Run Behavior\ReadHtmlCacheBehavior [ RunTime:0.001000s ]
INFO: [ app_begin ] --END-- [ RunTime:0.002000s ]
SQL: SELECT * FROM `blog_head_img` WHERE `uid` = 52 LIMIT 1   [ RunTime:0.0010s ]
SQL: SELECT * FROM `blog_visitor` WHERE `uid` = 52 GROUP BY visitor ORDER BY addtime desc LIMIT 9   [ RunTime:0.0010s ]
SQL: SELECT * FROM `blog_head_img` WHERE `uid` = 61 LIMIT 1   [ RunTime:0.0010s ]
SQL: SELECT * FROM `blog_user` WHERE `id` = 61 LIMIT 1   [ RunTime:0.0010s ]
SQL: SELECT * FROM `blog_head_img` WHERE `uid` = 53 LIMIT 1   [ RunTime:0.0000s ]
SQL: SELECT * FROM `blog_user` WHERE `id` = 53 LIMIT 1   [ RunTime:0.0010s ]
SQL: SELECT * FROM `blog_user` WHERE `id` = 52 LIMIT 1   [ RunTime:0.0010s ]
SQL: SELECT * FROM `blog_news` ORDER BY addtime desc LIMIT 6   [ RunTime:0.0010s ]
INFO: [ view_parse ] --START--
INFO: [ template_filter ] --START--
INFO: Run Behavior\ContentReplaceBehavior [ RunTime:0.000000s ]
INFO: [ template_filter ] --END-- [ RunTime:0.000000s ]
INFO: Run Behavior\ParseTemplateBehavior [ RunTime:0.048002s ]
INFO: [ view_parse ] --END-- [ RunTime:0.048002s ]
INFO: [ view_filter ] --START--
INFO: Run Behavior\WriteHtmlCacheBehavior [ RunTime:0.001001s ]
INFO: [ view_filter ] --END-- [ RunTime:0.001001s ]
INFO: [ app_end ] --START--
INFO: Run Behavior\ShowPageTraceBehavior [ RunTime:0.000000s ]
INFO: [ app_end ] --END-- [ RunTime:0.002000s ]

[ 2016-04-06T13:47:15+08:00 ] 127.0.0.1 /index.php/Home/Mydong/friend.html
INFO: [ app_init ] --START--
INFO: Run Behavior\BuildLiteBehavior [ RunTime:0.000000s ]
INFO: [ app_init ] --END-- [ RunTime:0.000000s ]
INFO: [ app_begin ] --START--
INFO: Run Behavior\ReadHtmlCacheBehavior [ RunTime:0.001000s ]
INFO: [ app_begin ] --END-- [ RunTime:0.001000s ]
NOTIC: [8] Undefined index: uid F:\learn\php\blog\Application\Home\Controller\MydongController.class.php 第 71 行.
SQL: SELECT `fidlist` FROM `blog_friend` WHERE `uid` = 52  [ RunTime:0.0010s ]
SQL: SELECT * FROM `blog_record` WHERE ( uid in (56,53,61,61) ) ORDER BY addtime desc LIMIT 10   [ RunTime:0.0000s ]
SQL: SELECT * FROM `blog_user` WHERE `id` = 61 LIMIT 1   [ RunTime:0.0010s ]
SQL: SELECT * FROM `blog_head_img` WHERE `uid` = 61 LIMIT 1   [ RunTime:0.0000s ]
SQL: SELECT * FROM `blog_user` WHERE `id` = 61 LIMIT 1   [ RunTime:0.0010s ]
SQL: SELECT * FROM `blog_head_img` WHERE `uid` = 61 LIMIT 1   [ RunTime:0.0000s ]
SQL: SELECT * FROM `blog_user` WHERE `id` = 53 LIMIT 1   [ RunTime:0.0010s ]
SQL: SELECT * FROM `blog_head_img` WHERE `uid` = 53 LIMIT 1   [ RunTime:0.0010s ]
SQL: SELECT * FROM `blog_user` WHERE `id` = 53 LIMIT 1   [ RunTime:0.0010s ]
SQL: SELECT * FROM `blog_head_img` WHERE `uid` = 53 LIMIT 1   [ RunTime:0.0000s ]
SQL: SELECT * FROM `blog_user` WHERE `id` = 53 LIMIT 1   [ RunTime:0.0000s ]
SQL: SELECT * FROM `blog_head_img` WHERE `uid` = 53 LIMIT 1   [ RunTime:0.0000s ]
SQL: SELECT * FROM `blog_user` WHERE `id` = 53 LIMIT 1   [ RunTime:0.0000s ]
SQL: SELECT * FROM `blog_head_img` WHERE `uid` = 53 LIMIT 1   [ RunTime:0.0010s ]
SQL: SELECT * FROM `blog_mood` WHERE ( uid in (56,53,61,61) ) ORDER BY addtime desc LIMIT 3   [ RunTime:0.0000s ]
SQL: SELECT * FROM `blog_log_cate` WHERE ( uid in (56,53,61,61) )  [ RunTime:0.0000s ]
NOTIC: [2048] Declaration of Home\Controller\LogController::theme() should be compatible with Think\Controller::theme($theme) F:\learn\php\blog\Application\Home\Controller\LogController.class.php 第 322 行.
SQL: SELECT * FROM `blog_log` WHERE ( cid in (39,42,47,49) ) ORDER BY addtime desc LIMIT 3   [ RunTime:0.0000s ]
INFO: [ view_parse ] --START--
INFO: [ template_filter ] --START--
INFO: Run Behavior\ContentReplaceBehavior [ RunTime:0.000000s ]
INFO: [ template_filter ] --END-- [ RunTime:0.001000s ]
NOTIC: [8] Use of undefined constant title - assumed 'title' F:\learn\php\blog\Application\Runtime\Cache\Home\096c0501a97510b87ff0ba23b4c95a80.php 第 11 行.
NOTIC: [8] Undefined index: review F:\learn\php\blog\Application\Runtime\Cache\Home\096c0501a97510b87ff0ba23b4c95a80.php 第 17 行.
NOTIC: [8] Undefined index: uid F:\learn\php\blog\Application\Runtime\Cache\Home\096c0501a97510b87ff0ba23b4c95a80.php 第 65 行.
NOTIC: [8] Use of undefined constant title - assumed 'title' F:\learn\php\blog\Application\Runtime\Cache\Home\096c0501a97510b87ff0ba23b4c95a80.php 第 11 行.
NOTIC: [8] Undefined index: title F:\learn\php\blog\Application\Runtime\Cache\Home\096c0501a97510b87ff0ba23b4c95a80.php 第 11 行.
NOTIC: [8] Undefined index: review F:\learn\php\blog\Application\Runtime\Cache\Home\096c0501a97510b87ff0ba23b4c95a80.php 第 17 行.
NOTIC: [8] Use of undefined constant title - assumed 'title' F:\learn\php\blog\Application\Runtime\Cache\Home\096c0501a97510b87ff0ba23b4c95a80.php 第 11 行.
NOTIC: [8] Undefined index: review F:\learn\php\blog\Application\Runtime\Cache\Home\096c0501a97510b87ff0ba23b4c95a80.php 第 17 行.
NOTIC: [8] Undefined index: uid F:\learn\php\blog\Application\Runtime\Cache\Home\096c0501a97510b87ff0ba23b4c95a80.php 第 65 行.
NOTIC: [8] Use of undefined constant title - assumed 'title' F:\learn\php\blog\Application\Runtime\Cache\Home\096c0501a97510b87ff0ba23b4c95a80.php 第 11 行.
NOTIC: [8] Undefined index: title F:\learn\php\blog\Application\Runtime\Cache\Home\096c0501a97510b87ff0ba23b4c95a80.php 第 11 行.
NOTIC: [8] Undefined index: review F:\learn\php\blog\Application\Runtime\Cache\Home\096c0501a97510b87ff0ba23b4c95a80.php 第 17 行.
NOTIC: [8] Use of undefined constant title - assumed 'title' F:\learn\php\blog\Application\Runtime\Cache\Home\096c0501a97510b87ff0ba23b4c95a80.php 第 11 行.
NOTIC: [8] Undefined index: title F:\learn\php\blog\Application\Runtime\Cache\Home\096c0501a97510b87ff0ba23b4c95a80.php 第 11 行.
NOTIC: [8] Undefined index: review F:\learn\php\blog\Application\Runtime\Cache\Home\096c0501a97510b87ff0ba23b4c95a80.php 第 17 行.
INFO: Run Behavior\ParseTemplateBehavior [ RunTime:0.021001s ]
INFO: [ view_parse ] --END-- [ RunTime:0.021001s ]
INFO: [ view_filter ] --START--
INFO: Run Behavior\WriteHtmlCacheBehavior [ RunTime:0.001000s ]
INFO: [ view_filter ] --END-- [ RunTime:0.001000s ]
INFO: [ app_end ] --START--
INFO: Run Behavior\ShowPageTraceBehavior [ RunTime:0.001000s ]
INFO: [ app_end ] --END-- [ RunTime:0.001000s ]

[ 2016-04-06T15:48:11+08:00 ] 127.0.0.1 /index.php/Home/Resource/index.html
INFO: [ app_init ] --START--
INFO: Run Behavior\BuildLiteBehavior [ RunTime:0.000000s ]
INFO: [ app_init ] --END-- [ RunTime:0.000000s ]
INFO: [ app_begin ] --START--
INFO: Run Behavior\ReadHtmlCacheBehavior [ RunTime:0.000000s ]
INFO: [ app_begin ] --END-- [ RunTime:0.001000s ]
SQL: select r.id,r.type,r.header,r.main,r.score,r.download,r.addtime,u.username from blog_resource r left join blog_user u on r.uid=u.id order by r.download desc limit 5 [ RunTime:0.0010s ]
INFO: [ view_parse ] --START--
INFO: [ template_filter ] --START--
INFO: Run Behavior\ContentReplaceBehavior [ RunTime:0.000000s ]
INFO: [ template_filter ] --END-- [ RunTime:0.000000s ]
NOTIC: [8] Undefined variable: title F:\learn\php\blog\Application\Runtime\Cache\Home\1f500f88dc3c7a30fce9587ab1010eea.php 第 7 行.
INFO: Run Behavior\ParseTemplateBehavior [ RunTime:0.020001s ]
INFO: [ view_parse ] --END-- [ RunTime:0.020001s ]
INFO: [ view_filter ] --START--
INFO: Run Behavior\WriteHtmlCacheBehavior [ RunTime:0.000000s ]
INFO: [ view_filter ] --END-- [ RunTime:0.000000s ]
INFO: [ app_end ] --START--
INFO: Run Behavior\ShowPageTraceBehavior [ RunTime:0.001000s ]
INFO: [ app_end ] --END-- [ RunTime:0.001000s ]

[ 2016-04-06T15:48:13+08:00 ] 127.0.0.1 /index.php/Home/Friend/searchfriend.html
INFO: [ app_init ] --START--
INFO: Run Behavior\BuildLiteBehavior [ RunTime:0.000000s ]
INFO: [ app_init ] --END-- [ RunTime:0.000000s ]
INFO: [ app_begin ] --START--
INFO: Run Behavior\ReadHtmlCacheBehavior [ RunTime:0.000000s ]
INFO: [ app_begin ] --END-- [ RunTime:0.001000s ]
SQL: SELECT * FROM `blog_user` WHERE `id` <> '52'  [ RunTime:0.0000s ]
SQL: SELECT * FROM `blog_head_img` WHERE `uid` = 53 LIMIT 1   [ RunTime:0.0010s ]
SQL: SELECT * FROM `blog_head_img` WHERE `uid` = 54 LIMIT 1   [ RunTime:0.0000s ]
SQL: SELECT * FROM `blog_head_img` WHERE `uid` = 55 LIMIT 1   [ RunTime:0.0000s ]
SQL: SELECT * FROM `blog_head_img` WHERE `uid` = 56 LIMIT 1   [ RunTime:0.0010s ]
SQL: SELECT * FROM `blog_head_img` WHERE `uid` = 57 LIMIT 1   [ RunTime:0.0010s ]
SQL: SELECT * FROM `blog_head_img` WHERE `uid` = 58 LIMIT 1   [ RunTime:0.0010s ]
SQL: SELECT * FROM `blog_head_img` WHERE `uid` = 59 LIMIT 1   [ RunTime:0.0000s ]
SQL: SELECT * FROM `blog_head_img` WHERE `uid` = 60 LIMIT 1   [ RunTime:0.0000s ]
SQL: SELECT * FROM `blog_head_img` WHERE `uid` = 61 LIMIT 1   [ RunTime:0.0000s ]
SQL: SELECT * FROM `blog_notice` WHERE `flag` = 3 AND `uid` = 52  [ RunTime:0.0010s ]
SQL: SELECT * FROM `blog_user` WHERE `id` = 56 LIMIT 1   [ RunTime:0.0000s ]
SQL: SELECT * FROM `blog_user` WHERE `id` = 53 LIMIT 1   [ RunTime:0.0000s ]
SQL: SELECT * FROM `blog_user` WHERE `id` = 61 LIMIT 1   [ RunTime:0.0000s ]
SQL: SELECT * FROM `blog_user` WHERE `id` = 61 LIMIT 1   [ RunTime:0.0000s ]
SQL: SELECT `fidlist` FROM `blog_friend` WHERE `uid` = 52 LIMIT 1   [ RunTime:0.0000s ]
SQL: SELECT * FROM `blog_user` WHERE `id` = 56 LIMIT 1   [ RunTime:0.0000s ]
SQL: SELECT * FROM `blog_head_img` WHERE `uid` = 56 LIMIT 1   [ RunTime:0.0000s ]
SQL: SELECT * FROM `blog_user` WHERE `id` = 53 LIMIT 1   [ RunTime:0.0000s ]
SQL: SELECT * FROM `blog_head_img` WHERE `uid` = 53 LIMIT 1   [ RunTime:0.0000s ]
SQL: SELECT * FROM `blog_user` WHERE `id` = 61 LIMIT 1   [ RunTime:0.0000s ]
SQL: SELECT * FROM `blog_head_img` WHERE `uid` = 61 LIMIT 1   [ RunTime:0.0000s ]
SQL: SELECT * FROM `blog_user` WHERE `id` = 61 LIMIT 1   [ RunTime:0.0000s ]
SQL: SELECT * FROM `blog_head_img` WHERE `uid` = 61 LIMIT 1   [ RunTime:0.0000s ]
INFO: [ view_parse ] --START--
INFO: [ template_filter ] --START--
INFO: Run Behavior\ContentReplaceBehavior [ RunTime:0.000000s ]
INFO: [ template_filter ] --END-- [ RunTime:0.000000s ]
NOTIC: [8] Undefined index: id F:\learn\php\blog\Application\Runtime\Cache\Home\9d5e6acdcbaab575f26d50f3c4279cc9.php 第 209 行.
NOTIC: [8] Undefined index: id F:\learn\php\blog\Application\Runtime\Cache\Home\9d5e6acdcbaab575f26d50f3c4279cc9.php 第 209 行.
NOTIC: [8] Undefined index: id F:\learn\php\blog\Application\Runtime\Cache\Home\9d5e6acdcbaab575f26d50f3c4279cc9.php 第 209 行.
NOTIC: [8] Undefined index: id F:\learn\php\blog\Application\Runtime\Cache\Home\9d5e6acdcbaab575f26d50f3c4279cc9.php 第 209 行.
NOTIC: [8] Use of undefined constant state - assumed 'state' F:\learn\php\blog\Application\Runtime\Cache\Home\9d5e6acdcbaab575f26d50f3c4279cc9.php 第 355 行.
NOTIC: [8] Use of undefined constant state - assumed 'state' F:\learn\php\blog\Application\Runtime\Cache\Home\9d5e6acdcbaab575f26d50f3c4279cc9.php 第 355 行.
NOTIC: [8] Use of undefined constant state - assumed 'state' F:\learn\php\blog\Application\Runtime\Cache\Home\9d5e6acdcbaab575f26d50f3c4279cc9.php 第 355 行.
NOTIC: [8] Use of undefined constant state - assumed 'state' F:\learn\php\blog\Application\Runtime\Cache\Home\9d5e6acdcbaab575f26d50f3c4279cc9.php 第 355 行.
INFO: Run Behavior\ParseTemplateBehavior [ RunTime:0.032002s ]
INFO: [ view_parse ] --END-- [ RunTime:0.033002s ]
INFO: [ view_filter ] --START--
INFO: Run Behavior\WriteHtmlCacheBehavior [ RunTime:0.000000s ]
INFO: [ view_filter ] --END-- [ RunTime:0.000000s ]
INFO: [ app_end ] --START--
INFO: Run Behavior\ShowPageTraceBehavior [ RunTime:0.000000s ]
INFO: [ app_end ] --END-- [ RunTime:0.001000s ]

[ 2016-04-06T15:48:15+08:00 ] 127.0.0.1 /index.php/Home/User/myhome.html
INFO: [ app_init ] --START--
INFO: Run Behavior\BuildLiteBehavior [ RunTime:0.000000s ]
INFO: [ app_init ] --END-- [ RunTime:0.000000s ]
INFO: [ app_begin ] --START--
INFO: Run Behavior\ReadHtmlCacheBehavior [ RunTime:0.000000s ]
INFO: [ app_begin ] --END-- [ RunTime:0.001000s ]
SQL: SELECT * FROM `blog_user` WHERE `id` = 52 LIMIT 1   [ RunTime:0.0000s ]
SQL: SELECT * FROM `blog_head_img` WHERE `uid` = 52 LIMIT 1   [ RunTime:0.0000s ]
SQL: SELECT * FROM `blog_message` WHERE `uid` = 52 AND `pid` = 0 ORDER BY addtime desc LIMIT 4   [ RunTime:0.0000s ]
SQL: SELECT * FROM `blog_user` WHERE `id` = 52 LIMIT 1   [ RunTime:0.0000s ]
SQL: SELECT * FROM `blog_user` WHERE `id` = 53 LIMIT 1   [ RunTime:0.0000s ]
INFO: [ view_parse ] --START--
INFO: [ template_filter ] --START--
INFO: Run Behavior\ContentReplaceBehavior [ RunTime:0.000000s ]
INFO: [ template_filter ] --END-- [ RunTime:0.000000s ]
INFO: Run Behavior\ParseTemplateBehavior [ RunTime:0.022002s ]
INFO: [ view_parse ] --END-- [ RunTime:0.022002s ]
INFO: [ view_filter ] --START--
INFO: Run Behavior\WriteHtmlCacheBehavior [ RunTime:0.001000s ]
INFO: [ view_filter ] --END-- [ RunTime:0.001000s ]
INFO: [ app_end ] --START--
INFO: Run Behavior\ShowPageTraceBehavior [ RunTime:0.001000s ]
INFO: [ app_end ] --END-- [ RunTime:0.001000s ]

[ 2016-04-06T15:48:15+08:00 ] 127.0.0.1 /index.php/Home/Mydong/index.html
INFO: [ app_init ] --START--
INFO: Run Behavior\BuildLiteBehavior [ RunTime:0.000000s ]
INFO: [ app_init ] --END-- [ RunTime:0.001000s ]
INFO: [ app_begin ] --START--
INFO: Run Behavior\ReadHtmlCacheBehavior [ RunTime:0.000000s ]
INFO: [ app_begin ] --END-- [ RunTime:0.000000s ]
SQL: SELECT * FROM `blog_record` WHERE `uid` = 52 ORDER BY addtime desc LIMIT 10   [ RunTime:0.0010s ]
SQL: SELECT * FROM `blog_user` WHERE `id` = 52 LIMIT 1   [ RunTime:0.0010s ]
SQL: SELECT * FROM `blog_head_img` WHERE `uid` = 52 LIMIT 1   [ RunTime:0.0000s ]
SQL: SELECT * FROM `blog_user` WHERE `id` = 52 LIMIT 1   [ RunTime:0.0000s ]
SQL: SELECT * FROM `blog_head_img` WHERE `uid` = 52 LIMIT 1   [ RunTime:0.0010s ]
SQL: SELECT * FROM `blog_user` WHERE `id` = 52 LIMIT 1   [ RunTime:0.0010s ]
SQL: SELECT * FROM `blog_head_img` WHERE `uid` = 52 LIMIT 1   [ RunTime:0.0010s ]
SQL: SELECT * FROM `blog_user` WHERE `id` = 52 LIMIT 1   [ RunTime:0.0000s ]
SQL: SELECT * FROM `blog_head_img` WHERE `uid` = 52 LIMIT 1   [ RunTime:0.0000s ]
SQL: SELECT * FROM `blog_user` WHERE `id` = 52 LIMIT 1   [ RunTime:0.0000s ]
SQL: SELECT * FROM `blog_head_img` WHERE `uid` = 52 LIMIT 1   [ RunTime:0.0000s ]
SQL: SELECT * FROM `blog_user` WHERE `id` = 52 LIMIT 1   [ RunTime:0.0010s ]
SQL: SELECT * FROM `blog_head_img` WHERE `uid` = 52 LIMIT 1   [ RunTime:0.0010s ]
SQL: SELECT * FROM `blog_user` WHERE `id` = 52 LIMIT 1   [ RunTime:0.0010s ]
SQL: SELECT * FROM `blog_head_img` WHERE `uid` = 52 LIMIT 1   [ RunTime:0.0000s ]
SQL: SELECT * FROM `blog_mood` WHERE `uid` = 52 ORDER BY addtime desc LIMIT 5   [ RunTime:0.0000s ]
NOTIC: [2048] Declaration of Home\Controller\LogController::theme() should be compatible with Think\Controller::theme($theme) F:\learn\php\blog\Application\Home\Controller\LogController.class.php 第 322 行.
NOTIC: [2] Missing argument 1 for Home\Controller\LogController::getLogCateId(), called in F:\learn\php\blog\Application\Home\Controller\MydongController.class.php on line 47 and defined F:\learn\php\blog\Application\Home\Controller\LogController.class.php 第 98 行.
NOTIC: [8] Undefined variable: data F:\learn\php\blog\Application\Home\Controller\LogController.class.php 第 99 行.
SQL: SELECT * FROM `blog_log_cate` WHERE `uid` = 52  [ RunTime:0.0000s ]
SQL: SELECT * FROM `blog_log` WHERE ( cid in (38) ) ORDER BY addtime desc LIMIT 2   [ RunTime:0.0000s ]
INFO: [ view_parse ] --START--
INFO: [ template_filter ] --START--
INFO: Run Behavior\ContentReplaceBehavior [ RunTime:0.000000s ]
INFO: [ template_filter ] --END-- [ RunTime:0.000000s ]
NOTIC: [8] Undefined index: username F:\learn\php\blog\Application\Runtime\Cache\Home\6fcc33eadbb72cc334effaf83fb52dae.php 第 12 行.
NOTIC: [8] Use of undefined constant title - assumed 'title' F:\learn\php\blog\Application\Runtime\Cache\Home\6fcc33eadbb72cc334effaf83fb52dae.php 第 12 行.
NOTIC: [8] Undefined index: review F:\learn\php\blog\Application\Runtime\Cache\Home\6fcc33eadbb72cc334effaf83fb52dae.php 第 18 行.
NOTIC: [8] Undefined index: uid F:\learn\php\blog\Application\Runtime\Cache\Home\6fcc33eadbb72cc334effaf83fb52dae.php 第 66 行.
NOTIC: [8] Undefined index: username F:\learn\php\blog\Application\Runtime\Cache\Home\6fcc33eadbb72cc334effaf83fb52dae.php 第 12 行.
NOTIC: [8] Use of undefined constant title - assumed 'title' F:\learn\php\blog\Application\Runtime\Cache\Home\6fcc33eadbb72cc334effaf83fb52dae.php 第 12 行.
NOTIC: [8] Undefined index: title F:\learn\php\blog\Application\Runtime\Cache\Home\6fcc33eadbb72cc334effaf83fb52dae.php 第 12 行.
NOTIC: [8] Undefined index: review F:\learn\php\blog\Application\Runtime\Cache\Home\6fcc33eadbb72cc334effaf83fb52dae.php 第 18 行.
NOTIC: [8] Undefined index: username F:\learn\php\blog\Application\Runtime\Cache\Home\6fcc33eadbb72cc334effaf83fb52dae.php 第 12 行.
NOTIC: [8] Use of undefined constant title - assumed 'title' F:\learn\php\blog\Application\Runtime\Cache\Home\6fcc33eadbb72cc334effaf83fb52dae.php 第 12 行.
NOTIC: [8] Undefined index: title F:\learn\php\blog\Application\Runtime\Cache\Home\6fcc33eadbb72cc334effaf83fb52dae.php 第 12 行.
NOTIC: [8] Undefined index: review F:\learn\php\blog\Application\Runtime\Cache\Home\6fcc33eadbb72cc334effaf83fb52dae.php 第 18 行.
NOTIC: [8] Undefined index: username F:\learn\php\blog\Application\Runtime\Cache\Home\6fcc33eadbb72cc334effaf83fb52dae.php 第 12 行.
NOTIC: [8] Use of undefined constant title - assumed 'title' F:\learn\php\blog\Application\Runtime\Cache\Home\6fcc33eadbb72cc334effaf83fb52dae.php 第 12 行.
NOTIC: [8] Undefined index: title F:\learn\php\blog\Application\Runtime\Cache\Home\6fcc33eadbb72cc334effaf83fb52dae.php 第 12 行.
NOTIC: [8] Undefined index: review F:\learn\php\blog\Application\Runtime\Cache\Home\6fcc33eadbb72cc334effaf83fb52dae.php 第 18 行.
NOTIC: [8] Undefined index: username F:\learn\php\blog\Application\Runtime\Cache\Home\6fcc33eadbb72cc334effaf83fb52dae.php 第 12 行.
NOTIC: [8] Use of undefined constant title - assumed 'title' F:\learn\php\blog\Application\Runtime\Cache\Home\6fcc33eadbb72cc334effaf83fb52dae.php 第 12 行.
NOTIC: [8] Undefined index: title F:\learn\php\blog\Application\Runtime\Cache\Home\6fcc33eadbb72cc334effaf83fb52dae.php 第 12 行.
NOTIC: [8] Undefined index: review F:\learn\php\blog\Application\Runtime\Cache\Home\6fcc33eadbb72cc334effaf83fb52dae.php 第 18 行.
NOTIC: [8] Undefined index: username F:\learn\php\blog\Application\Runtime\Cache\Home\6fcc33eadbb72cc334effaf83fb52dae.php 第 12 行.
NOTIC: [8] Use of undefined constant title - assumed 'title' F:\learn\php\blog\Application\Runtime\Cache\Home\6fcc33eadbb72cc334effaf83fb52dae.php 第 12 行.
NOTIC: [8] Undefined index: title F:\learn\php\blog\Application\Runtime\Cache\Home\6fcc33eadbb72cc334effaf83fb52dae.php 第 12 行.
NOTIC: [8] Undefined index: review F:\learn\php\blog\Application\Runtime\Cache\Home\6fcc33eadbb72cc334effaf83fb52dae.php 第 18 行.
INFO: Run Behavior\ParseTemplateBehavior [ RunTime:0.020001s ]
INFO: [ view_parse ] --END-- [ RunTime:0.020001s ]
INFO: [ view_filter ] --START--
INFO: Run Behavior\WriteHtmlCacheBehavior [ RunTime:0.001001s ]
INFO: [ view_filter ] --END-- [ RunTime:0.001001s ]
INFO: [ app_end ] --START--
INFO: Run Behavior\ShowPageTraceBehavior [ RunTime:0.001000s ]
INFO: [ app_end ] --END-- [ RunTime:0.001000s ]

