[ 2015-06-21T10:01:21+08:00 ] 192.168.80.200 /shop/
INFO: [ app_init ] --START--
INFO: [ app_init ] --END-- [ RunTime:0.001000s ]

[ 2015-06-21T10:01:23+08:00 ] 192.168.80.200 /shop/index.php/Home/Program/index/id/328
INFO: [ app_init ] --START--
INFO: [ app_init ] --END-- [ RunTime:0.001000s ]

[ 2015-06-21T10:01:25+08:00 ] 192.168.80.200 /shop/index.php/Home/Program/showlist/id/337
INFO: [ app_init ] --START--
INFO: [ app_init ] --END-- [ RunTime:0.000000s ]

[ 2015-06-21T10:01:29+08:00 ] 192.168.80.200 /shop/index.php/Home/Program/showlist/id/338
INFO: [ app_init ] --START--
INFO: [ app_init ] --END-- [ RunTime:0.001000s ]

[ 2015-06-21T10:01:43+08:00 ] 192.168.80.200 /shop/index.php/Admin/
INFO: [ app_init ] --START--
INFO: [ app_init ] --END-- [ RunTime:0.001000s ]

[ 2015-06-21T10:01:44+08:00 ] 192.168.80.200 /shop/index.php/Admin/Manager/login.html
INFO: [ app_init ] --START--
INFO: [ app_init ] --END-- [ RunTime:0.000000s ]

[ 2015-06-21T10:01:45+08:00 ] 192.168.80.200 /shop/index.php/Admin/Manager/verify
INFO: [ app_init ] --START--
INFO: [ app_init ] --END-- [ RunTime:0.000000s ]

[ 2015-06-21T10:01:55+08:00 ] 192.168.80.200 /shop/index.php/Admin/Manager/checklogin
INFO: [ app_init ] --START--
INFO: [ app_init ] --END-- [ RunTime:0.001000s ]

[ 2015-06-21T10:01:55+08:00 ] 192.168.80.200 /shop/index.php/Admin/Index/index.html
INFO: [ app_init ] --START--
INFO: [ app_init ] --END-- [ RunTime:0.001000s ]

[ 2015-06-21T10:01:55+08:00 ] 192.168.80.200 /shop/index.php/Admin/Index/right
INFO: [ app_init ] --START--
INFO: [ app_init ] --END-- [ RunTime:0.001000s ]

[ 2015-06-21T10:01:55+08:00 ] 192.168.80.200 /shop/index.php/Admin/Index/head
INFO: [ app_init ] --START--
INFO: [ app_init ] --END-- [ RunTime:0.001000s ]

[ 2015-06-21T10:01:55+08:00 ] 192.168.80.200 /shop/index.php/Admin/Index/left
INFO: [ app_init ] --START--
INFO: [ app_init ] --END-- [ RunTime:0.001000s ]

[ 2015-06-21T10:01:55+08:00 ] 192.168.80.200 /shop/index.php/Admin/Index/foot
INFO: [ app_init ] --START--
INFO: [ app_init ] --END-- [ RunTime:0.001000s ]

[ 2015-06-21T10:01:57+08:00 ] 192.168.80.200 /shop/index.php/Admin/Article/add
INFO: [ app_init ] --START--
INFO: [ app_init ] --END-- [ RunTime:0.001000s ]

[ 2015-06-21T10:03:11+08:00 ] 192.168.80.200 /shop/index.php/Admin/Article/insert
INFO: [ app_init ] --START--
INFO: [ app_init ] --END-- [ RunTime:0.000000s ]

[ 2015-06-21T10:03:15+08:00 ] 192.168.80.200 /shop/index.php/Home/Program/showlist/id/338
INFO: [ app_init ] --START--
INFO: [ app_init ] --END-- [ RunTime:0.001000s ]

[ 2015-06-21T10:03:17+08:00 ] 192.168.80.200 /shop/index.php/Home/Program/detail/id/42
INFO: [ app_init ] --START--
INFO: [ app_init ] --END-- [ RunTime:0.001000s ]

[ 2015-06-21T10:50:28+08:00 ] 192.168.80.200 /shop/index.php/Admin/Article/add
INFO: [ app_init ] --START--
INFO: [ app_init ] --END-- [ RunTime:0.002000s ]

[ 2015-06-21T11:00:47+08:00 ] 192.168.80.200 /shop/index.php/Admin/Article/insert
INFO: [ app_init ] --START--
INFO: [ app_init ] --END-- [ RunTime:0.001000s ]

[ 2015-06-21T11:00:56+08:00 ] 192.168.80.200 /shop/index.php/Home/Program/showlist/id/338
INFO: [ app_init ] --START--
INFO: [ app_init ] --END-- [ RunTime:0.001000s ]

[ 2015-06-21T11:00:58+08:00 ] 192.168.80.200 /shop/index.php/Home/Program/showlist/id/338
INFO: [ app_init ] --START--
INFO: [ app_init ] --END-- [ RunTime:0.000000s ]

[ 2015-06-21T11:01:00+08:00 ] 192.168.80.200 /shop/index.php/Home/Program/detail/id/45
INFO: [ app_init ] --START--
INFO: [ app_init ] --END-- [ RunTime:0.000000s ]

[ 2015-06-21T11:05:02+08:00 ] 192.168.80.200 /shop/index.php/Home/Program/showlist/id/338
INFO: [ app_init ] --START--
INFO: [ app_init ] --END-- [ RunTime:0.001000s ]

[ 2015-06-21T11:05:04+08:00 ] 192.168.80.200 /shop/index.php/Home/Program/detail/id/42
INFO: [ app_init ] --START--
INFO: [ app_init ] --END-- [ RunTime:0.000000s ]

[ 2015-06-21T11:13:23+08:00 ] 192.168.80.200 /shop/index.php/Home/Program/showlist/id/338
INFO: [ app_init ] --START--
INFO: [ app_init ] --END-- [ RunTime:0.000000s ]

[ 2015-06-21T11:13:32+08:00 ] 192.168.80.200 /shop/index.php/Home/Program/detail/id/31
INFO: [ app_init ] --START--
INFO: [ app_init ] --END-- [ RunTime:0.001000s ]

[ 2015-06-21T11:24:02+08:00 ] 192.168.80.200 /shop/index.php/Home/Program/showlist/id/338
INFO: [ app_init ] --START--
INFO: [ app_init ] --END-- [ RunTime:0.001000s ]

[ 2015-06-21T11:24:04+08:00 ] 192.168.80.200 /shop/index.php/Home/Program/detail/id/45
INFO: [ app_init ] --START--
INFO: [ app_init ] --END-- [ RunTime:0.001000s ]

[ 2015-06-21T11:41:51+08:00 ] 192.168.80.200 /shop/index.php/Home/Program/showlist/id/338
INFO: [ app_init ] --START--
INFO: [ app_init ] --END-- [ RunTime:0.001000s ]

[ 2015-06-21T11:41:54+08:00 ] 192.168.80.200 /shop/index.php/Home/Program/detail/id/44
INFO: [ app_init ] --START--
INFO: [ app_init ] --END-- [ RunTime:0.001000s ]

[ 2015-06-21T13:12:37+08:00 ] 192.168.80.200 /shop/index.php/Admin/Article/add
INFO: [ app_init ] --START--
INFO: [ app_init ] --END-- [ RunTime:0.000000s ]

[ 2015-06-21T16:16:52+08:00 ] 192.168.80.200 /shop/index.php/Admin/Article/insert
INFO: [ app_init ] --START--
INFO: [ app_init ] --END-- [ RunTime:0.013001s ]

[ 2015-06-21T16:17:03+08:00 ] 192.168.80.200 /shop/index.php/Home/Program/showlist/id/338
INFO: [ app_init ] --START--
INFO: [ app_init ] --END-- [ RunTime:0.001000s ]

[ 2015-06-21T16:17:05+08:00 ] 192.168.80.200 /shop/index.php/Home/Program/detail/id/46
INFO: [ app_init ] --START--
INFO: [ app_init ] --END-- [ RunTime:0.000000s ]

[ 2015-06-21T16:17:17+08:00 ] 192.168.80.200 /shop/index.php/Admin/Article/add
INFO: [ app_init ] --START--
INFO: [ app_init ] --END-- [ RunTime:0.000000s ]

[ 2015-06-21T16:17:32+08:00 ] 192.168.80.200 /shop/index.php/Admin/Article/insert
INFO: [ app_init ] --START--
INFO: [ app_init ] --END-- [ RunTime:0.001001s ]

[ 2015-06-21T16:17:37+08:00 ] 192.168.80.200 /shop/index.php/Home/Program/showlist/id/338
INFO: [ app_init ] --START--
INFO: [ app_init ] --END-- [ RunTime:0.001000s ]

[ 2015-06-21T16:17:38+08:00 ] 192.168.80.200 /shop/index.php/Home/Program/showlist/id/338
INFO: [ app_init ] --START--
INFO: [ app_init ] --END-- [ RunTime:0.007001s ]

[ 2015-06-21T16:17:40+08:00 ] 192.168.80.200 /shop/index.php/Home/Program/detail/id/47
INFO: [ app_init ] --START--
INFO: [ app_init ] --END-- [ RunTime:0.000000s ]

[ 2015-06-21T16:36:05+08:00 ] 192.168.80.200 /shop/index.php/Home/Program/showlist/id/338
INFO: [ app_init ] --START--
INFO: [ app_init ] --END-- [ RunTime:0.000000s ]

[ 2015-06-21T16:36:08+08:00 ] 192.168.80.200 /shop/index.php/Home/Program/detail/id/40
INFO: [ app_init ] --START--
INFO: [ app_init ] --END-- [ RunTime:0.001000s ]

[ 2015-06-21T16:36:12+08:00 ] 192.168.80.200 /shop/index.php/Home/Program/detail/id/42
INFO: [ app_init ] --START--
INFO: [ app_init ] --END-- [ RunTime:0.001000s ]

[ 2015-06-21T17:16:20+08:00 ] 192.168.80.200 /shop/
INFO: [ app_init ] --START--
INFO: [ app_init ] --END-- [ RunTime:0.001000s ]

[ 2015-06-21T17:17:59+08:00 ] 192.168.80.200 /shop/index.php/Home/Program/showlist/id/338
INFO: [ app_init ] --START--
INFO: [ app_init ] --END-- [ RunTime:0.001000s ]

[ 2015-06-21T17:18:04+08:00 ] 192.168.80.200 /shop/index.php/Home/Program/detail/id/42
INFO: [ app_init ] --START--
INFO: [ app_init ] --END-- [ RunTime:0.000000s ]

[ 2015-06-21T17:20:34+08:00 ] 192.168.80.200 /shop/index.php/Admin/Index/index.html
INFO: [ app_init ] --START--
INFO: [ app_init ] --END-- [ RunTime:0.001000s ]
INFO: [ path_info ] --START--
INFO: [ path_info ] --END-- [ RunTime:0.001000s ]
INFO: [ app_begin ] --START--
INFO: Run Behavior\ReadHtmlCache [ RunTime:0.000000s ]
INFO: [ app_begin ] --END-- [ RunTime:0.000000s ]
INFO: [ action_begin ] --START--
INFO: [ action_begin ] --END-- [ RunTime:0.000000s ]
SQL: select auth_ac from shop_mg a join shop_role b on a.rid=b.id where a.id=1 [ RunTime:0.000000s ]
INFO: [ view_begin ] --START--
INFO: [ view_begin ] --END-- [ RunTime:0.000000s ]
INFO: [ view_parse ] --START--
INFO: Run Behavior\ParseTemplate [ RunTime:0.012001s ]
INFO: [ view_parse ] --END-- [ RunTime:0.012001s ]
INFO: [ view_filter ] --START--
INFO: Run Behavior\WriteHtmlCache [ RunTime:0.000000s ]
INFO: [ view_filter ] --END-- [ RunTime:0.000000s ]
INFO: [ view_end ] --START--
INFO: [ view_end ] --END-- [ RunTime:0.000000s ]
INFO: [ app_end ] --START--
INFO: Run Behavior\ShowPageTrace [ RunTime:0.000000s ]
INFO: [ app_end ] --END-- [ RunTime:0.000000s ]

[ 2015-06-21T17:20:34+08:00 ] 192.168.80.200 /shop/index.php/Admin/Index/head
INFO: [ app_init ] --START--
INFO: [ app_init ] --END-- [ RunTime:0.000000s ]
INFO: [ path_info ] --START--
INFO: [ path_info ] --END-- [ RunTime:0.001000s ]
INFO: [ app_begin ] --START--
INFO: Run Behavior\ReadHtmlCache [ RunTime:0.001000s ]
INFO: [ app_begin ] --END-- [ RunTime:0.001000s ]
INFO: [ action_begin ] --START--
INFO: [ action_begin ] --END-- [ RunTime:0.000000s ]
SQL: select auth_ac from shop_mg a join shop_role b on a.rid=b.id where a.id=1 [ RunTime:0.001001s ]
INFO: [ view_begin ] --START--
INFO: [ view_begin ] --END-- [ RunTime:0.000000s ]
INFO: [ view_parse ] --START--
INFO: Run Behavior\ParseTemplate [ RunTime:0.102005s ]
INFO: [ view_parse ] --END-- [ RunTime:0.102005s ]
INFO: [ view_filter ] --START--
INFO: Run Behavior\WriteHtmlCache [ RunTime:0.000000s ]
INFO: [ view_filter ] --END-- [ RunTime:0.001000s ]
INFO: [ view_end ] --START--
INFO: [ view_end ] --END-- [ RunTime:0.000000s ]
INFO: [ app_end ] --START--
INFO: Run Behavior\ShowPageTrace [ RunTime:0.000000s ]
INFO: [ app_end ] --END-- [ RunTime:0.001000s ]

[ 2015-06-21T17:20:35+08:00 ] 192.168.80.200 /shop/index.php/Admin/Index/right
INFO: [ app_init ] --START--
INFO: [ app_init ] --END-- [ RunTime:0.001000s ]
INFO: [ path_info ] --START--
INFO: [ path_info ] --END-- [ RunTime:0.000000s ]
INFO: [ app_begin ] --START--
INFO: Run Behavior\ReadHtmlCache [ RunTime:0.000000s ]
INFO: [ app_begin ] --END-- [ RunTime:0.000000s ]
INFO: [ action_begin ] --START--
INFO: [ action_begin ] --END-- [ RunTime:0.000000s ]
SQL: select auth_ac from shop_mg a join shop_role b on a.rid=b.id where a.id=1 [ RunTime:0.000000s ]
INFO: [ view_begin ] --START--
INFO: [ view_begin ] --END-- [ RunTime:0.000000s ]
INFO: [ view_parse ] --START--
INFO: Run Behavior\ParseTemplate [ RunTime:0.089005s ]
INFO: [ view_parse ] --END-- [ RunTime:0.090005s ]
INFO: [ view_filter ] --START--
INFO: Run Behavior\WriteHtmlCache [ RunTime:0.000000s ]
INFO: [ view_filter ] --END-- [ RunTime:0.000000s ]
INFO: [ view_end ] --START--
INFO: [ view_end ] --END-- [ RunTime:0.000000s ]
INFO: [ app_end ] --START--
INFO: Run Behavior\ShowPageTrace [ RunTime:0.000000s ]
INFO: [ app_end ] --END-- [ RunTime:0.001001s ]

[ 2015-06-21T17:20:35+08:00 ] 192.168.80.200 /shop/index.php/Admin/Index/left
INFO: [ app_init ] --START--
INFO: [ app_init ] --END-- [ RunTime:0.001000s ]
INFO: [ path_info ] --START--
INFO: [ path_info ] --END-- [ RunTime:0.000000s ]
INFO: [ app_begin ] --START--
INFO: Run Behavior\ReadHtmlCache [ RunTime:0.000000s ]
INFO: [ app_begin ] --END-- [ RunTime:0.001000s ]
INFO: [ action_begin ] --START--
INFO: [ action_begin ] --END-- [ RunTime:0.000000s ]
SQL: select auth_ac from shop_mg a join shop_role b on a.rid=b.id where a.id=1 [ RunTime:0.000000s ]
SQL: SELECT * FROM `shop_auth` WHERE ( level=0 )  [ RunTime:0.144008s ]
SQL: SELECT * FROM `shop_auth` WHERE ( level=1 )  [ RunTime:0.001000s ]
INFO: [ view_begin ] --START--
INFO: [ view_begin ] --END-- [ RunTime:0.001000s ]
INFO: [ view_parse ] --START--
INFO: Run Behavior\ParseTemplate [ RunTime:0.042002s ]
INFO: [ view_parse ] --END-- [ RunTime:0.043002s ]
INFO: [ view_filter ] --START--
INFO: Run Behavior\WriteHtmlCache [ RunTime:0.000000s ]
INFO: [ view_filter ] --END-- [ RunTime:0.000000s ]
INFO: [ view_end ] --START--
INFO: [ view_end ] --END-- [ RunTime:0.001000s ]
INFO: [ app_end ] --START--
INFO: Run Behavior\ShowPageTrace [ RunTime:0.000000s ]
INFO: [ app_end ] --END-- [ RunTime:0.000000s ]

[ 2015-06-21T17:20:35+08:00 ] 192.168.80.200 /shop/index.php/Admin/Index/foot
INFO: [ app_init ] --START--
INFO: [ app_init ] --END-- [ RunTime:0.001000s ]
INFO: [ path_info ] --START--
INFO: [ path_info ] --END-- [ RunTime:0.000000s ]
INFO: [ app_begin ] --START--
INFO: Run Behavior\ReadHtmlCache [ RunTime:0.000000s ]
INFO: [ app_begin ] --END-- [ RunTime:0.001000s ]
INFO: [ action_begin ] --START--
INFO: [ action_begin ] --END-- [ RunTime:0.000000s ]
SQL: select auth_ac from shop_mg a join shop_role b on a.rid=b.id where a.id=1 [ RunTime:0.000000s ]
INFO: [ view_begin ] --START--
INFO: [ view_begin ] --END-- [ RunTime:0.000000s ]
INFO: [ view_parse ] --START--
INFO: Run Behavior\ParseTemplate [ RunTime:0.014001s ]
INFO: [ view_parse ] --END-- [ RunTime:0.015001s ]
INFO: [ view_filter ] --START--
INFO: Run Behavior\WriteHtmlCache [ RunTime:0.000000s ]
INFO: [ view_filter ] --END-- [ RunTime:0.001000s ]
INFO: [ view_end ] --START--
INFO: [ view_end ] --END-- [ RunTime:0.000000s ]
INFO: [ app_end ] --START--
INFO: Run Behavior\ShowPageTrace [ RunTime:0.001000s ]
INFO: [ app_end ] --END-- [ RunTime:0.001000s ]

[ 2015-06-21T17:20:48+08:00 ] 192.168.80.200 /shop/index.php/Admin/Index/index.html
INFO: [ app_init ] --START--
INFO: [ app_init ] --END-- [ RunTime:0.000000s ]

[ 2015-06-21T17:20:48+08:00 ] 192.168.80.200 /shop/index.php/Admin/Index/head
INFO: [ app_init ] --START--
INFO: [ app_init ] --END-- [ RunTime:0.001000s ]

[ 2015-06-21T17:20:48+08:00 ] 192.168.80.200 /shop/index.php/Admin/Index/left
INFO: [ app_init ] --START--
INFO: [ app_init ] --END-- [ RunTime:0.001000s ]

[ 2015-06-21T17:20:48+08:00 ] 192.168.80.200 /shop/index.php/Admin/Index/right
INFO: [ app_init ] --START--
INFO: [ app_init ] --END-- [ RunTime:0.010000s ]

[ 2015-06-21T17:20:49+08:00 ] 192.168.80.200 /shop/index.php/Admin/Index/foot
INFO: [ app_init ] --START--
INFO: [ app_init ] --END-- [ RunTime:0.002000s ]

