[ 2015-08-17T09:01:19+08:00 ] 127.0.0.1 /blog/index.php/Admin
INFO: [ app_init ] --START--
INFO: Run Behavior\BuildLiteBehavior [ RunTime:0.000000s ]
INFO: [ app_init ] --END-- [ RunTime:0.001000s ]
INFO: [ app_begin ] --START--
INFO: Run Behavior\ReadHtmlCacheBehavior [ RunTime:0.001000s ]
INFO: [ app_begin ] --END-- [ RunTime:0.001000s ]
NOTIC: [8] Undefined index: manager D:\files\wamp\www\blog\Application\Admin\Controller\BaseController.class.php 第 18 行.

[ 2015-08-17T09:01:19+08:00 ] 127.0.0.1 /blog/index.php/Admin/Login/login.html
INFO: [ app_init ] --START--
INFO: Run Behavior\BuildLiteBehavior [ RunTime:0.000000s ]
INFO: [ app_init ] --END-- [ RunTime:0.000000s ]
INFO: [ app_begin ] --START--
INFO: Run Behavior\ReadHtmlCacheBehavior [ RunTime:0.000000s ]
INFO: [ app_begin ] --END-- [ RunTime:0.002000s ]
INFO: [ view_parse ] --START--
INFO: [ template_filter ] --START--
INFO: Run Behavior\ContentReplaceBehavior [ RunTime:0.000000s ]
INFO: [ template_filter ] --END-- [ RunTime:0.000000s ]
INFO: Run Behavior\ParseTemplateBehavior [ RunTime:0.056004s ]
INFO: [ view_parse ] --END-- [ RunTime:0.056004s ]
INFO: [ view_filter ] --START--
INFO: Run Behavior\WriteHtmlCacheBehavior [ RunTime:0.001000s ]
INFO: [ view_filter ] --END-- [ RunTime:0.001000s ]
INFO: [ app_end ] --START--
INFO: Run Behavior\ShowPageTraceBehavior [ RunTime:0.001000s ]
INFO: [ app_end ] --END-- [ RunTime:0.001000s ]

[ 2015-08-17T09:01:19+08:00 ] 127.0.0.1 /blog/index.php/Admin/Login/login.html
INFO: [ app_init ] --START--
INFO: Run Behavior\BuildLiteBehavior [ RunTime:0.000000s ]
INFO: [ app_init ] --END-- [ RunTime:0.001000s ]
INFO: [ app_begin ] --START--
INFO: Run Behavior\ReadHtmlCacheBehavior [ RunTime:0.000000s ]
INFO: [ app_begin ] --END-- [ RunTime:0.000000s ]
INFO: [ view_parse ] --START--
INFO: [ template_filter ] --START--
INFO: Run Behavior\ContentReplaceBehavior [ RunTime:0.000000s ]
INFO: [ template_filter ] --END-- [ RunTime:0.001000s ]
INFO: Run Behavior\ParseTemplateBehavior [ RunTime:0.009001s ]
INFO: [ view_parse ] --END-- [ RunTime:0.010001s ]
INFO: [ view_filter ] --START--
INFO: Run Behavior\WriteHtmlCacheBehavior [ RunTime:0.000000s ]
INFO: [ view_filter ] --END-- [ RunTime:0.000000s ]
INFO: [ app_end ] --START--
INFO: Run Behavior\ShowPageTraceBehavior [ RunTime:0.000000s ]
INFO: [ app_end ] --END-- [ RunTime:0.001000s ]

[ 2015-08-17T09:01:37+08:00 ] 127.0.0.1 /blog/index.php/Admin/Login/doLogin.html
INFO: [ app_init ] --START--
INFO: Run Behavior\BuildLiteBehavior [ RunTime:0.000000s ]
INFO: [ app_init ] --END-- [ RunTime:0.000000s ]
INFO: [ app_begin ] --START--
INFO: Run Behavior\ReadHtmlCacheBehavior [ RunTime:0.001000s ]
INFO: [ app_begin ] --END-- [ RunTime:0.001000s ]
SQL: SHOW COLUMNS FROM `blog_manager` [ RunTime:0.0960s ]
SQL: SELECT * FROM `blog_manager` WHERE `email` = 'apeng1@qq.com' LIMIT 1   [ RunTime:0.0180s ]

[ 2015-08-17T09:01:37+08:00 ] 127.0.0.1 /blog/index.php/Admin/Index/index.html
INFO: [ app_init ] --START--
INFO: Run Behavior\BuildLiteBehavior [ RunTime:0.000000s ]
INFO: [ app_init ] --END-- [ RunTime:0.001000s ]
INFO: [ app_begin ] --START--
INFO: Run Behavior\ReadHtmlCacheBehavior [ RunTime:0.001000s ]
INFO: [ app_begin ] --END-- [ RunTime:0.001000s ]
SQL: select aac from blog_manager a left join blog_role b on a.rid = b.id where a.id='11' [ RunTime:0.0610s ]
INFO: [ view_parse ] --START--
INFO: [ template_filter ] --START--
INFO: Run Behavior\ContentReplaceBehavior [ RunTime:0.000000s ]
INFO: [ template_filter ] --END-- [ RunTime:0.001000s ]
INFO: [ view_parse ] --START--
INFO: [ template_filter ] --START--
INFO: Run Behavior\ContentReplaceBehavior [ RunTime:0.001000s ]
INFO: [ template_filter ] --END-- [ RunTime:-0.017001s ]
INFO: Run Behavior\ParseTemplateBehavior [ RunTime:0.012000s ]
INFO: [ view_parse ] --END-- [ RunTime:0.012000s ]
INFO: [ view_filter ] --START--
INFO: Run Behavior\WriteHtmlCacheBehavior [ RunTime:0.001000s ]
INFO: [ view_filter ] --END-- [ RunTime:0.001000s ]
SQL: SHOW COLUMNS FROM `blog_auth` [ RunTime:0.0350s ]
SQL: SHOW COLUMNS FROM `blog_role` [ RunTime:0.0070s ]
SQL: SELECT `aids` FROM `blog_role` WHERE `id` = 6  [ RunTime:0.0000s ]
SQL: SELECT * FROM `blog_auth` WHERE ( id in (4,5,12,13,14,8,9,11,15,16) and level = 0 )  [ RunTime:0.0020s ]
SQL: SELECT * FROM `blog_auth` WHERE ( id in (4,5,12,13,14,8,9,11,15,16) and level = 1 )  [ RunTime:0.0010s ]
INFO: [ view_parse ] --START--
INFO: [ template_filter ] --START--
INFO: Run Behavior\ContentReplaceBehavior [ RunTime:0.000000s ]
INFO: [ template_filter ] --END-- [ RunTime:-0.176010s ]
NOTIC: [8] Use of undefined constant pid - assumed 'pid' D:\files\wamp\www\blog\Application\Runtime\Cache\Admin\5f62cf3ecb66a47dcb1a9b7512abfb3d.php 第 10 行.
NOTIC: [8] Use of undefined constant id - assumed 'id' D:\files\wamp\www\blog\Application\Runtime\Cache\Admin\5f62cf3ecb66a47dcb1a9b7512abfb3d.php 第 10 行.
NOTIC: [8] Use of undefined constant pid - assumed 'pid' D:\files\wamp\www\blog\Application\Runtime\Cache\Admin\5f62cf3ecb66a47dcb1a9b7512abfb3d.php 第 10 行.
NOTIC: [8] Use of undefined constant id - assumed 'id' D:\files\wamp\www\blog\Application\Runtime\Cache\Admin\5f62cf3ecb66a47dcb1a9b7512abfb3d.php 第 10 行.
NOTIC: [8] Use of undefined constant pid - assumed 'pid' D:\files\wamp\www\blog\Application\Runtime\Cache\Admin\5f62cf3ecb66a47dcb1a9b7512abfb3d.php 第 10 行.
NOTIC: [8] Use of undefined constant id - assumed 'id' D:\files\wamp\www\blog\Application\Runtime\Cache\Admin\5f62cf3ecb66a47dcb1a9b7512abfb3d.php 第 10 行.
NOTIC: [8] Use of undefined constant pid - assumed 'pid' D:\files\wamp\www\blog\Application\Runtime\Cache\Admin\5f62cf3ecb66a47dcb1a9b7512abfb3d.php 第 10 行.
NOTIC: [8] Use of undefined constant id - assumed 'id' D:\files\wamp\www\blog\Application\Runtime\Cache\Admin\5f62cf3ecb66a47dcb1a9b7512abfb3d.php 第 10 行.
NOTIC: [8] Use of undefined constant pid - assumed 'pid' D:\files\wamp\www\blog\Application\Runtime\Cache\Admin\5f62cf3ecb66a47dcb1a9b7512abfb3d.php 第 10 行.
NOTIC: [8] Use of undefined constant id - assumed 'id' D:\files\wamp\www\blog\Application\Runtime\Cache\Admin\5f62cf3ecb66a47dcb1a9b7512abfb3d.php 第 10 行.
NOTIC: [8] Use of undefined constant pid - assumed 'pid' D:\files\wamp\www\blog\Application\Runtime\Cache\Admin\5f62cf3ecb66a47dcb1a9b7512abfb3d.php 第 10 行.
NOTIC: [8] Use of undefined constant id - assumed 'id' D:\files\wamp\www\blog\Application\Runtime\Cache\Admin\5f62cf3ecb66a47dcb1a9b7512abfb3d.php 第 10 行.
NOTIC: [8] Use of undefined constant pid - assumed 'pid' D:\files\wamp\www\blog\Application\Runtime\Cache\Admin\5f62cf3ecb66a47dcb1a9b7512abfb3d.php 第 10 行.
NOTIC: [8] Use of undefined constant id - assumed 'id' D:\files\wamp\www\blog\Application\Runtime\Cache\Admin\5f62cf3ecb66a47dcb1a9b7512abfb3d.php 第 10 行.
NOTIC: [8] Use of undefined constant pid - assumed 'pid' D:\files\wamp\www\blog\Application\Runtime\Cache\Admin\5f62cf3ecb66a47dcb1a9b7512abfb3d.php 第 10 行.
NOTIC: [8] Use of undefined constant id - assumed 'id' D:\files\wamp\www\blog\Application\Runtime\Cache\Admin\5f62cf3ecb66a47dcb1a9b7512abfb3d.php 第 10 行.
NOTIC: [8] Use of undefined constant pid - assumed 'pid' D:\files\wamp\www\blog\Application\Runtime\Cache\Admin\5f62cf3ecb66a47dcb1a9b7512abfb3d.php 第 10 行.
NOTIC: [8] Use of undefined constant id - assumed 'id' D:\files\wamp\www\blog\Application\Runtime\Cache\Admin\5f62cf3ecb66a47dcb1a9b7512abfb3d.php 第 10 行.
NOTIC: [8] Use of undefined constant pid - assumed 'pid' D:\files\wamp\www\blog\Application\Runtime\Cache\Admin\5f62cf3ecb66a47dcb1a9b7512abfb3d.php 第 10 行.
NOTIC: [8] Use of undefined constant id - assumed 'id' D:\files\wamp\www\blog\Application\Runtime\Cache\Admin\5f62cf3ecb66a47dcb1a9b7512abfb3d.php 第 10 行.
NOTIC: [8] Use of undefined constant pid - assumed 'pid' D:\files\wamp\www\blog\Application\Runtime\Cache\Admin\5f62cf3ecb66a47dcb1a9b7512abfb3d.php 第 10 行.
NOTIC: [8] Use of undefined constant id - assumed 'id' D:\files\wamp\www\blog\Application\Runtime\Cache\Admin\5f62cf3ecb66a47dcb1a9b7512abfb3d.php 第 10 行.
NOTIC: [8] Use of undefined constant pid - assumed 'pid' D:\files\wamp\www\blog\Application\Runtime\Cache\Admin\5f62cf3ecb66a47dcb1a9b7512abfb3d.php 第 10 行.
NOTIC: [8] Use of undefined constant id - assumed 'id' D:\files\wamp\www\blog\Application\Runtime\Cache\Admin\5f62cf3ecb66a47dcb1a9b7512abfb3d.php 第 10 行.
NOTIC: [8] Use of undefined constant pid - assumed 'pid' D:\files\wamp\www\blog\Application\Runtime\Cache\Admin\5f62cf3ecb66a47dcb1a9b7512abfb3d.php 第 10 行.
NOTIC: [8] Use of undefined constant id - assumed 'id' D:\files\wamp\www\blog\Application\Runtime\Cache\Admin\5f62cf3ecb66a47dcb1a9b7512abfb3d.php 第 10 行.
NOTIC: [8] Use of undefined constant pid - assumed 'pid' D:\files\wamp\www\blog\Application\Runtime\Cache\Admin\5f62cf3ecb66a47dcb1a9b7512abfb3d.php 第 10 行.
NOTIC: [8] Use of undefined constant id - assumed 'id' D:\files\wamp\www\blog\Application\Runtime\Cache\Admin\5f62cf3ecb66a47dcb1a9b7512abfb3d.php 第 10 行.
INFO: Run Behavior\ParseTemplateBehavior [ RunTime:0.022001s ]
INFO: [ view_parse ] --END-- [ RunTime:-0.136008s ]
INFO: [ view_filter ] --START--
INFO: Run Behavior\WriteHtmlCacheBehavior [ RunTime:0.000000s ]
INFO: [ view_filter ] --END-- [ RunTime:-0.157009s ]
NOTIC: [2] Division by zero D:\files\wamp\www\blog\Application\Runtime\Cache\Admin\b595b808c2ebeeeb0478ffc30bb4e87a.php 第 146 行.
NOTIC: [8] Undefined variable: link D:\files\wamp\www\blog\Application\Runtime\Cache\Admin\b595b808c2ebeeeb0478ffc30bb4e87a.php 第 165 行.
INFO: Run Behavior\ParseTemplateBehavior [ RunTime:0.023002s ]
INFO: [ view_parse ] --END-- [ RunTime:-0.136008s ]
INFO: [ view_filter ] --START--
INFO: Run Behavior\WriteHtmlCacheBehavior [ RunTime:0.000000s ]
INFO: [ view_filter ] --END-- [ RunTime:-0.158010s ]
INFO: [ app_end ] --START--
INFO: Run Behavior\ShowPageTraceBehavior [ RunTime:0.001000s ]
INFO: [ app_end ] --END-- [ RunTime:0.001000s ]

[ 2015-08-17T09:01:38+08:00 ] 127.0.0.1 /blog/index.php/Admin/Index/breadcrumb.html?controller=Index&action=index
INFO: [ app_init ] --START--
INFO: Run Behavior\BuildLiteBehavior [ RunTime:0.000000s ]
INFO: [ app_init ] --END-- [ RunTime:0.000000s ]
INFO: [ app_begin ] --START--
INFO: Run Behavior\ReadHtmlCacheBehavior [ RunTime:0.001000s ]
INFO: [ app_begin ] --END-- [ RunTime:0.001000s ]
SQL: select aac from blog_manager a left join blog_role b on a.rid = b.id where a.id='11' [ RunTime:0.0010s ]
NOTIC: [2] strpos() expects parameter 1 to be string, array given D:\files\wamp\www\blog\Application\Admin\Controller\BaseController.class.php 第 23 行.
SQL: SHOW COLUMNS FROM `blog_auth` [ RunTime:0.0040s ]
SQL: SELECT `name` FROM `blog_auth` WHERE `controller` = 'Index' AND `action` = 'index' LIMIT 1   [ RunTime:0.0000s ]
INFO: [ app_end ] --START--
INFO: Run Behavior\ShowPageTraceBehavior [ RunTime:0.002000s ]
INFO: [ app_end ] --END-- [ RunTime:0.002000s ]

[ 2015-08-17T09:02:16+08:00 ] 127.0.0.1 /blog/index.php/Admin/Index/index.html
INFO: [ app_init ] --START--
INFO: Run Behavior\BuildLiteBehavior [ RunTime:0.000000s ]
INFO: [ app_init ] --END-- [ RunTime:0.001000s ]
INFO: [ app_begin ] --START--
INFO: Run Behavior\ReadHtmlCacheBehavior [ RunTime:0.001000s ]
INFO: [ app_begin ] --END-- [ RunTime:0.001000s ]
SQL: select aac from blog_manager a left join blog_role b on a.rid = b.id where a.id='11' [ RunTime:0.0000s ]
INFO: [ view_parse ] --START--
INFO: [ template_filter ] --START--
INFO: Run Behavior\ContentReplaceBehavior [ RunTime:0.000000s ]
INFO: [ template_filter ] --END-- [ RunTime:0.001000s ]
INFO: [ view_parse ] --START--
INFO: [ template_filter ] --START--
INFO: Run Behavior\ContentReplaceBehavior [ RunTime:0.000000s ]
INFO: [ template_filter ] --END-- [ RunTime:-0.005000s ]
INFO: Run Behavior\ParseTemplateBehavior [ RunTime:0.004000s ]
INFO: [ view_parse ] --END-- [ RunTime:0.004000s ]
INFO: [ view_filter ] --START--
INFO: Run Behavior\WriteHtmlCacheBehavior [ RunTime:0.001000s ]
INFO: [ view_filter ] --END-- [ RunTime:0.001000s ]
SQL: SHOW COLUMNS FROM `blog_auth` [ RunTime:0.0030s ]
SQL: SHOW COLUMNS FROM `blog_role` [ RunTime:0.0030s ]
SQL: SELECT * FROM `blog_auth` WHERE ( id in (4,5,12,13,14,8,9,11,15,16) and level = 1 )  [ RunTime:0.0000s ]
INFO: [ view_parse ] --START--
INFO: [ template_filter ] --START--
INFO: Run Behavior\ContentReplaceBehavior [ RunTime:0.000000s ]
INFO: [ template_filter ] --END-- [ RunTime:-0.025001s ]
NOTIC: [8] Use of undefined constant pid - assumed 'pid' D:\files\wamp\www\blog\Application\Runtime\Cache\Admin\5f62cf3ecb66a47dcb1a9b7512abfb3d.php 第 10 行.
NOTIC: [8] Use of undefined constant id - assumed 'id' D:\files\wamp\www\blog\Application\Runtime\Cache\Admin\5f62cf3ecb66a47dcb1a9b7512abfb3d.php 第 10 行.
NOTIC: [8] Use of undefined constant pid - assumed 'pid' D:\files\wamp\www\blog\Application\Runtime\Cache\Admin\5f62cf3ecb66a47dcb1a9b7512abfb3d.php 第 10 行.
NOTIC: [8] Use of undefined constant id - assumed 'id' D:\files\wamp\www\blog\Application\Runtime\Cache\Admin\5f62cf3ecb66a47dcb1a9b7512abfb3d.php 第 10 行.
NOTIC: [8] Use of undefined constant pid - assumed 'pid' D:\files\wamp\www\blog\Application\Runtime\Cache\Admin\5f62cf3ecb66a47dcb1a9b7512abfb3d.php 第 10 行.
NOTIC: [8] Use of undefined constant id - assumed 'id' D:\files\wamp\www\blog\Application\Runtime\Cache\Admin\5f62cf3ecb66a47dcb1a9b7512abfb3d.php 第 10 行.
NOTIC: [8] Use of undefined constant pid - assumed 'pid' D:\files\wamp\www\blog\Application\Runtime\Cache\Admin\5f62cf3ecb66a47dcb1a9b7512abfb3d.php 第 10 行.
NOTIC: [8] Use of undefined constant id - assumed 'id' D:\files\wamp\www\blog\Application\Runtime\Cache\Admin\5f62cf3ecb66a47dcb1a9b7512abfb3d.php 第 10 行.
NOTIC: [8] Use of undefined constant pid - assumed 'pid' D:\files\wamp\www\blog\Application\Runtime\Cache\Admin\5f62cf3ecb66a47dcb1a9b7512abfb3d.php 第 10 行.
NOTIC: [8] Use of undefined constant id - assumed 'id' D:\files\wamp\www\blog\Application\Runtime\Cache\Admin\5f62cf3ecb66a47dcb1a9b7512abfb3d.php 第 10 行.
NOTIC: [8] Use of undefined constant pid - assumed 'pid' D:\files\wamp\www\blog\Application\Runtime\Cache\Admin\5f62cf3ecb66a47dcb1a9b7512abfb3d.php 第 10 行.
NOTIC: [8] Use of undefined constant id - assumed 'id' D:\files\wamp\www\blog\Application\Runtime\Cache\Admin\5f62cf3ecb66a47dcb1a9b7512abfb3d.php 第 10 行.
NOTIC: [8] Use of undefined constant pid - assumed 'pid' D:\files\wamp\www\blog\Application\Runtime\Cache\Admin\5f62cf3ecb66a47dcb1a9b7512abfb3d.php 第 10 行.
NOTIC: [8] Use of undefined constant id - assumed 'id' D:\files\wamp\www\blog\Application\Runtime\Cache\Admin\5f62cf3ecb66a47dcb1a9b7512abfb3d.php 第 10 行.
NOTIC: [8] Use of undefined constant pid - assumed 'pid' D:\files\wamp\www\blog\Application\Runtime\Cache\Admin\5f62cf3ecb66a47dcb1a9b7512abfb3d.php 第 10 行.
NOTIC: [8] Use of undefined constant id - assumed 'id' D:\files\wamp\www\blog\Application\Runtime\Cache\Admin\5f62cf3ecb66a47dcb1a9b7512abfb3d.php 第 10 行.
NOTIC: [8] Use of undefined constant pid - assumed 'pid' D:\files\wamp\www\blog\Application\Runtime\Cache\Admin\5f62cf3ecb66a47dcb1a9b7512abfb3d.php 第 10 行.
NOTIC: [8] Use of undefined constant id - assumed 'id' D:\files\wamp\www\blog\Application\Runtime\Cache\Admin\5f62cf3ecb66a47dcb1a9b7512abfb3d.php 第 10 行.
NOTIC: [8] Use of undefined constant pid - assumed 'pid' D:\files\wamp\www\blog\Application\Runtime\Cache\Admin\5f62cf3ecb66a47dcb1a9b7512abfb3d.php 第 10 行.
NOTIC: [8] Use of undefined constant id - assumed 'id' D:\files\wamp\www\blog\Application\Runtime\Cache\Admin\5f62cf3ecb66a47dcb1a9b7512abfb3d.php 第 10 行.
NOTIC: [8] Use of undefined constant pid - assumed 'pid' D:\files\wamp\www\blog\Application\Runtime\Cache\Admin\5f62cf3ecb66a47dcb1a9b7512abfb3d.php 第 10 行.
NOTIC: [8] Use of undefined constant id - assumed 'id' D:\files\wamp\www\blog\Application\Runtime\Cache\Admin\5f62cf3ecb66a47dcb1a9b7512abfb3d.php 第 10 行.
NOTIC: [8] Use of undefined constant pid - assumed 'pid' D:\files\wamp\www\blog\Application\Runtime\Cache\Admin\5f62cf3ecb66a47dcb1a9b7512abfb3d.php 第 10 行.
NOTIC: [8] Use of undefined constant id - assumed 'id' D:\files\wamp\www\blog\Application\Runtime\Cache\Admin\5f62cf3ecb66a47dcb1a9b7512abfb3d.php 第 10 行.
NOTIC: [8] Use of undefined constant pid - assumed 'pid' D:\files\wamp\www\blog\Application\Runtime\Cache\Admin\5f62cf3ecb66a47dcb1a9b7512abfb3d.php 第 10 行.
NOTIC: [8] Use of undefined constant id - assumed 'id' D:\files\wamp\www\blog\Application\Runtime\Cache\Admin\5f62cf3ecb66a47dcb1a9b7512abfb3d.php 第 10 行.
NOTIC: [8] Use of undefined constant pid - assumed 'pid' D:\files\wamp\www\blog\Application\Runtime\Cache\Admin\5f62cf3ecb66a47dcb1a9b7512abfb3d.php 第 10 行.
NOTIC: [8] Use of undefined constant id - assumed 'id' D:\files\wamp\www\blog\Application\Runtime\Cache\Admin\5f62cf3ecb66a47dcb1a9b7512abfb3d.php 第 10 行.
INFO: Run Behavior\ParseTemplateBehavior [ RunTime:0.009000s ]
INFO: [ view_parse ] --END-- [ RunTime:-0.013001s ]
INFO: [ view_filter ] --START--
INFO: Run Behavior\WriteHtmlCacheBehavior [ RunTime:0.000000s ]
INFO: [ view_filter ] --END-- [ RunTime:-0.021001s ]
NOTIC: [2] Division by zero D:\files\wamp\www\blog\Application\Runtime\Cache\Admin\b595b808c2ebeeeb0478ffc30bb4e87a.php 第 146 行.
NOTIC: [8] Undefined variable: link D:\files\wamp\www\blog\Application\Runtime\Cache\Admin\b595b808c2ebeeeb0478ffc30bb4e87a.php 第 165 行.
INFO: Run Behavior\ParseTemplateBehavior [ RunTime:0.011000s ]
INFO: [ view_parse ] --END-- [ RunTime:-0.013001s ]
INFO: [ view_filter ] --START--
INFO: Run Behavior\WriteHtmlCacheBehavior [ RunTime:0.000000s ]
INFO: [ view_filter ] --END-- [ RunTime:-0.023001s ]
INFO: [ app_end ] --START--
INFO: Run Behavior\ShowPageTraceBehavior [ RunTime:0.000000s ]
INFO: [ app_end ] --END-- [ RunTime:0.000000s ]

[ 2015-08-17T09:02:17+08:00 ] 127.0.0.1 /blog/index.php/Admin/Index/breadcrumb.html?controller=Index&action=index
INFO: [ app_init ] --START--
INFO: Run Behavior\BuildLiteBehavior [ RunTime:0.000000s ]
INFO: [ app_init ] --END-- [ RunTime:0.001000s ]
INFO: [ app_begin ] --START--
INFO: Run Behavior\ReadHtmlCacheBehavior [ RunTime:0.001000s ]
INFO: [ app_begin ] --END-- [ RunTime:0.001000s ]
SQL: select aac from blog_manager a left join blog_role b on a.rid = b.id where a.id='11' [ RunTime:0.0010s ]
NOTIC: [2] strpos() expects parameter 1 to be string, array given D:\files\wamp\www\blog\Application\Admin\Controller\BaseController.class.php 第 23 行.
SQL: SHOW COLUMNS FROM `blog_auth` [ RunTime:0.0040s ]
SQL: SELECT `name` FROM `blog_auth` WHERE `controller` = 'Index' AND `action` = 'index' LIMIT 1   [ RunTime:0.0000s ]
INFO: [ app_end ] --START--
INFO: Run Behavior\ShowPageTraceBehavior [ RunTime:0.002000s ]
INFO: [ app_end ] --END-- [ RunTime:0.002000s ]

[ 2015-08-17T09:02:52+08:00 ] 127.0.0.1 /blog/index.php/Admin/Index/index.html
INFO: [ app_init ] --START--
INFO: Run Behavior\BuildLiteBehavior [ RunTime:0.000000s ]
INFO: [ app_init ] --END-- [ RunTime:0.001000s ]
INFO: [ app_begin ] --START--
INFO: Run Behavior\ReadHtmlCacheBehavior [ RunTime:0.002000s ]
INFO: [ app_begin ] --END-- [ RunTime:0.002000s ]
SQL: select aac from blog_manager a left join blog_role b on a.rid = b.id where a.id='11' [ RunTime:0.0010s ]
INFO: [ view_parse ] --START--
INFO: [ template_filter ] --START--
INFO: Run Behavior\ContentReplaceBehavior [ RunTime:0.001000s ]
INFO: [ template_filter ] --END-- [ RunTime:0.001000s ]
INFO: [ view_parse ] --START--
INFO: [ template_filter ] --START--
INFO: Run Behavior\ContentReplaceBehavior [ RunTime:0.000000s ]
INFO: [ template_filter ] --END-- [ RunTime:-0.005001s ]
INFO: Run Behavior\ParseTemplateBehavior [ RunTime:0.004001s ]
INFO: [ view_parse ] --END-- [ RunTime:0.004001s ]
INFO: [ view_filter ] --START--
INFO: Run Behavior\WriteHtmlCacheBehavior [ RunTime:0.000000s ]
INFO: [ view_filter ] --END-- [ RunTime:0.001000s ]
SQL: SHOW COLUMNS FROM `blog_auth` [ RunTime:0.0030s ]
SQL: SHOW COLUMNS FROM `blog_role` [ RunTime:0.0020s ]
SQL: SELECT * FROM `blog_auth` WHERE ( id in (4,5,12,13,14,8,9,11,15,16) and level = 1 )  [ RunTime:0.0000s ]
INFO: [ view_parse ] --START--
INFO: [ template_filter ] --START--
INFO: Run Behavior\ContentReplaceBehavior [ RunTime:0.001000s ]
INFO: [ template_filter ] --END-- [ RunTime:-0.025002s ]
NOTIC: [8] Use of undefined constant pid - assumed 'pid' D:\files\wamp\www\blog\Application\Runtime\Cache\Admin\5f62cf3ecb66a47dcb1a9b7512abfb3d.php 第 10 行.
NOTIC: [8] Use of undefined constant id - assumed 'id' D:\files\wamp\www\blog\Application\Runtime\Cache\Admin\5f62cf3ecb66a47dcb1a9b7512abfb3d.php 第 10 行.
NOTIC: [8] Use of undefined constant pid - assumed 'pid' D:\files\wamp\www\blog\Application\Runtime\Cache\Admin\5f62cf3ecb66a47dcb1a9b7512abfb3d.php 第 10 行.
NOTIC: [8] Use of undefined constant id - assumed 'id' D:\files\wamp\www\blog\Application\Runtime\Cache\Admin\5f62cf3ecb66a47dcb1a9b7512abfb3d.php 第 10 行.
NOTIC: [8] Use of undefined constant pid - assumed 'pid' D:\files\wamp\www\blog\Application\Runtime\Cache\Admin\5f62cf3ecb66a47dcb1a9b7512abfb3d.php 第 10 行.
NOTIC: [8] Use of undefined constant id - assumed 'id' D:\files\wamp\www\blog\Application\Runtime\Cache\Admin\5f62cf3ecb66a47dcb1a9b7512abfb3d.php 第 10 行.
NOTIC: [8] Use of undefined constant pid - assumed 'pid' D:\files\wamp\www\blog\Application\Runtime\Cache\Admin\5f62cf3ecb66a47dcb1a9b7512abfb3d.php 第 10 行.
NOTIC: [8] Use of undefined constant id - assumed 'id' D:\files\wamp\www\blog\Application\Runtime\Cache\Admin\5f62cf3ecb66a47dcb1a9b7512abfb3d.php 第 10 行.
NOTIC: [8] Use of undefined constant pid - assumed 'pid' D:\files\wamp\www\blog\Application\Runtime\Cache\Admin\5f62cf3ecb66a47dcb1a9b7512abfb3d.php 第 10 行.
NOTIC: [8] Use of undefined constant id - assumed 'id' D:\files\wamp\www\blog\Application\Runtime\Cache\Admin\5f62cf3ecb66a47dcb1a9b7512abfb3d.php 第 10 行.
NOTIC: [8] Use of undefined constant pid - assumed 'pid' D:\files\wamp\www\blog\Application\Runtime\Cache\Admin\5f62cf3ecb66a47dcb1a9b7512abfb3d.php 第 10 行.
NOTIC: [8] Use of undefined constant id - assumed 'id' D:\files\wamp\www\blog\Application\Runtime\Cache\Admin\5f62cf3ecb66a47dcb1a9b7512abfb3d.php 第 10 行.
NOTIC: [8] Use of undefined constant pid - assumed 'pid' D:\files\wamp\www\blog\Application\Runtime\Cache\Admin\5f62cf3ecb66a47dcb1a9b7512abfb3d.php 第 10 行.
NOTIC: [8] Use of undefined constant id - assumed 'id' D:\files\wamp\www\blog\Application\Runtime\Cache\Admin\5f62cf3ecb66a47dcb1a9b7512abfb3d.php 第 10 行.
NOTIC: [8] Use of undefined constant pid - assumed 'pid' D:\files\wamp\www\blog\Application\Runtime\Cache\Admin\5f62cf3ecb66a47dcb1a9b7512abfb3d.php 第 10 行.
NOTIC: [8] Use of undefined constant id - assumed 'id' D:\files\wamp\www\blog\Application\Runtime\Cache\Admin\5f62cf3ecb66a47dcb1a9b7512abfb3d.php 第 10 行.
NOTIC: [8] Use of undefined constant pid - assumed 'pid' D:\files\wamp\www\blog\Application\Runtime\Cache\Admin\5f62cf3ecb66a47dcb1a9b7512abfb3d.php 第 10 行.
NOTIC: [8] Use of undefined constant id - assumed 'id' D:\files\wamp\www\blog\Application\Runtime\Cache\Admin\5f62cf3ecb66a47dcb1a9b7512abfb3d.php 第 10 行.
NOTIC: [8] Use of undefined constant pid - assumed 'pid' D:\files\wamp\www\blog\Application\Runtime\Cache\Admin\5f62cf3ecb66a47dcb1a9b7512abfb3d.php 第 10 行.
NOTIC: [8] Use of undefined constant id - assumed 'id' D:\files\wamp\www\blog\Application\Runtime\Cache\Admin\5f62cf3ecb66a47dcb1a9b7512abfb3d.php 第 10 行.
NOTIC: [8] Use of undefined constant pid - assumed 'pid' D:\files\wamp\www\blog\Application\Runtime\Cache\Admin\5f62cf3ecb66a47dcb1a9b7512abfb3d.php 第 10 行.
NOTIC: [8] Use of undefined constant id - assumed 'id' D:\files\wamp\www\blog\Application\Runtime\Cache\Admin\5f62cf3ecb66a47dcb1a9b7512abfb3d.php 第 10 行.
NOTIC: [8] Use of undefined constant pid - assumed 'pid' D:\files\wamp\www\blog\Application\Runtime\Cache\Admin\5f62cf3ecb66a47dcb1a9b7512abfb3d.php 第 10 行.
NOTIC: [8] Use of undefined constant id - assumed 'id' D:\files\wamp\www\blog\Application\Runtime\Cache\Admin\5f62cf3ecb66a47dcb1a9b7512abfb3d.php 第 10 行.
NOTIC: [8] Use of undefined constant pid - assumed 'pid' D:\files\wamp\www\blog\Application\Runtime\Cache\Admin\5f62cf3ecb66a47dcb1a9b7512abfb3d.php 第 10 行.
NOTIC: [8] Use of undefined constant id - assumed 'id' D:\files\wamp\www\blog\Application\Runtime\Cache\Admin\5f62cf3ecb66a47dcb1a9b7512abfb3d.php 第 10 行.
NOTIC: [8] Use of undefined constant pid - assumed 'pid' D:\files\wamp\www\blog\Application\Runtime\Cache\Admin\5f62cf3ecb66a47dcb1a9b7512abfb3d.php 第 10 行.
NOTIC: [8] Use of undefined constant id - assumed 'id' D:\files\wamp\www\blog\Application\Runtime\Cache\Admin\5f62cf3ecb66a47dcb1a9b7512abfb3d.php 第 10 行.
INFO: Run Behavior\ParseTemplateBehavior [ RunTime:0.009001s ]
INFO: [ view_parse ] --END-- [ RunTime:-0.013000s ]
INFO: [ view_filter ] --START--
INFO: Run Behavior\WriteHtmlCacheBehavior [ RunTime:0.000000s ]
INFO: [ view_filter ] --END-- [ RunTime:-0.022001s ]
NOTIC: [2] Division by zero D:\files\wamp\www\blog\Application\Runtime\Cache\Admin\b595b808c2ebeeeb0478ffc30bb4e87a.php 第 146 行.
NOTIC: [8] Undefined variable: link D:\files\wamp\www\blog\Application\Runtime\Cache\Admin\b595b808c2ebeeeb0478ffc30bb4e87a.php 第 165 行.
INFO: Run Behavior\ParseTemplateBehavior [ RunTime:0.011001s ]
INFO: [ view_parse ] --END-- [ RunTime:-0.013000s ]
INFO: [ view_filter ] --START--
INFO: Run Behavior\WriteHtmlCacheBehavior [ RunTime:0.000000s ]
INFO: [ view_filter ] --END-- [ RunTime:-0.023001s ]
INFO: [ app_end ] --START--
INFO: Run Behavior\ShowPageTraceBehavior [ RunTime:0.001000s ]
INFO: [ app_end ] --END-- [ RunTime:0.001000s ]

[ 2015-08-17T09:02:52+08:00 ] 127.0.0.1 /blog/index.php/Admin/Index/breadcrumb.html?controller=Index&action=index
INFO: [ app_init ] --START--
INFO: Run Behavior\BuildLiteBehavior [ RunTime:0.000000s ]
INFO: [ app_init ] --END-- [ RunTime:0.000000s ]
INFO: [ app_begin ] --START--
INFO: Run Behavior\ReadHtmlCacheBehavior [ RunTime:0.000000s ]
INFO: [ app_begin ] --END-- [ RunTime:0.000000s ]
SQL: select aac from blog_manager a left join blog_role b on a.rid = b.id where a.id='11' [ RunTime:0.0000s ]
NOTIC: [2] strpos() expects parameter 1 to be string, array given D:\files\wamp\www\blog\Application\Admin\Controller\BaseController.class.php 第 23 行.
SQL: SHOW COLUMNS FROM `blog_auth` [ RunTime:0.0040s ]
SQL: SELECT `name` FROM `blog_auth` WHERE `controller` = 'Index' AND `action` = 'index' LIMIT 1   [ RunTime:0.0010s ]
INFO: [ app_end ] --START--
INFO: Run Behavior\ShowPageTraceBehavior [ RunTime:0.001001s ]
INFO: [ app_end ] --END-- [ RunTime:0.001001s ]

[ 2015-08-17T09:03:45+08:00 ] 127.0.0.1 /blog/index.php/Admin/Index/index.html
INFO: [ app_init ] --START--
INFO: Run Behavior\BuildLiteBehavior [ RunTime:0.000000s ]
INFO: [ app_init ] --END-- [ RunTime:0.001000s ]
INFO: [ app_begin ] --START--
INFO: Run Behavior\ReadHtmlCacheBehavior [ RunTime:0.001000s ]
INFO: [ app_begin ] --END-- [ RunTime:0.002000s ]
SQL: select aac from blog_manager a left join blog_role b on a.rid = b.id where a.id='11' [ RunTime:0.0000s ]
INFO: [ view_parse ] --START--
INFO: [ template_filter ] --START--
INFO: Run Behavior\ContentReplaceBehavior [ RunTime:0.000000s ]
INFO: [ template_filter ] --END-- [ RunTime:0.000000s ]
INFO: [ view_parse ] --START--
INFO: [ template_filter ] --START--
INFO: Run Behavior\ContentReplaceBehavior [ RunTime:0.000000s ]
INFO: [ template_filter ] --END-- [ RunTime:-0.005000s ]
INFO: Run Behavior\ParseTemplateBehavior [ RunTime:0.003000s ]
INFO: [ view_parse ] --END-- [ RunTime:0.004000s ]
INFO: [ view_filter ] --START--
INFO: Run Behavior\WriteHtmlCacheBehavior [ RunTime:0.001000s ]
INFO: [ view_filter ] --END-- [ RunTime:0.001000s ]
SQL: SHOW COLUMNS FROM `blog_auth` [ RunTime:0.0030s ]
SQL: SHOW COLUMNS FROM `blog_role` [ RunTime:0.0030s ]
SQL: SELECT * FROM `blog_auth` WHERE ( id in (4,5,12,13,14,8,9,11,15,16) and level = 1 )  [ RunTime:0.0010s ]
INFO: [ view_parse ] --START--
INFO: [ template_filter ] --START--
INFO: Run Behavior\ContentReplaceBehavior [ RunTime:0.000000s ]
INFO: [ template_filter ] --END-- [ RunTime:-0.025001s ]
NOTIC: [8] Use of undefined constant pid - assumed 'pid' D:\files\wamp\www\blog\Application\Runtime\Cache\Admin\5f62cf3ecb66a47dcb1a9b7512abfb3d.php 第 10 行.
NOTIC: [8] Use of undefined constant id - assumed 'id' D:\files\wamp\www\blog\Application\Runtime\Cache\Admin\5f62cf3ecb66a47dcb1a9b7512abfb3d.php 第 10 行.
NOTIC: [8] Use of undefined constant pid - assumed 'pid' D:\files\wamp\www\blog\Application\Runtime\Cache\Admin\5f62cf3ecb66a47dcb1a9b7512abfb3d.php 第 10 行.
NOTIC: [8] Use of undefined constant id - assumed 'id' D:\files\wamp\www\blog\Application\Runtime\Cache\Admin\5f62cf3ecb66a47dcb1a9b7512abfb3d.php 第 10 行.
NOTIC: [8] Use of undefined constant pid - assumed 'pid' D:\files\wamp\www\blog\Application\Runtime\Cache\Admin\5f62cf3ecb66a47dcb1a9b7512abfb3d.php 第 10 行.
NOTIC: [8] Use of undefined constant id - assumed 'id' D:\files\wamp\www\blog\Application\Runtime\Cache\Admin\5f62cf3ecb66a47dcb1a9b7512abfb3d.php 第 10 行.
NOTIC: [8] Use of undefined constant pid - assumed 'pid' D:\files\wamp\www\blog\Application\Runtime\Cache\Admin\5f62cf3ecb66a47dcb1a9b7512abfb3d.php 第 10 行.
NOTIC: [8] Use of undefined constant id - assumed 'id' D:\files\wamp\www\blog\Application\Runtime\Cache\Admin\5f62cf3ecb66a47dcb1a9b7512abfb3d.php 第 10 行.
NOTIC: [8] Use of undefined constant pid - assumed 'pid' D:\files\wamp\www\blog\Application\Runtime\Cache\Admin\5f62cf3ecb66a47dcb1a9b7512abfb3d.php 第 10 行.
NOTIC: [8] Use of undefined constant id - assumed 'id' D:\files\wamp\www\blog\Application\Runtime\Cache\Admin\5f62cf3ecb66a47dcb1a9b7512abfb3d.php 第 10 行.
NOTIC: [8] Use of undefined constant pid - assumed 'pid' D:\files\wamp\www\blog\Application\Runtime\Cache\Admin\5f62cf3ecb66a47dcb1a9b7512abfb3d.php 第 10 行.
NOTIC: [8] Use of undefined constant id - assumed 'id' D:\files\wamp\www\blog\Application\Runtime\Cache\Admin\5f62cf3ecb66a47dcb1a9b7512abfb3d.php 第 10 行.
NOTIC: [8] Use of undefined constant pid - assumed 'pid' D:\files\wamp\www\blog\Application\Runtime\Cache\Admin\5f62cf3ecb66a47dcb1a9b7512abfb3d.php 第 10 行.
NOTIC: [8] Use of undefined constant id - assumed 'id' D:\files\wamp\www\blog\Application\Runtime\Cache\Admin\5f62cf3ecb66a47dcb1a9b7512abfb3d.php 第 10 行.
NOTIC: [8] Use of undefined constant pid - assumed 'pid' D:\files\wamp\www\blog\Application\Runtime\Cache\Admin\5f62cf3ecb66a47dcb1a9b7512abfb3d.php 第 10 行.
NOTIC: [8] Use of undefined constant id - assumed 'id' D:\files\wamp\www\blog\Application\Runtime\Cache\Admin\5f62cf3ecb66a47dcb1a9b7512abfb3d.php 第 10 行.
NOTIC: [8] Use of undefined constant pid - assumed 'pid' D:\files\wamp\www\blog\Application\Runtime\Cache\Admin\5f62cf3ecb66a47dcb1a9b7512abfb3d.php 第 10 行.
NOTIC: [8] Use of undefined constant id - assumed 'id' D:\files\wamp\www\blog\Application\Runtime\Cache\Admin\5f62cf3ecb66a47dcb1a9b7512abfb3d.php 第 10 行.
NOTIC: [8] Use of undefined constant pid - assumed 'pid' D:\files\wamp\www\blog\Application\Runtime\Cache\Admin\5f62cf3ecb66a47dcb1a9b7512abfb3d.php 第 10 行.
NOTIC: [8] Use of undefined constant id - assumed 'id' D:\files\wamp\www\blog\Application\Runtime\Cache\Admin\5f62cf3ecb66a47dcb1a9b7512abfb3d.php 第 10 行.
NOTIC: [8] Use of undefined constant pid - assumed 'pid' D:\files\wamp\www\blog\Application\Runtime\Cache\Admin\5f62cf3ecb66a47dcb1a9b7512abfb3d.php 第 10 行.
NOTIC: [8] Use of undefined constant id - assumed 'id' D:\files\wamp\www\blog\Application\Runtime\Cache\Admin\5f62cf3ecb66a47dcb1a9b7512abfb3d.php 第 10 行.
NOTIC: [8] Use of undefined constant pid - assumed 'pid' D:\files\wamp\www\blog\Application\Runtime\Cache\Admin\5f62cf3ecb66a47dcb1a9b7512abfb3d.php 第 10 行.
NOTIC: [8] Use of undefined constant id - assumed 'id' D:\files\wamp\www\blog\Application\Runtime\Cache\Admin\5f62cf3ecb66a47dcb1a9b7512abfb3d.php 第 10 行.
NOTIC: [8] Use of undefined constant pid - assumed 'pid' D:\files\wamp\www\blog\Application\Runtime\Cache\Admin\5f62cf3ecb66a47dcb1a9b7512abfb3d.php 第 10 行.
NOTIC: [8] Use of undefined constant id - assumed 'id' D:\files\wamp\www\blog\Application\Runtime\Cache\Admin\5f62cf3ecb66a47dcb1a9b7512abfb3d.php 第 10 行.
NOTIC: [8] Use of undefined constant pid - assumed 'pid' D:\files\wamp\www\blog\Application\Runtime\Cache\Admin\5f62cf3ecb66a47dcb1a9b7512abfb3d.php 第 10 行.
NOTIC: [8] Use of undefined constant id - assumed 'id' D:\files\wamp\www\blog\Application\Runtime\Cache\Admin\5f62cf3ecb66a47dcb1a9b7512abfb3d.php 第 10 行.
INFO: Run Behavior\ParseTemplateBehavior [ RunTime:0.010000s ]
INFO: [ view_parse ] --END-- [ RunTime:-0.013001s ]
INFO: [ view_filter ] --START--
INFO: Run Behavior\WriteHtmlCacheBehavior [ RunTime:0.000000s ]
INFO: [ view_filter ] --END-- [ RunTime:-0.022001s ]
NOTIC: [2] Division by zero D:\files\wamp\www\blog\Application\Runtime\Cache\Admin\b595b808c2ebeeeb0478ffc30bb4e87a.php 第 146 行.
NOTIC: [8] Undefined variable: link D:\files\wamp\www\blog\Application\Runtime\Cache\Admin\b595b808c2ebeeeb0478ffc30bb4e87a.php 第 165 行.
INFO: Run Behavior\ParseTemplateBehavior [ RunTime:0.011000s ]
INFO: [ view_parse ] --END-- [ RunTime:-0.013001s ]
INFO: [ view_filter ] --START--
INFO: Run Behavior\WriteHtmlCacheBehavior [ RunTime:0.000000s ]
INFO: [ view_filter ] --END-- [ RunTime:-0.023001s ]
INFO: [ app_end ] --START--
INFO: Run Behavior\ShowPageTraceBehavior [ RunTime:0.001001s ]
INFO: [ app_end ] --END-- [ RunTime:0.001001s ]

[ 2015-08-17T09:03:45+08:00 ] 127.0.0.1 /blog/index.php/Admin/Index/Services/message.php
INFO: [ app_init ] --START--
INFO: Run Behavior\BuildLiteBehavior [ RunTime:0.000000s ]
INFO: [ app_init ] --END-- [ RunTime:0.001000s ]
INFO: [ app_begin ] --START--
INFO: Run Behavior\ReadHtmlCacheBehavior [ RunTime:0.001000s ]
INFO: [ app_begin ] --END-- [ RunTime:0.001000s ]
SQL: select aac from blog_manager a left join blog_role b on a.rid = b.id where a.id='11' [ RunTime:0.0010s ]
NOTIC: [2] strpos() expects parameter 1 to be string, array given D:\files\wamp\www\blog\Application\Admin\Controller\BaseController.class.php 第 23 行.
INFO: [ view_parse ] --START--
INFO: [ template_filter ] --START--
INFO: Run Behavior\ContentReplaceBehavior [ RunTime:0.000000s ]
INFO: [ template_filter ] --END-- [ RunTime:0.000000s ]
INFO: Run Behavior\ParseTemplateBehavior [ RunTime:0.031002s ]
INFO: [ view_parse ] --END-- [ RunTime:0.031002s ]
INFO: [ view_filter ] --START--
INFO: Run Behavior\WriteHtmlCacheBehavior [ RunTime:0.001000s ]
INFO: [ view_filter ] --END-- [ RunTime:0.001000s ]
INFO: [ app_end ] --START--
INFO: Run Behavior\ShowPageTraceBehavior [ RunTime:0.001000s ]
INFO: [ app_end ] --END-- [ RunTime:0.001000s ]

[ 2015-08-17T09:03:45+08:00 ] 127.0.0.1 /blog/index.php/Admin/Index/breadcrumb.html?controller=Index&action=index
INFO: [ app_init ] --START--
INFO: Run Behavior\BuildLiteBehavior [ RunTime:0.001000s ]
INFO: [ app_init ] --END-- [ RunTime:0.001000s ]
INFO: [ app_begin ] --START--
INFO: Run Behavior\ReadHtmlCacheBehavior [ RunTime:0.001000s ]
INFO: [ app_begin ] --END-- [ RunTime:0.001000s ]
SQL: select aac from blog_manager a left join blog_role b on a.rid = b.id where a.id='11' [ RunTime:0.0000s ]
NOTIC: [2] strpos() expects parameter 1 to be string, array given D:\files\wamp\www\blog\Application\Admin\Controller\BaseController.class.php 第 23 行.
SQL: SHOW COLUMNS FROM `blog_auth` [ RunTime:0.0060s ]
SQL: SELECT `name` FROM `blog_auth` WHERE `controller` = 'Index' AND `action` = 'index' LIMIT 1   [ RunTime:0.0010s ]
INFO: [ app_end ] --START--
INFO: Run Behavior\ShowPageTraceBehavior [ RunTime:0.001000s ]
INFO: [ app_end ] --END-- [ RunTime:0.001000s ]

[ 2015-08-17T09:04:06+08:00 ] 127.0.0.1 /blog/index.php/Admin/Index/index.html
INFO: [ app_init ] --START--
INFO: Run Behavior\BuildLiteBehavior [ RunTime:0.000000s ]
INFO: [ app_init ] --END-- [ RunTime:0.001000s ]
INFO: [ app_begin ] --START--
INFO: Run Behavior\ReadHtmlCacheBehavior [ RunTime:0.000000s ]
INFO: [ app_begin ] --END-- [ RunTime:0.001001s ]
SQL: select aac from blog_manager a left join blog_role b on a.rid = b.id where a.id='11' [ RunTime:0.0000s ]
INFO: [ view_parse ] --START--
INFO: [ template_filter ] --START--
INFO: Run Behavior\ContentReplaceBehavior [ RunTime:0.000000s ]
INFO: [ template_filter ] --END-- [ RunTime:0.000000s ]
INFO: [ view_parse ] --START--
INFO: [ template_filter ] --START--
INFO: Run Behavior\ContentReplaceBehavior [ RunTime:0.001000s ]
INFO: [ template_filter ] --END-- [ RunTime:-0.005001s ]
INFO: Run Behavior\ParseTemplateBehavior [ RunTime:0.004001s ]
INFO: [ view_parse ] --END-- [ RunTime:0.004001s ]
INFO: [ view_filter ] --START--
INFO: Run Behavior\WriteHtmlCacheBehavior [ RunTime:0.000000s ]
INFO: [ view_filter ] --END-- [ RunTime:0.000000s ]
SQL: SHOW COLUMNS FROM `blog_auth` [ RunTime:0.0030s ]
SQL: SHOW COLUMNS FROM `blog_role` [ RunTime:0.0030s ]
SQL: SELECT * FROM `blog_auth` WHERE ( id in (4,5,12,13,14,8,9,11,15,16) and level = 1 )  [ RunTime:0.0010s ]
INFO: [ view_parse ] --START--
INFO: [ template_filter ] --START--
INFO: Run Behavior\ContentReplaceBehavior [ RunTime:0.000000s ]
INFO: [ template_filter ] --END-- [ RunTime:-0.026002s ]
NOTIC: [8] Use of undefined constant pid - assumed 'pid' D:\files\wamp\www\blog\Application\Runtime\Cache\Admin\5f62cf3ecb66a47dcb1a9b7512abfb3d.php 第 10 行.
NOTIC: [8] Use of undefined constant id - assumed 'id' D:\files\wamp\www\blog\Application\Runtime\Cache\Admin\5f62cf3ecb66a47dcb1a9b7512abfb3d.php 第 10 行.
NOTIC: [8] Use of undefined constant pid - assumed 'pid' D:\files\wamp\www\blog\Application\Runtime\Cache\Admin\5f62cf3ecb66a47dcb1a9b7512abfb3d.php 第 10 行.
NOTIC: [8] Use of undefined constant id - assumed 'id' D:\files\wamp\www\blog\Application\Runtime\Cache\Admin\5f62cf3ecb66a47dcb1a9b7512abfb3d.php 第 10 行.
NOTIC: [8] Use of undefined constant pid - assumed 'pid' D:\files\wamp\www\blog\Application\Runtime\Cache\Admin\5f62cf3ecb66a47dcb1a9b7512abfb3d.php 第 10 行.
NOTIC: [8] Use of undefined constant id - assumed 'id' D:\files\wamp\www\blog\Application\Runtime\Cache\Admin\5f62cf3ecb66a47dcb1a9b7512abfb3d.php 第 10 行.
NOTIC: [8] Use of undefined constant pid - assumed 'pid' D:\files\wamp\www\blog\Application\Runtime\Cache\Admin\5f62cf3ecb66a47dcb1a9b7512abfb3d.php 第 10 行.
NOTIC: [8] Use of undefined constant id - assumed 'id' D:\files\wamp\www\blog\Application\Runtime\Cache\Admin\5f62cf3ecb66a47dcb1a9b7512abfb3d.php 第 10 行.
NOTIC: [8] Use of undefined constant pid - assumed 'pid' D:\files\wamp\www\blog\Application\Runtime\Cache\Admin\5f62cf3ecb66a47dcb1a9b7512abfb3d.php 第 10 行.
NOTIC: [8] Use of undefined constant id - assumed 'id' D:\files\wamp\www\blog\Application\Runtime\Cache\Admin\5f62cf3ecb66a47dcb1a9b7512abfb3d.php 第 10 行.
NOTIC: [8] Use of undefined constant pid - assumed 'pid' D:\files\wamp\www\blog\Application\Runtime\Cache\Admin\5f62cf3ecb66a47dcb1a9b7512abfb3d.php 第 10 行.
NOTIC: [8] Use of undefined constant id - assumed 'id' D:\files\wamp\www\blog\Application\Runtime\Cache\Admin\5f62cf3ecb66a47dcb1a9b7512abfb3d.php 第 10 行.
NOTIC: [8] Use of undefined constant pid - assumed 'pid' D:\files\wamp\www\blog\Application\Runtime\Cache\Admin\5f62cf3ecb66a47dcb1a9b7512abfb3d.php 第 10 行.
NOTIC: [8] Use of undefined constant id - assumed 'id' D:\files\wamp\www\blog\Application\Runtime\Cache\Admin\5f62cf3ecb66a47dcb1a9b7512abfb3d.php 第 10 行.
NOTIC: [8] Use of undefined constant pid - assumed 'pid' D:\files\wamp\www\blog\Application\Runtime\Cache\Admin\5f62cf3ecb66a47dcb1a9b7512abfb3d.php 第 10 行.
NOTIC: [8] Use of undefined constant id - assumed 'id' D:\files\wamp\www\blog\Application\Runtime\Cache\Admin\5f62cf3ecb66a47dcb1a9b7512abfb3d.php 第 10 行.
NOTIC: [8] Use of undefined constant pid - assumed 'pid' D:\files\wamp\www\blog\Application\Runtime\Cache\Admin\5f62cf3ecb66a47dcb1a9b7512abfb3d.php 第 10 行.
NOTIC: [8] Use of undefined constant id - assumed 'id' D:\files\wamp\www\blog\Application\Runtime\Cache\Admin\5f62cf3ecb66a47dcb1a9b7512abfb3d.php 第 10 行.
NOTIC: [8] Use of undefined constant pid - assumed 'pid' D:\files\wamp\www\blog\Application\Runtime\Cache\Admin\5f62cf3ecb66a47dcb1a9b7512abfb3d.php 第 10 行.
NOTIC: [8] Use of undefined constant id - assumed 'id' D:\files\wamp\www\blog\Application\Runtime\Cache\Admin\5f62cf3ecb66a47dcb1a9b7512abfb3d.php 第 10 行.
NOTIC: [8] Use of undefined constant pid - assumed 'pid' D:\files\wamp\www\blog\Application\Runtime\Cache\Admin\5f62cf3ecb66a47dcb1a9b7512abfb3d.php 第 10 行.
NOTIC: [8] Use of undefined constant id - assumed 'id' D:\files\wamp\www\blog\Application\Runtime\Cache\Admin\5f62cf3ecb66a47dcb1a9b7512abfb3d.php 第 10 行.
NOTIC: [8] Use of undefined constant pid - assumed 'pid' D:\files\wamp\www\blog\Application\Runtime\Cache\Admin\5f62cf3ecb66a47dcb1a9b7512abfb3d.php 第 10 行.
NOTIC: [8] Use of undefined constant id - assumed 'id' D:\files\wamp\www\blog\Application\Runtime\Cache\Admin\5f62cf3ecb66a47dcb1a9b7512abfb3d.php 第 10 行.
NOTIC: [8] Use of undefined constant pid - assumed 'pid' D:\files\wamp\www\blog\Application\Runtime\Cache\Admin\5f62cf3ecb66a47dcb1a9b7512abfb3d.php 第 10 行.
NOTIC: [8] Use of undefined constant id - assumed 'id' D:\files\wamp\www\blog\Application\Runtime\Cache\Admin\5f62cf3ecb66a47dcb1a9b7512abfb3d.php 第 10 行.
NOTIC: [8] Use of undefined constant pid - assumed 'pid' D:\files\wamp\www\blog\Application\Runtime\Cache\Admin\5f62cf3ecb66a47dcb1a9b7512abfb3d.php 第 10 行.
NOTIC: [8] Use of undefined constant id - assumed 'id' D:\files\wamp\www\blog\Application\Runtime\Cache\Admin\5f62cf3ecb66a47dcb1a9b7512abfb3d.php 第 10 行.
INFO: Run Behavior\ParseTemplateBehavior [ RunTime:0.010001s ]
INFO: [ view_parse ] --END-- [ RunTime:-0.013000s ]
INFO: [ view_filter ] --START--
INFO: Run Behavior\WriteHtmlCacheBehavior [ RunTime:0.000000s ]
INFO: [ view_filter ] --END-- [ RunTime:-0.023001s ]
NOTIC: [2] Division by zero D:\files\wamp\www\blog\Application\Runtime\Cache\Admin\b595b808c2ebeeeb0478ffc30bb4e87a.php 第 146 行.
NOTIC: [8] Undefined variable: link D:\files\wamp\www\blog\Application\Runtime\Cache\Admin\b595b808c2ebeeeb0478ffc30bb4e87a.php 第 165 行.
INFO: Run Behavior\ParseTemplateBehavior [ RunTime:0.012001s ]
INFO: [ view_parse ] --END-- [ RunTime:-0.013000s ]
INFO: [ view_filter ] --START--
INFO: Run Behavior\WriteHtmlCacheBehavior [ RunTime:0.000000s ]
INFO: [ view_filter ] --END-- [ RunTime:-0.025001s ]
INFO: [ app_end ] --START--
INFO: Run Behavior\ShowPageTraceBehavior [ RunTime:0.001000s ]
INFO: [ app_end ] --END-- [ RunTime:0.001000s ]

[ 2015-08-17T09:04:06+08:00 ] 127.0.0.1 /blog/index.php/Admin/Index/Services/message.php
INFO: [ app_init ] --START--
INFO: Run Behavior\BuildLiteBehavior [ RunTime:0.000000s ]
INFO: [ app_init ] --END-- [ RunTime:0.000000s ]
INFO: [ app_begin ] --START--
INFO: Run Behavior\ReadHtmlCacheBehavior [ RunTime:0.001001s ]
INFO: [ app_begin ] --END-- [ RunTime:0.001001s ]
SQL: select aac from blog_manager a left join blog_role b on a.rid = b.id where a.id='11' [ RunTime:0.0000s ]
NOTIC: [2] strpos() expects parameter 1 to be string, array given D:\files\wamp\www\blog\Application\Admin\Controller\BaseController.class.php 第 23 行.
INFO: [ view_parse ] --START--
INFO: [ template_filter ] --START--
INFO: Run Behavior\ContentReplaceBehavior [ RunTime:0.000000s ]
INFO: [ template_filter ] --END-- [ RunTime:0.000000s ]
INFO: Run Behavior\ParseTemplateBehavior [ RunTime:0.011001s ]
INFO: [ view_parse ] --END-- [ RunTime:0.011001s ]
INFO: [ view_filter ] --START--
INFO: Run Behavior\WriteHtmlCacheBehavior [ RunTime:0.000000s ]
INFO: [ view_filter ] --END-- [ RunTime:0.000000s ]
INFO: [ app_end ] --START--
INFO: Run Behavior\ShowPageTraceBehavior [ RunTime:0.001000s ]
INFO: [ app_end ] --END-- [ RunTime:0.001000s ]

[ 2015-08-17T09:04:06+08:00 ] 127.0.0.1 /blog/index.php/Admin/Index/breadcrumb.html?controller=Index&action=index
INFO: [ app_init ] --START--
INFO: Run Behavior\BuildLiteBehavior [ RunTime:0.000000s ]
INFO: [ app_init ] --END-- [ RunTime:0.001000s ]
INFO: [ app_begin ] --START--
INFO: Run Behavior\ReadHtmlCacheBehavior [ RunTime:0.003000s ]
INFO: [ app_begin ] --END-- [ RunTime:0.003000s ]
SQL: select aac from blog_manager a left join blog_role b on a.rid = b.id where a.id='11' [ RunTime:0.0010s ]
NOTIC: [2] strpos() expects parameter 1 to be string, array given D:\files\wamp\www\blog\Application\Admin\Controller\BaseController.class.php 第 23 行.
SQL: SHOW COLUMNS FROM `blog_auth` [ RunTime:0.0050s ]
SQL: SELECT `name` FROM `blog_auth` WHERE `controller` = 'Index' AND `action` = 'index' LIMIT 1   [ RunTime:0.0010s ]
INFO: [ app_end ] --START--
INFO: Run Behavior\ShowPageTraceBehavior [ RunTime:0.001000s ]
INFO: [ app_end ] --END-- [ RunTime:0.001000s ]

