[ 2015-08-24T10:03:09+08:00 ] 127.0.0.1 /blog/
INFO: [ app_init ] --START--
INFO: Run Behavior\BuildLiteBehavior [ RunTime:0.000000s ]
INFO: [ app_init ] --END-- [ RunTime:0.050000s ]
INFO: [ app_begin ] --START--
INFO: Run Behavior\ReadHtmlCacheBehavior [ RunTime:0.052501s ]
INFO: [ app_begin ] --END-- [ RunTime:0.052501s ]

[ 2015-08-24T10:03:10+08:00 ] 127.0.0.1 /blog/index.php/Home/Register/register.html
INFO: [ app_init ] --START--
INFO: Run Behavior\BuildLiteBehavior [ RunTime:0.002500s ]
INFO: [ app_init ] --END-- [ RunTime:0.002500s ]
INFO: [ app_begin ] --START--
INFO: Run Behavior\ReadHtmlCacheBehavior [ RunTime:0.000000s ]
INFO: [ app_begin ] --END-- [ RunTime:0.002500s ]
INFO: [ view_parse ] --START--
INFO: [ template_filter ] --START--
INFO: Run Behavior\ContentReplaceBehavior [ RunTime:0.000000s ]
INFO: [ template_filter ] --END-- [ RunTime:0.002500s ]
INFO: Run Behavior\ParseTemplateBehavior [ RunTime:0.175003s ]
INFO: [ view_parse ] --END-- [ RunTime:0.175003s ]
INFO: [ view_filter ] --START--
INFO: Run Behavior\WriteHtmlCacheBehavior [ RunTime:0.040001s ]
INFO: [ view_filter ] --END-- [ RunTime:0.040001s ]
INFO: [ app_end ] --START--
INFO: Run Behavior\ShowPageTraceBehavior [ RunTime:0.015000s ]
INFO: [ app_end ] --END-- [ RunTime:0.017500s ]

[ 2015-08-24T10:03:11+08:00 ] 127.0.0.1 /blog/index.php/Home/Register/verifyImg
INFO: [ app_init ] --START--
INFO: Run Behavior\BuildLiteBehavior [ RunTime:0.000000s ]
INFO: [ app_init ] --END-- [ RunTime:0.005001s ]
INFO: [ app_begin ] --START--
INFO: Run Behavior\ReadHtmlCacheBehavior [ RunTime:0.002500s ]
INFO: [ app_begin ] --END-- [ RunTime:0.002500s ]
INFO: [ app_end ] --START--
INFO: Run Behavior\ShowPageTraceBehavior [ RunTime:0.002500s ]
INFO: [ app_end ] --END-- [ RunTime:0.002500s ]

[ 2015-08-24T10:03:29+08:00 ] 127.0.0.1 /blog/index.php/Home/Login/dologin.html
INFO: [ app_init ] --START--
INFO: Run Behavior\BuildLiteBehavior [ RunTime:0.000000s ]
INFO: [ app_init ] --END-- [ RunTime:0.002500s ]
INFO: [ app_begin ] --START--
INFO: Run Behavior\ReadHtmlCacheBehavior [ RunTime:0.000000s ]
INFO: [ app_begin ] --END-- [ RunTime:0.000000s ]
SQL: SHOW COLUMNS FROM `blog_user` [ RunTime:0.0950s ]
SQL: SELECT * FROM `blog_user` WHERE `email` = 'apeng1@qq.com' LIMIT 1   [ RunTime:0.0200s ]
SQL: SHOW COLUMNS FROM `blog_user` [ RunTime:0.0050s ]
SQL: SELECT * FROM `blog_user` WHERE `id` = 52 LIMIT 1   [ RunTime:0.0025s ]
SQL: UPDATE `blog_user` SET `experience`='125' WHERE `id` = 52 [ RunTime:0.0500s ]

[ 2015-08-24T10:03:30+08:00 ] 127.0.0.1 /blog/index.php/Home/Index/index.html
INFO: [ app_init ] --START--
INFO: Run Behavior\BuildLiteBehavior [ RunTime:0.000000s ]
INFO: [ app_init ] --END-- [ RunTime:0.002500s ]
INFO: [ app_begin ] --START--
INFO: Run Behavior\ReadHtmlCacheBehavior [ RunTime:0.072501s ]
INFO: [ app_begin ] --END-- [ RunTime:0.072501s ]
SQL: SHOW COLUMNS FROM `blog_head_img` [ RunTime:0.0425s ]
SQL: SELECT * FROM `blog_head_img` WHERE `uid` = 52 LIMIT 1   [ RunTime:0.0025s ]
SQL: SHOW COLUMNS FROM `blog_visitor` [ RunTime:0.0450s ]
SQL: SELECT * FROM `blog_visitor` WHERE `uid` = 52 GROUP BY visitor ORDER BY addtime desc LIMIT 9   [ RunTime:0.0025s ]
SQL: SHOW COLUMNS FROM `blog_user` [ RunTime:0.0075s ]
SQL: SELECT * FROM `blog_user` WHERE `id` = 52 LIMIT 1   [ RunTime:0.0000s ]
SQL: SHOW COLUMNS FROM `blog_news` [ RunTime:0.0575s ]
SQL: SELECT * FROM `blog_news` ORDER BY addtime desc LIMIT 6   [ RunTime:0.0000s ]
INFO: [ view_parse ] --START--
INFO: [ template_filter ] --START--
INFO: Run Behavior\ContentReplaceBehavior [ RunTime:0.000000s ]
INFO: [ template_filter ] --END-- [ RunTime:0.000000s ]
INFO: Run Behavior\ParseTemplateBehavior [ RunTime:0.210003s ]
INFO: [ view_parse ] --END-- [ RunTime:0.210003s ]
INFO: [ view_filter ] --START--
INFO: Run Behavior\WriteHtmlCacheBehavior [ RunTime:0.002500s ]
INFO: [ view_filter ] --END-- [ RunTime:0.002500s ]
INFO: [ app_end ] --START--
INFO: Run Behavior\ShowPageTraceBehavior [ RunTime:0.000000s ]
INFO: [ app_end ] --END-- [ RunTime:0.000000s ]

[ 2015-08-24T10:03:30+08:00 ] 127.0.0.1 /blog/index.php/Home/Mydong/friend.html
INFO: [ app_init ] --START--
INFO: Run Behavior\BuildLiteBehavior [ RunTime:0.002501s ]
INFO: [ app_init ] --END-- [ RunTime:0.002501s ]
INFO: [ app_begin ] --START--
INFO: Run Behavior\ReadHtmlCacheBehavior [ RunTime:0.000000s ]
INFO: [ app_begin ] --END-- [ RunTime:0.000000s ]
NOTIC: [8] Undefined index: uid D:\files\wamp\www\blog\Application\Home\Controller\MydongController.class.php 第 71 行.
SQL: SHOW COLUMNS FROM `blog_friend` [ RunTime:0.1200s ]
SQL: SELECT `fidlist` FROM `blog_friend` WHERE `uid` = 52  [ RunTime:0.0000s ]
SQL: SHOW COLUMNS FROM `blog_record` [ RunTime:0.1500s ]
ERR: SQLSTATE[42000]: Syntax error or access violation: 1064 You have an error in your SQL syntax; check the manual that corresponds to your MySQL server version for the right syntax to use near ') ) ORDER BY addtime desc LIMIT 10' at line 1

[ 2015-08-24T10:03:47+08:00 ] 127.0.0.1 /blog/index.php/Home/Resource/index.html
INFO: [ app_init ] --START--
INFO: Run Behavior\BuildLiteBehavior [ RunTime:0.000000s ]
INFO: [ app_init ] --END-- [ RunTime:0.000000s ]
INFO: [ app_begin ] --START--
INFO: Run Behavior\ReadHtmlCacheBehavior [ RunTime:0.080001s ]
INFO: [ app_begin ] --END-- [ RunTime:0.080001s ]
SQL: SHOW COLUMNS FROM `blog_resource` [ RunTime:0.0400s ]
SQL: select r.id,r.type,r.header,r.main,r.score,r.download,r.addtime,u.username from blog_resource r left join blog_user u on r.uid=u.id order by r.download desc limit 5 [ RunTime:0.0200s ]
INFO: [ view_parse ] --START--
INFO: [ template_filter ] --START--
INFO: Run Behavior\ContentReplaceBehavior [ RunTime:0.000000s ]
INFO: [ template_filter ] --END-- [ RunTime:0.000000s ]
NOTIC: [8] Undefined variable: title D:\files\wamp\www\blog\Application\Runtime\Cache\Home\1f500f88dc3c7a30fce9587ab1010eea.php 第 7 行.
INFO: Run Behavior\ParseTemplateBehavior [ RunTime:0.045001s ]
INFO: [ view_parse ] --END-- [ RunTime:0.045001s ]
INFO: [ view_filter ] --START--
INFO: Run Behavior\WriteHtmlCacheBehavior [ RunTime:0.000000s ]
INFO: [ view_filter ] --END-- [ RunTime:0.000000s ]
INFO: [ app_end ] --START--
INFO: Run Behavior\ShowPageTraceBehavior [ RunTime:0.002500s ]
INFO: [ app_end ] --END-- [ RunTime:0.002500s ]

[ 2015-08-24T10:03:50+08:00 ] 127.0.0.1 /blog/index.php/Home/Friend/searchfriend.html
INFO: [ app_init ] --START--
INFO: Run Behavior\BuildLiteBehavior [ RunTime:0.000000s ]
INFO: [ app_init ] --END-- [ RunTime:0.000000s ]
INFO: [ app_begin ] --START--
INFO: Run Behavior\ReadHtmlCacheBehavior [ RunTime:0.000000s ]
INFO: [ app_begin ] --END-- [ RunTime:0.000000s ]
SQL: SHOW COLUMNS FROM `blog_user` [ RunTime:0.0025s ]
SQL: SELECT * FROM `blog_user` WHERE `id` <> '52'  [ RunTime:0.0550s ]
SQL: SHOW COLUMNS FROM `blog_head_img` [ RunTime:0.0100s ]
SQL: SELECT * FROM `blog_head_img` WHERE `uid` = 53 LIMIT 1   [ RunTime:0.0025s ]
SQL: SHOW COLUMNS FROM `blog_notice` [ RunTime:0.1350s ]
SQL: SELECT * FROM `blog_notice` WHERE `flag` = 3 AND `uid` = 52  [ RunTime:0.0000s ]
SQL: SHOW COLUMNS FROM `blog_friend` [ RunTime:0.0075s ]
SQL: SELECT `fidlist` FROM `blog_friend` WHERE `uid` = 52 LIMIT 1   [ RunTime:0.0025s ]
INFO: [ view_parse ] --START--
INFO: [ template_filter ] --START--
INFO: Run Behavior\ContentReplaceBehavior [ RunTime:0.002500s ]
INFO: [ template_filter ] --END-- [ RunTime:0.002500s ]
INFO: Run Behavior\ParseTemplateBehavior [ RunTime:0.097501s ]
INFO: [ view_parse ] --END-- [ RunTime:0.097501s ]
INFO: [ view_filter ] --START--
INFO: Run Behavior\WriteHtmlCacheBehavior [ RunTime:0.002500s ]
INFO: [ view_filter ] --END-- [ RunTime:0.002500s ]
INFO: [ app_end ] --START--
INFO: Run Behavior\ShowPageTraceBehavior [ RunTime:0.000000s ]
INFO: [ app_end ] --END-- [ RunTime:0.000000s ]

[ 2015-08-24T10:03:52+08:00 ] 127.0.0.1 /blog/index.php/Home/User/myhome.html
INFO: [ app_init ] --START--
INFO: Run Behavior\BuildLiteBehavior [ RunTime:0.000000s ]
INFO: [ app_init ] --END-- [ RunTime:0.002500s ]
INFO: [ app_begin ] --START--
INFO: Run Behavior\ReadHtmlCacheBehavior [ RunTime:0.000000s ]
INFO: [ app_begin ] --END-- [ RunTime:0.000000s ]
SQL: SHOW COLUMNS FROM `blog_user` [ RunTime:0.0025s ]
SQL: SELECT * FROM `blog_user` WHERE `id` = 52 LIMIT 1   [ RunTime:0.0000s ]
SQL: SHOW COLUMNS FROM `blog_head_img` [ RunTime:0.0050s ]
SQL: SELECT * FROM `blog_head_img` WHERE `uid` = 52 LIMIT 1   [ RunTime:0.0000s ]
SQL: SHOW COLUMNS FROM `blog_message` [ RunTime:0.0450s ]
SQL: SELECT * FROM `blog_message` WHERE `uid` = 52 AND `pid` = 0 ORDER BY addtime desc LIMIT 4   [ RunTime:0.0000s ]
INFO: [ view_parse ] --START--
INFO: [ template_filter ] --START--
INFO: Run Behavior\ContentReplaceBehavior [ RunTime:0.002501s ]
INFO: [ template_filter ] --END-- [ RunTime:0.002501s ]
INFO: Run Behavior\ParseTemplateBehavior [ RunTime:0.067501s ]
INFO: [ view_parse ] --END-- [ RunTime:0.067501s ]
INFO: [ view_filter ] --START--
INFO: Run Behavior\WriteHtmlCacheBehavior [ RunTime:0.002500s ]
INFO: [ view_filter ] --END-- [ RunTime:0.002500s ]
INFO: [ app_end ] --START--
INFO: Run Behavior\ShowPageTraceBehavior [ RunTime:0.000000s ]
INFO: [ app_end ] --END-- [ RunTime:0.000000s ]

[ 2015-08-24T10:03:53+08:00 ] 127.0.0.1 /blog/index.php/Home/Mydong/index.html
INFO: [ app_init ] --START--
INFO: Run Behavior\BuildLiteBehavior [ RunTime:0.000000s ]
INFO: [ app_init ] --END-- [ RunTime:0.000000s ]
INFO: [ app_begin ] --START--
INFO: Run Behavior\ReadHtmlCacheBehavior [ RunTime:0.067501s ]
INFO: [ app_begin ] --END-- [ RunTime:0.067501s ]
SQL: SHOW COLUMNS FROM `blog_record` [ RunTime:0.0050s ]
SQL: SELECT * FROM `blog_record` WHERE `uid` = 52 ORDER BY addtime desc LIMIT 10   [ RunTime:0.0000s ]
SQL: SHOW COLUMNS FROM `blog_user` [ RunTime:0.0000s ]
SQL: SELECT * FROM `blog_user` WHERE `id` = 52 LIMIT 1   [ RunTime:0.0000s ]
SQL: SHOW COLUMNS FROM `blog_head_img` [ RunTime:0.0000s ]
SQL: SELECT * FROM `blog_head_img` WHERE `uid` = 52 LIMIT 1   [ RunTime:0.0000s ]
SQL: SHOW COLUMNS FROM `blog_mood` [ RunTime:0.1030s ]
SQL: SELECT * FROM `blog_mood` WHERE `uid` = 52 ORDER BY addtime desc LIMIT 1   [ RunTime:0.0000s ]
NOTIC: [8] Undefined variable: info D:\files\wamp\www\blog\Application\Home\Controller\MydongController.class.php 第 56 行.
NOTIC: [2] array_merge(): Argument #2 is not an array D:\files\wamp\www\blog\Application\Home\Controller\MydongController.class.php 第 123 行.
INFO: [ view_parse ] --START--
INFO: [ template_filter ] --START--
INFO: Run Behavior\ContentReplaceBehavior [ RunTime:0.000000s ]
INFO: [ template_filter ] --END-- [ RunTime:0.000000s ]
NOTIC: [8] Undefined index: username D:\files\wamp\www\blog\Application\Runtime\Cache\Home\6fcc33eadbb72cc334effaf83fb52dae.php 第 12 行.
NOTIC: [8] Use of undefined constant title - assumed 'title' D:\files\wamp\www\blog\Application\Runtime\Cache\Home\6fcc33eadbb72cc334effaf83fb52dae.php 第 12 行.
NOTIC: [8] Undefined index: title D:\files\wamp\www\blog\Application\Runtime\Cache\Home\6fcc33eadbb72cc334effaf83fb52dae.php 第 12 行.
NOTIC: [8] Undefined index: review D:\files\wamp\www\blog\Application\Runtime\Cache\Home\6fcc33eadbb72cc334effaf83fb52dae.php 第 18 行.
INFO: Run Behavior\ParseTemplateBehavior [ RunTime:0.056800s ]
INFO: [ view_parse ] --END-- [ RunTime:0.056800s ]
INFO: [ view_filter ] --START--
INFO: Run Behavior\WriteHtmlCacheBehavior [ RunTime:0.000000s ]
INFO: [ view_filter ] --END-- [ RunTime:0.000000s ]
INFO: [ app_end ] --START--
INFO: Run Behavior\ShowPageTraceBehavior [ RunTime:0.000000s ]
INFO: [ app_end ] --END-- [ RunTime:0.000000s ]

[ 2015-08-24T10:03:56+08:00 ] 127.0.0.1 /blog/index.php/Home/Mood/index.html
INFO: [ app_init ] --START--
INFO: Run Behavior\BuildLiteBehavior [ RunTime:0.000000s ]
INFO: [ app_init ] --END-- [ RunTime:0.000000s ]
INFO: [ app_begin ] --START--
INFO: Run Behavior\ReadHtmlCacheBehavior [ RunTime:0.042501s ]
INFO: [ app_begin ] --END-- [ RunTime:0.042501s ]
SQL: SHOW COLUMNS FROM `blog_mood` [ RunTime:0.0050s ]
SQL: SELECT * FROM `blog_mood` WHERE `uid` = 52 ORDER BY addtime desc  [ RunTime:0.0000s ]
SQL: SHOW COLUMNS FROM `blog_user` [ RunTime:0.0075s ]
SQL: SELECT * FROM `blog_user` WHERE `id` = 52 LIMIT 1   [ RunTime:0.0000s ]
SQL: SHOW COLUMNS FROM `blog_head_img` [ RunTime:0.0075s ]
SQL: SELECT * FROM `blog_head_img` WHERE `uid` = 52 LIMIT 1   [ RunTime:0.0000s ]
SQL: SHOW COLUMNS FROM `blog_review` [ RunTime:0.0500s ]
SQL: SELECT * FROM `blog_review` WHERE `cateid` = 0 AND `pid` = 1 AND `path` = '0'  [ RunTime:0.0025s ]
INFO: [ view_parse ] --START--
INFO: [ template_filter ] --START--
INFO: Run Behavior\ContentReplaceBehavior [ RunTime:0.000000s ]
INFO: [ template_filter ] --END-- [ RunTime:0.000000s ]
NOTIC: [8] Undefined variable: title D:\files\wamp\www\blog\Application\Runtime\Cache\Home\8a1f092113666de7340ec3842232c21f.php 第 7 行.
INFO: Run Behavior\ParseTemplateBehavior [ RunTime:0.097501s ]
INFO: [ view_parse ] --END-- [ RunTime:0.097501s ]
INFO: [ view_filter ] --START--
INFO: Run Behavior\WriteHtmlCacheBehavior [ RunTime:0.002500s ]
INFO: [ view_filter ] --END-- [ RunTime:0.002500s ]
INFO: [ app_end ] --START--
INFO: Run Behavior\ShowPageTraceBehavior [ RunTime:0.000000s ]
INFO: [ app_end ] --END-- [ RunTime:0.000000s ]

[ 2015-08-24T10:04:02+08:00 ] 127.0.0.1 /blog/index.php/Home/Log/index.html
INFO: [ app_init ] --START--
INFO: Run Behavior\BuildLiteBehavior [ RunTime:0.000000s ]
INFO: [ app_init ] --END-- [ RunTime:0.002500s ]
INFO: [ app_begin ] --START--
INFO: Run Behavior\ReadHtmlCacheBehavior [ RunTime:0.052501s ]
INFO: [ app_begin ] --END-- [ RunTime:0.052501s ]
NOTIC: [2048] Declaration of Home\Controller\LogController::theme() should be compatible with Think\Controller::theme($theme) D:\files\wamp\www\blog\Application\Home\Controller\LogController.class.php 第 9 行.
SQL: SHOW COLUMNS FROM `blog_log_cate` [ RunTime:0.0775s ]
SQL: SELECT * FROM `blog_log_cate` WHERE `uid` = 52  [ RunTime:0.0000s ]
SQL: SHOW COLUMNS FROM `blog_log` [ RunTime:0.0625s ]
SQL: SELECT * FROM `blog_log` WHERE ( cid in (38) and flag=0 )  [ RunTime:0.0000s ]
INFO: [ view_parse ] --START--
INFO: [ template_filter ] --START--
INFO: Run Behavior\ContentReplaceBehavior [ RunTime:0.000000s ]
INFO: [ template_filter ] --END-- [ RunTime:0.000000s ]
INFO: Run Behavior\ParseTemplateBehavior [ RunTime:0.087502s ]
INFO: [ view_parse ] --END-- [ RunTime:0.087502s ]
INFO: [ view_filter ] --START--
INFO: Run Behavior\WriteHtmlCacheBehavior [ RunTime:0.002500s ]
INFO: [ view_filter ] --END-- [ RunTime:0.002500s ]
INFO: [ app_end ] --START--
INFO: Run Behavior\ShowPageTraceBehavior [ RunTime:0.000000s ]
INFO: [ app_end ] --END-- [ RunTime:0.000000s ]

[ 2015-08-24T10:04:06+08:00 ] 127.0.0.1 /blog/index.php/Home/Index/index.html
INFO: [ app_init ] --START--
INFO: Run Behavior\BuildLiteBehavior [ RunTime:0.000000s ]
INFO: [ app_init ] --END-- [ RunTime:0.002500s ]
INFO: [ app_begin ] --START--

[ 2015-08-24T10:04:06+08:00 ] 127.0.0.1 /blog/index.php/Home/Mydong/friend.html
INFO: [ app_init ] --START--
INFO: Run Behavior\BuildLiteBehavior [ RunTime:0.000000s ]
INFO: [ app_init ] --END-- [ RunTime:0.000000s ]
INFO: [ app_begin ] --START--
INFO: Run Behavior\ReadHtmlCacheBehavior [ RunTime:0.000000s ]
INFO: [ app_begin ] --END-- [ RunTime:0.000000s ]
SQL: SHOW COLUMNS FROM `blog_friend` [ RunTime:0.0025s ]
SQL: SELECT `fidlist` FROM `blog_friend` WHERE `uid` = 52  [ RunTime:0.0000s ]
SQL: SHOW COLUMNS FROM `blog_record` [ RunTime:0.0025s ]
ERR: SQLSTATE[42000]: Syntax error or access violation: 1064 You have an error in your SQL syntax; check the manual that corresponds to your MySQL server version for the right syntax to use near ') ) ORDER BY addtime desc LIMIT 10' at line 1

[ 2015-08-24T10:04:14+08:00 ] 127.0.0.1 /blog/index.php/Home/Friend/searchfriend.html
INFO: [ app_init ] --START--
INFO: Run Behavior\BuildLiteBehavior [ RunTime:0.000000s ]
INFO: [ app_init ] --END-- [ RunTime:0.000000s ]
INFO: [ app_begin ] --START--
INFO: Run Behavior\ReadHtmlCacheBehavior [ RunTime:0.002501s ]
INFO: [ app_begin ] --END-- [ RunTime:0.002501s ]
SQL: SHOW COLUMNS FROM `blog_user` [ RunTime:0.0025s ]
SQL: SELECT * FROM `blog_user` WHERE `id` <> '52'  [ RunTime:0.0000s ]
SQL: SHOW COLUMNS FROM `blog_head_img` [ RunTime:0.0025s ]
SQL: SELECT * FROM `blog_head_img` WHERE `uid` = 53 LIMIT 1   [ RunTime:0.0000s ]
SQL: SHOW COLUMNS FROM `blog_notice` [ RunTime:0.0025s ]
SQL: SELECT * FROM `blog_notice` WHERE `flag` = 3 AND `uid` = 52  [ RunTime:0.0000s ]
SQL: SHOW COLUMNS FROM `blog_friend` [ RunTime:0.0025s ]
SQL: SELECT `fidlist` FROM `blog_friend` WHERE `uid` = 52 LIMIT 1   [ RunTime:0.0000s ]
INFO: [ view_parse ] --START--
INFO: [ template_filter ] --START--
INFO: Run Behavior\ContentReplaceBehavior [ RunTime:0.002500s ]
INFO: [ template_filter ] --END-- [ RunTime:0.002500s ]
INFO: Run Behavior\ParseTemplateBehavior [ RunTime:0.045001s ]
INFO: [ view_parse ] --END-- [ RunTime:0.045001s ]
INFO: [ view_filter ] --START--
INFO: Run Behavior\WriteHtmlCacheBehavior [ RunTime:0.000000s ]
INFO: [ view_filter ] --END-- [ RunTime:0.000000s ]
INFO: [ app_end ] --START--
INFO: Run Behavior\ShowPageTraceBehavior [ RunTime:0.002500s ]
INFO: [ app_end ] --END-- [ RunTime:0.002500s ]

[ 2015-08-24T10:04:24+08:00 ] 127.0.0.1 /blog/index.php/Home/Index/index.html
INFO: [ app_init ] --START--
INFO: Run Behavior\BuildLiteBehavior [ RunTime:0.000000s ]
INFO: [ app_init ] --END-- [ RunTime:0.000000s ]
INFO: [ app_begin ] --START--

[ 2015-08-24T10:04:24+08:00 ] 127.0.0.1 /blog/index.php/Home/Mydong/friend.html
INFO: [ app_init ] --START--
INFO: Run Behavior\BuildLiteBehavior [ RunTime:0.000000s ]
INFO: [ app_init ] --END-- [ RunTime:0.002500s ]
INFO: [ app_begin ] --START--
INFO: Run Behavior\ReadHtmlCacheBehavior [ RunTime:0.002500s ]
INFO: [ app_begin ] --END-- [ RunTime:0.002500s ]
SQL: SHOW COLUMNS FROM `blog_friend` [ RunTime:0.0025s ]
SQL: SELECT `fidlist` FROM `blog_friend` WHERE `uid` = 52  [ RunTime:0.0000s ]
SQL: SHOW COLUMNS FROM `blog_record` [ RunTime:0.0050s ]
ERR: SQLSTATE[42000]: Syntax error or access violation: 1064 You have an error in your SQL syntax; check the manual that corresponds to your MySQL server version for the right syntax to use near ') ) ORDER BY addtime desc LIMIT 10' at line 1

[ 2015-08-24T14:14:57+08:00 ] 127.0.0.1 /blog/index.php/Home/Mydong/friend.html
INFO: [ app_init ] --START--
INFO: Run Behavior\BuildLiteBehavior [ RunTime:0.000000s ]
INFO: [ app_init ] --END-- [ RunTime:0.001000s ]
INFO: [ app_begin ] --START--
INFO: Run Behavior\ReadHtmlCacheBehavior [ RunTime:0.001000s ]
INFO: [ app_begin ] --END-- [ RunTime:0.001000s ]
SQL: SHOW COLUMNS FROM `blog_friend` [ RunTime:0.0050s ]
SQL: SELECT `fidlist` FROM `blog_friend` WHERE `uid` = 52  [ RunTime:0.0000s ]
SQL: SHOW COLUMNS FROM `blog_record` [ RunTime:0.0040s ]
ERR: SQLSTATE[42000]: Syntax error or access violation: 1064 You have an error in your SQL syntax; check the manual that corresponds to your MySQL server version for the right syntax to use near ') ) ORDER BY addtime desc LIMIT 10' at line 1

