[ 2016-04-07T11:25:09+08:00 ] 127.0.0.1 /index.php/Home/Index/index.html
INFO: [ app_init ] --START--
INFO: Run Behavior\BuildLiteBehavior [ RunTime:0.000000s ]
INFO: [ app_init ] --END-- [ RunTime:0.002000s ]
INFO: [ app_begin ] --START--
INFO: Run Behavior\ReadHtmlCacheBehavior [ RunTime:0.002000s ]
INFO: [ app_begin ] --END-- [ RunTime:0.002000s ]

[ 2016-04-07T11:25:10+08:00 ] 127.0.0.1 /index.php/Home/Register/register.html
INFO: [ app_init ] --START--
INFO: Run Behavior\BuildLiteBehavior [ RunTime:0.000000s ]
INFO: [ app_init ] --END-- [ RunTime:0.002000s ]
INFO: [ app_begin ] --START--
INFO: Run Behavior\ReadHtmlCacheBehavior [ RunTime:0.000000s ]
INFO: [ app_begin ] --END-- [ RunTime:0.001000s ]
INFO: [ view_parse ] --START--
INFO: [ template_filter ] --START--
INFO: Run Behavior\ContentReplaceBehavior [ RunTime:0.000000s ]
INFO: [ template_filter ] --END-- [ RunTime:0.000000s ]
INFO: Run Behavior\ParseTemplateBehavior [ RunTime:0.230014s ]
INFO: [ view_parse ] --END-- [ RunTime:0.232014s ]
INFO: [ view_filter ] --START--
INFO: Run Behavior\WriteHtmlCacheBehavior [ RunTime:0.002000s ]
INFO: [ view_filter ] --END-- [ RunTime:0.002000s ]
INFO: [ app_end ] --START--
INFO: Run Behavior\ShowPageTraceBehavior [ RunTime:0.002000s ]
INFO: [ app_end ] --END-- [ RunTime:0.003000s ]

[ 2016-04-07T11:25:10+08:00 ] 127.0.0.1 /index.php/Home/Register/verifyImg
INFO: [ app_init ] --START--
INFO: Run Behavior\BuildLiteBehavior [ RunTime:0.000000s ]
INFO: [ app_init ] --END-- [ RunTime:0.001000s ]
INFO: [ app_begin ] --START--
INFO: Run Behavior\ReadHtmlCacheBehavior [ RunTime:0.000000s ]
INFO: [ app_begin ] --END-- [ RunTime:0.001000s ]
INFO: [ app_end ] --START--
INFO: Run Behavior\ShowPageTraceBehavior [ RunTime:0.002000s ]
INFO: [ app_end ] --END-- [ RunTime:0.002000s ]

[ 2016-04-07T11:25:26+08:00 ] 127.0.0.1 /index.php/Home/Login/dologin.html
INFO: [ app_init ] --START--
INFO: Run Behavior\BuildLiteBehavior [ RunTime:0.001001s ]
INFO: [ app_init ] --END-- [ RunTime:0.001001s ]
INFO: [ app_begin ] --START--
INFO: Run Behavior\ReadHtmlCacheBehavior [ RunTime:0.000000s ]
INFO: [ app_begin ] --END-- [ RunTime:0.000000s ]
SQL: SELECT * FROM `blog_user` WHERE `email` = 'apeng1@qq.com' LIMIT 1   [ RunTime:0.1130s ]
SQL: SELECT * FROM `blog_user` WHERE `id` = 52 LIMIT 1   [ RunTime:0.0020s ]
SQL: UPDATE `blog_user` SET `experience`='190' WHERE `id` = 52 [ RunTime:0.0740s ]

[ 2016-04-07T11:25:26+08:00 ] 127.0.0.1 /index.php/Home/Index/index.html
INFO: [ app_init ] --START--
INFO: Run Behavior\BuildLiteBehavior [ RunTime:0.000000s ]
INFO: [ app_init ] --END-- [ RunTime:0.002000s ]
INFO: [ app_begin ] --START--
INFO: Run Behavior\ReadHtmlCacheBehavior [ RunTime:0.002000s ]
INFO: [ app_begin ] --END-- [ RunTime:0.002000s ]
SQL: SELECT * FROM `blog_head_img` WHERE `uid` = 52 LIMIT 1   [ RunTime:0.0420s ]
SQL: SELECT * FROM `blog_visitor` WHERE `uid` = 52 GROUP BY visitor ORDER BY addtime desc LIMIT 9   [ RunTime:0.0200s ]
SQL: SELECT * FROM `blog_head_img` WHERE `uid` = 61 LIMIT 1   [ RunTime:0.0000s ]
SQL: SELECT * FROM `blog_user` WHERE `id` = 61 LIMIT 1   [ RunTime:0.0010s ]
SQL: SELECT * FROM `blog_head_img` WHERE `uid` = 53 LIMIT 1   [ RunTime:0.0000s ]
SQL: SELECT * FROM `blog_user` WHERE `id` = 53 LIMIT 1   [ RunTime:0.0000s ]
SQL: SELECT * FROM `blog_user` WHERE `id` = 52 LIMIT 1   [ RunTime:0.0010s ]
SQL: SELECT * FROM `blog_news` ORDER BY addtime desc LIMIT 6   [ RunTime:0.0220s ]
INFO: [ view_parse ] --START--
INFO: [ template_filter ] --START--
INFO: Run Behavior\ContentReplaceBehavior [ RunTime:0.001000s ]
INFO: [ template_filter ] --END-- [ RunTime:0.001000s ]
INFO: Run Behavior\ParseTemplateBehavior [ RunTime:0.071004s ]
INFO: [ view_parse ] --END-- [ RunTime:0.071004s ]
INFO: [ view_filter ] --START--
INFO: Run Behavior\WriteHtmlCacheBehavior [ RunTime:0.000000s ]
INFO: [ view_filter ] --END-- [ RunTime:0.000000s ]
INFO: [ app_end ] --START--
INFO: Run Behavior\ShowPageTraceBehavior [ RunTime:0.000000s ]
INFO: [ app_end ] --END-- [ RunTime:0.001000s ]

[ 2016-04-07T11:25:27+08:00 ] 127.0.0.1 /index.php/Home/Mydong/friend.html
INFO: [ app_init ] --START--
INFO: Run Behavior\BuildLiteBehavior [ RunTime:0.000000s ]
INFO: [ app_init ] --END-- [ RunTime:0.001000s ]
INFO: [ app_begin ] --START--
INFO: Run Behavior\ReadHtmlCacheBehavior [ RunTime:0.002000s ]
INFO: [ app_begin ] --END-- [ RunTime:0.002000s ]
NOTIC: [8] Undefined index: uid F:\learn\php\blog\Application\Home\Controller\MydongController.class.php 第 71 行.
SQL: SELECT `fidlist` FROM `blog_friend` WHERE `uid` = 52  [ RunTime:0.1880s ]
SQL: SELECT * FROM `blog_record` WHERE ( uid in (56,53,61,61) ) ORDER BY addtime desc LIMIT 10   [ RunTime:0.0360s ]
SQL: SELECT * FROM `blog_user` WHERE `id` = 61 LIMIT 1   [ RunTime:0.0010s ]
SQL: SELECT * FROM `blog_head_img` WHERE `uid` = 61 LIMIT 1   [ RunTime:0.0000s ]
SQL: SELECT * FROM `blog_user` WHERE `id` = 61 LIMIT 1   [ RunTime:0.0000s ]
SQL: SELECT * FROM `blog_head_img` WHERE `uid` = 61 LIMIT 1   [ RunTime:0.0000s ]
SQL: SELECT * FROM `blog_user` WHERE `id` = 53 LIMIT 1   [ RunTime:0.0000s ]
SQL: SELECT * FROM `blog_head_img` WHERE `uid` = 53 LIMIT 1   [ RunTime:0.0000s ]
SQL: SELECT * FROM `blog_user` WHERE `id` = 53 LIMIT 1   [ RunTime:0.0000s ]
SQL: SELECT * FROM `blog_head_img` WHERE `uid` = 53 LIMIT 1   [ RunTime:0.0000s ]
SQL: SELECT * FROM `blog_user` WHERE `id` = 53 LIMIT 1   [ RunTime:0.0010s ]
SQL: SELECT * FROM `blog_head_img` WHERE `uid` = 53 LIMIT 1   [ RunTime:0.0010s ]
SQL: SELECT * FROM `blog_user` WHERE `id` = 53 LIMIT 1   [ RunTime:0.0000s ]
SQL: SELECT * FROM `blog_head_img` WHERE `uid` = 53 LIMIT 1   [ RunTime:0.0000s ]
SQL: SELECT * FROM `blog_mood` WHERE ( uid in (56,53,61,61) ) ORDER BY addtime desc LIMIT 3   [ RunTime:0.0180s ]
SQL: SELECT * FROM `blog_log_cate` WHERE ( uid in (56,53,61,61) )  [ RunTime:0.0380s ]
NOTIC: [2048] Declaration of Home\Controller\LogController::theme() should be compatible with Think\Controller::theme($theme) F:\learn\php\blog\Application\Home\Controller\LogController.class.php 第 322 行.
SQL: SELECT * FROM `blog_log` WHERE ( cid in (39,42,47,49) ) ORDER BY addtime desc LIMIT 3   [ RunTime:0.0340s ]
INFO: [ view_parse ] --START--
INFO: [ template_filter ] --START--
INFO: Run Behavior\ContentReplaceBehavior [ RunTime:0.000000s ]
INFO: [ template_filter ] --END-- [ RunTime:0.000000s ]
NOTIC: [8] Use of undefined constant title - assumed 'title' F:\learn\php\blog\Application\Runtime\Cache\Home\096c0501a97510b87ff0ba23b4c95a80.php 第 11 行.
NOTIC: [8] Undefined index: review F:\learn\php\blog\Application\Runtime\Cache\Home\096c0501a97510b87ff0ba23b4c95a80.php 第 17 行.
NOTIC: [8] Undefined index: uid F:\learn\php\blog\Application\Runtime\Cache\Home\096c0501a97510b87ff0ba23b4c95a80.php 第 65 行.
NOTIC: [8] Use of undefined constant title - assumed 'title' F:\learn\php\blog\Application\Runtime\Cache\Home\096c0501a97510b87ff0ba23b4c95a80.php 第 11 行.
NOTIC: [8] Undefined index: title F:\learn\php\blog\Application\Runtime\Cache\Home\096c0501a97510b87ff0ba23b4c95a80.php 第 11 行.
NOTIC: [8] Undefined index: review F:\learn\php\blog\Application\Runtime\Cache\Home\096c0501a97510b87ff0ba23b4c95a80.php 第 17 行.
NOTIC: [8] Use of undefined constant title - assumed 'title' F:\learn\php\blog\Application\Runtime\Cache\Home\096c0501a97510b87ff0ba23b4c95a80.php 第 11 行.
NOTIC: [8] Undefined index: review F:\learn\php\blog\Application\Runtime\Cache\Home\096c0501a97510b87ff0ba23b4c95a80.php 第 17 行.
NOTIC: [8] Undefined index: uid F:\learn\php\blog\Application\Runtime\Cache\Home\096c0501a97510b87ff0ba23b4c95a80.php 第 65 行.
NOTIC: [8] Use of undefined constant title - assumed 'title' F:\learn\php\blog\Application\Runtime\Cache\Home\096c0501a97510b87ff0ba23b4c95a80.php 第 11 行.
NOTIC: [8] Undefined index: title F:\learn\php\blog\Application\Runtime\Cache\Home\096c0501a97510b87ff0ba23b4c95a80.php 第 11 行.
NOTIC: [8] Undefined index: review F:\learn\php\blog\Application\Runtime\Cache\Home\096c0501a97510b87ff0ba23b4c95a80.php 第 17 行.
NOTIC: [8] Use of undefined constant title - assumed 'title' F:\learn\php\blog\Application\Runtime\Cache\Home\096c0501a97510b87ff0ba23b4c95a80.php 第 11 行.
NOTIC: [8] Undefined index: title F:\learn\php\blog\Application\Runtime\Cache\Home\096c0501a97510b87ff0ba23b4c95a80.php 第 11 行.
NOTIC: [8] Undefined index: review F:\learn\php\blog\Application\Runtime\Cache\Home\096c0501a97510b87ff0ba23b4c95a80.php 第 17 行.
INFO: Run Behavior\ParseTemplateBehavior [ RunTime:0.042002s ]
INFO: [ view_parse ] --END-- [ RunTime:0.042002s ]
INFO: [ view_filter ] --START--
INFO: Run Behavior\WriteHtmlCacheBehavior [ RunTime:0.000000s ]
INFO: [ view_filter ] --END-- [ RunTime:0.001000s ]
INFO: [ app_end ] --START--
INFO: Run Behavior\ShowPageTraceBehavior [ RunTime:0.000000s ]
INFO: [ app_end ] --END-- [ RunTime:0.001000s ]

[ 2016-04-07T11:25:37+08:00 ] 127.0.0.1 /index.php/Home/User/myhome.html
INFO: [ app_init ] --START--
INFO: Run Behavior\BuildLiteBehavior [ RunTime:0.000000s ]
INFO: [ app_init ] --END-- [ RunTime:0.000000s ]
INFO: [ app_begin ] --START--
INFO: Run Behavior\ReadHtmlCacheBehavior [ RunTime:0.001001s ]
INFO: [ app_begin ] --END-- [ RunTime:0.001001s ]
SQL: SELECT * FROM `blog_user` WHERE `id` = 52 LIMIT 1   [ RunTime:0.0000s ]
SQL: SELECT * FROM `blog_head_img` WHERE `uid` = 52 LIMIT 1   [ RunTime:0.0000s ]
SQL: SELECT * FROM `blog_message` WHERE `uid` = 52 AND `pid` = 0 ORDER BY addtime desc LIMIT 4   [ RunTime:0.0300s ]
SQL: SELECT * FROM `blog_user` WHERE `id` = 52 LIMIT 1   [ RunTime:0.0000s ]
SQL: SELECT * FROM `blog_user` WHERE `id` = 53 LIMIT 1   [ RunTime:0.0000s ]
INFO: [ view_parse ] --START--
INFO: [ template_filter ] --START--
INFO: Run Behavior\ContentReplaceBehavior [ RunTime:0.000000s ]
INFO: [ template_filter ] --END-- [ RunTime:0.000000s ]
INFO: Run Behavior\ParseTemplateBehavior [ RunTime:0.048002s ]
INFO: [ view_parse ] --END-- [ RunTime:0.048002s ]
INFO: [ view_filter ] --START--
INFO: Run Behavior\WriteHtmlCacheBehavior [ RunTime:0.001000s ]
INFO: [ view_filter ] --END-- [ RunTime:0.001000s ]
INFO: [ app_end ] --START--
INFO: Run Behavior\ShowPageTraceBehavior [ RunTime:0.001000s ]
INFO: [ app_end ] --END-- [ RunTime:0.001000s ]

[ 2016-04-07T11:25:38+08:00 ] 127.0.0.1 /index.php/Home/Mydong/index.html
INFO: [ app_init ] --START--
INFO: Run Behavior\BuildLiteBehavior [ RunTime:0.000000s ]
INFO: [ app_init ] --END-- [ RunTime:0.001000s ]
INFO: [ app_begin ] --START--
INFO: Run Behavior\ReadHtmlCacheBehavior [ RunTime:0.003000s ]
INFO: [ app_begin ] --END-- [ RunTime:0.003000s ]
SQL: SELECT * FROM `blog_record` WHERE `uid` = 52 ORDER BY addtime desc LIMIT 10   [ RunTime:0.0000s ]
SQL: SELECT * FROM `blog_user` WHERE `id` = 52 LIMIT 1   [ RunTime:0.0010s ]
SQL: SELECT * FROM `blog_head_img` WHERE `uid` = 52 LIMIT 1   [ RunTime:0.0010s ]
SQL: SELECT * FROM `blog_user` WHERE `id` = 52 LIMIT 1   [ RunTime:0.0010s ]
SQL: SELECT * FROM `blog_head_img` WHERE `uid` = 52 LIMIT 1   [ RunTime:0.0010s ]
SQL: SELECT * FROM `blog_user` WHERE `id` = 52 LIMIT 1   [ RunTime:0.0010s ]
SQL: SELECT * FROM `blog_head_img` WHERE `uid` = 52 LIMIT 1   [ RunTime:0.0000s ]
SQL: SELECT * FROM `blog_user` WHERE `id` = 52 LIMIT 1   [ RunTime:0.0000s ]
SQL: SELECT * FROM `blog_head_img` WHERE `uid` = 52 LIMIT 1   [ RunTime:0.0000s ]
SQL: SELECT * FROM `blog_user` WHERE `id` = 52 LIMIT 1   [ RunTime:0.0000s ]
SQL: SELECT * FROM `blog_head_img` WHERE `uid` = 52 LIMIT 1   [ RunTime:0.0010s ]
SQL: SELECT * FROM `blog_user` WHERE `id` = 52 LIMIT 1   [ RunTime:0.0000s ]
SQL: SELECT * FROM `blog_head_img` WHERE `uid` = 52 LIMIT 1   [ RunTime:0.0000s ]
SQL: SELECT * FROM `blog_user` WHERE `id` = 52 LIMIT 1   [ RunTime:0.0000s ]
SQL: SELECT * FROM `blog_head_img` WHERE `uid` = 52 LIMIT 1   [ RunTime:0.0000s ]
SQL: SELECT * FROM `blog_mood` WHERE `uid` = 52 ORDER BY addtime desc LIMIT 5   [ RunTime:0.0000s ]
NOTIC: [2048] Declaration of Home\Controller\LogController::theme() should be compatible with Think\Controller::theme($theme) F:\learn\php\blog\Application\Home\Controller\LogController.class.php 第 322 行.
NOTIC: [2] Missing argument 1 for Home\Controller\LogController::getLogCateId(), called in F:\learn\php\blog\Application\Home\Controller\MydongController.class.php on line 47 and defined F:\learn\php\blog\Application\Home\Controller\LogController.class.php 第 98 行.
NOTIC: [8] Undefined variable: data F:\learn\php\blog\Application\Home\Controller\LogController.class.php 第 99 行.
SQL: SELECT * FROM `blog_log_cate` WHERE `uid` = 52  [ RunTime:0.0000s ]
SQL: SELECT * FROM `blog_log` WHERE ( cid in (38) ) ORDER BY addtime desc LIMIT 2   [ RunTime:0.0000s ]
INFO: [ view_parse ] --START--
INFO: [ template_filter ] --START--
INFO: Run Behavior\ContentReplaceBehavior [ RunTime:0.000000s ]
INFO: [ template_filter ] --END-- [ RunTime:0.000000s ]
NOTIC: [8] Undefined index: username F:\learn\php\blog\Application\Runtime\Cache\Home\6fcc33eadbb72cc334effaf83fb52dae.php 第 12 行.
NOTIC: [8] Use of undefined constant title - assumed 'title' F:\learn\php\blog\Application\Runtime\Cache\Home\6fcc33eadbb72cc334effaf83fb52dae.php 第 12 行.
NOTIC: [8] Undefined index: review F:\learn\php\blog\Application\Runtime\Cache\Home\6fcc33eadbb72cc334effaf83fb52dae.php 第 18 行.
NOTIC: [8] Undefined index: uid F:\learn\php\blog\Application\Runtime\Cache\Home\6fcc33eadbb72cc334effaf83fb52dae.php 第 66 行.
NOTIC: [8] Undefined index: username F:\learn\php\blog\Application\Runtime\Cache\Home\6fcc33eadbb72cc334effaf83fb52dae.php 第 12 行.
NOTIC: [8] Use of undefined constant title - assumed 'title' F:\learn\php\blog\Application\Runtime\Cache\Home\6fcc33eadbb72cc334effaf83fb52dae.php 第 12 行.
NOTIC: [8] Undefined index: title F:\learn\php\blog\Application\Runtime\Cache\Home\6fcc33eadbb72cc334effaf83fb52dae.php 第 12 行.
NOTIC: [8] Undefined index: review F:\learn\php\blog\Application\Runtime\Cache\Home\6fcc33eadbb72cc334effaf83fb52dae.php 第 18 行.
NOTIC: [8] Undefined index: username F:\learn\php\blog\Application\Runtime\Cache\Home\6fcc33eadbb72cc334effaf83fb52dae.php 第 12 行.
NOTIC: [8] Use of undefined constant title - assumed 'title' F:\learn\php\blog\Application\Runtime\Cache\Home\6fcc33eadbb72cc334effaf83fb52dae.php 第 12 行.
NOTIC: [8] Undefined index: title F:\learn\php\blog\Application\Runtime\Cache\Home\6fcc33eadbb72cc334effaf83fb52dae.php 第 12 行.
NOTIC: [8] Undefined index: review F:\learn\php\blog\Application\Runtime\Cache\Home\6fcc33eadbb72cc334effaf83fb52dae.php 第 18 行.
NOTIC: [8] Undefined index: username F:\learn\php\blog\Application\Runtime\Cache\Home\6fcc33eadbb72cc334effaf83fb52dae.php 第 12 行.
NOTIC: [8] Use of undefined constant title - assumed 'title' F:\learn\php\blog\Application\Runtime\Cache\Home\6fcc33eadbb72cc334effaf83fb52dae.php 第 12 行.
NOTIC: [8] Undefined index: title F:\learn\php\blog\Application\Runtime\Cache\Home\6fcc33eadbb72cc334effaf83fb52dae.php 第 12 行.
NOTIC: [8] Undefined index: review F:\learn\php\blog\Application\Runtime\Cache\Home\6fcc33eadbb72cc334effaf83fb52dae.php 第 18 行.
NOTIC: [8] Undefined index: username F:\learn\php\blog\Application\Runtime\Cache\Home\6fcc33eadbb72cc334effaf83fb52dae.php 第 12 行.
NOTIC: [8] Use of undefined constant title - assumed 'title' F:\learn\php\blog\Application\Runtime\Cache\Home\6fcc33eadbb72cc334effaf83fb52dae.php 第 12 行.
NOTIC: [8] Undefined index: title F:\learn\php\blog\Application\Runtime\Cache\Home\6fcc33eadbb72cc334effaf83fb52dae.php 第 12 行.
NOTIC: [8] Undefined index: review F:\learn\php\blog\Application\Runtime\Cache\Home\6fcc33eadbb72cc334effaf83fb52dae.php 第 18 行.
NOTIC: [8] Undefined index: username F:\learn\php\blog\Application\Runtime\Cache\Home\6fcc33eadbb72cc334effaf83fb52dae.php 第 12 行.
NOTIC: [8] Use of undefined constant title - assumed 'title' F:\learn\php\blog\Application\Runtime\Cache\Home\6fcc33eadbb72cc334effaf83fb52dae.php 第 12 行.
NOTIC: [8] Undefined index: title F:\learn\php\blog\Application\Runtime\Cache\Home\6fcc33eadbb72cc334effaf83fb52dae.php 第 12 行.
NOTIC: [8] Undefined index: review F:\learn\php\blog\Application\Runtime\Cache\Home\6fcc33eadbb72cc334effaf83fb52dae.php 第 18 行.
INFO: Run Behavior\ParseTemplateBehavior [ RunTime:0.020001s ]
INFO: [ view_parse ] --END-- [ RunTime:0.021001s ]
INFO: [ view_filter ] --START--
INFO: Run Behavior\WriteHtmlCacheBehavior [ RunTime:0.000000s ]
INFO: [ view_filter ] --END-- [ RunTime:0.000000s ]
INFO: [ app_end ] --START--
INFO: Run Behavior\ShowPageTraceBehavior [ RunTime:0.001000s ]
INFO: [ app_end ] --END-- [ RunTime:0.001000s ]

